#
# There is insufficient memory for the Java Runtime Environment to continue.
# Native memory allocation (mmap) failed to map 112721920 bytes for committing reserved memory.
# Possible reasons:
#   The system is out of physical RAM or swap space
#   The process is running with CompressedOops enabled, and the Java Heap may be blocking the growth of the native heap
# Possible solutions:
#   Reduce memory load on the system
#   Increase physical memory or swap space
#   Check if swap backing store is full
#   Decrease Java heap size (-Xmx/-Xms)
#   Decrease number of Java threads
#   Decrease Java thread stack sizes (-Xss)
#   Set larger code cache with -XX:ReservedCodeCacheSize=
#   JVM is running with Unscaled Compressed Oops mode in which the Java heap is
#     placed in the first 4GB address space. The Java Heap base address is the
#     maximum limit for the native heap growth. Please use -XX:HeapBaseMinAddress
#     to set the Java Heap base and to place the Java Heap above 4GB virtual address.
# This output file may be truncated or incomplete.
#
#  Out of Memory Error (os_linux.cpp:2760), pid=152354, tid=152358
#
# JRE version: OpenJDK Runtime Environment Temurin-17.0.3+7 (17.0.3+7) (build 17.0.3+7)
# Java VM: OpenJDK 64-Bit Server VM Temurin-17.0.3+7 (17.0.3+7, mixed mode, tiered, compressed oops, compressed class ptrs, parallel gc, linux-amd64)
# No core dump will be written. Core dumps have been disabled. To enable core dumping, try "ulimit -c unlimited" before starting Java again
#

---------------  S U M M A R Y ------------

Command Line: --add-modules=ALL-SYSTEM --add-opens=java.base/java.util=ALL-UNNAMED --add-opens=java.base/java.lang=ALL-UNNAMED --add-opens=java.base/sun.nio.fs=ALL-UNNAMED -Declipse.application=org.eclipse.jdt.ls.core.id1 -Dosgi.bundles.defaultStartLevel=4 -Declipse.product=org.eclipse.jdt.ls.core.product -Djava.import.generatesMetadataFilesAtProjectRoot=false -Dfile.encoding=utf8 -XX:+UseParallelGC -XX:GCTimeRatio=4 -XX:AdaptiveSizePolicyWeight=90 -Dsun.zip.disableMemoryMapping=true -Xmx1G -Xms100m -javaagent:/root/.vscode-server/extensions/redhat.java-1.9.0-linux-x64/lombok/lombok-1.18.24.jar -XX:+HeapDumpOnOutOfMemoryError -XX:HeapDumpPath=/root/.vscode-server/data/User/workspaceStorage/87b4d270608ddbbab61ac7b5faf37572/redhat.java /root/.vscode-server/extensions/redhat.java-1.9.0-linux-x64/server/plugins/org.eclipse.equinox.launcher_1.6.400.v20210924-0641.jar -configuration /root/.vscode-server/data/User/globalStorage/redhat.java/1.9.0/config_linux -data /root/.vscode-server/data/User/workspaceStorage/87b4d270608ddbbab61ac7b5faf37572/redhat.java/jdt_ws

Host: Intel(R) Xeon(R) Silver 4214 CPU @ 2.20GHz, 1 cores, 1G, Ubuntu 20.04.4 LTS
Time: Wed Jul 27 03:16:01 2022 UTC elapsed time: 33.709647 seconds (0d 0h 0m 33s)

---------------  T H R E A D  ---------------

Current thread (0x00007fcfac0ed990):  VMThread "VM Thread" [stack: 0x00007fcf991fb000,0x00007fcf992fb000] [id=152358]

Stack: [0x00007fcf991fb000,0x00007fcf992fb000],  sp=0x00007fcf992f90e0,  free space=1016k
Native frames: (J=compiled Java code, j=interpreted, Vv=VM code, C=native code)
V  [libjvm.so+0xed4411]  VMError::report_and_die(int, char const*, char const*, __va_list_tag*, Thread*, unsigned char*, void*, void*, char const*, int, unsigned long)+0x1a1
V  [libjvm.so+0xed4fdd]  VMError::report_and_die(Thread*, char const*, int, unsigned long, VMErrorType, char const*, __va_list_tag*)+0x2d
V  [libjvm.so+0x602f33]  report_vm_out_of_memory(char const*, int, unsigned long, VMErrorType, char const*, ...)+0xc3
V  [libjvm.so+0xc0f489]  os::pd_commit_memory(char*, unsigned long, unsigned long, bool)+0xd9
V  [libjvm.so+0xc084ef]  os::commit_memory(char*, unsigned long, unsigned long, bool)+0x1f
V  [libjvm.so+0xc8a7ab]  PSVirtualSpace::expand_by(unsigned long)+0x4b
V  [libjvm.so+0xc78e3c]  PSOldGen::expand_by(unsigned long)+0x1c
V  [libjvm.so+0xc78f96]  PSOldGen::expand(unsigned long)+0x76
V  [libjvm.so+0xc793ed]  PSOldGen::resize(unsigned long)+0x13d
V  [libjvm.so+0xc7fbce]  PSParallelCompact::invoke_no_policy(bool) [clone .part.0]+0x6de
V  [libjvm.so+0xc8853f]  PSScavenge::invoke()+0x13f
V  [libjvm.so+0xc2f72a]  ParallelScavengeHeap::failed_mem_allocate(unsigned long)+0x2a
V  [libjvm.so+0xc8a5cb]  VM_ParallelGCFailedAllocation::doit()+0x4b
V  [libjvm.so+0xed993a]  VM_Operation::evaluate()+0xea
V  [libjvm.so+0xedb2e3]  VMThread::evaluate_operation(VM_Operation*)+0x103
V  [libjvm.so+0xedb834]  VMThread::inner_execute(VM_Operation*)+0x1d4
V  [libjvm.so+0xedbb1f]  VMThread::run()+0xbf
V  [libjvm.so+0xe5805e]  Thread::call_run()+0xde
V  [libjvm.so+0xc120f1]  thread_native_entry(Thread*)+0xe1

VM_Operation (0x00007fcf79ffd9f0): ParallelGCFailedAllocation, mode: safepoint, requested by thread 0x0000561111101e10


---------------  P R O C E S S  ---------------

Threads class SMR info:
_java_thread_list=0x00005611109cd1d0, length=28, elements={
0x00007fcfac025b20, 0x00007fcfac0fdb40, 0x00007fcfac0ff0b0, 0x00007fcfac125dd0,
0x00007fcfac129740, 0x00007fcfac12a630, 0x00007fcfac12bc80, 0x00007fcfac12d130,
0x00007fcfac12e570, 0x00007fcfac183d90, 0x00007fcfac2434b0, 0x00007fcfac2f3720,
0x00007fcfac3e6eb0, 0x00007fcfac40eab0, 0x00007fcfac411d10, 0x000056111035d350,
0x000056111060ed70, 0x00005611106931b0, 0x00007fcf84001ee0, 0x00007fcf8400afd0,
0x00007fcf8c004c20, 0x0000561111101e10, 0x00007fcfac479c00, 0x00007fcfac5530d0,
0x00007fcf9401ef90, 0x00007fcf7c001ed0, 0x00007fcf9033ec80, 0x00007fcf881668d0
}

Java Threads: ( => current thread )
  0x00007fcfac025b20 JavaThread "main" [_thread_blocked, id=152355, stack(0x00007fcfb28b9000,0x00007fcfb29ba000)]
  0x00007fcfac0fdb40 JavaThread "Reference Handler" daemon [_thread_blocked, id=152359, stack(0x00007fcf990f8000,0x00007fcf991f9000)]
  0x00007fcfac0ff0b0 JavaThread "Finalizer" daemon [_thread_blocked, id=152360, stack(0x00007fcf98ff7000,0x00007fcf990f8000)]
  0x00007fcfac125dd0 JavaThread "Signal Dispatcher" daemon [_thread_blocked, id=152361, stack(0x00007fcf98ef6000,0x00007fcf98ff7000)]
  0x00007fcfac129740 JavaThread "Service Thread" daemon [_thread_blocked, id=152362, stack(0x00007fcf98df5000,0x00007fcf98ef6000)]
  0x00007fcfac12a630 JavaThread "Monitor Deflation Thread" daemon [_thread_blocked, id=152363, stack(0x00007fcf98cf4000,0x00007fcf98df5000)]
  0x00007fcfac12bc80 JavaThread "C2 CompilerThread0" daemon [_thread_blocked, id=152364, stack(0x00007fcf98bf3000,0x00007fcf98cf4000)]
  0x00007fcfac12d130 JavaThread "C1 CompilerThread0" daemon [_thread_blocked, id=152365, stack(0x00007fcf98af2000,0x00007fcf98bf3000)]
  0x00007fcfac12e570 JavaThread "Sweeper thread" daemon [_thread_blocked, id=152366, stack(0x00007fcf989f1000,0x00007fcf98af2000)]
  0x00007fcfac183d90 JavaThread "Common-Cleaner" daemon [_thread_blocked, id=152367, stack(0x00007fcf988f0000,0x00007fcf989f1000)]
  0x00007fcfac2434b0 JavaThread "Notification Thread" daemon [_thread_blocked, id=152368, stack(0x00007fcf987ef000,0x00007fcf988f0000)]
  0x00007fcfac2f3720 JavaThread "process reaper" daemon [_thread_blocked, id=152372, stack(0x00007fcfb0070000,0x00007fcfb0092000)]
  0x00007fcfac3e6eb0 JavaThread "Active Thread: Equinox Container: 7c84fb4e-4160-4053-a282-e67e8aa6b327" [_thread_blocked, id=152383, stack(0x00007fcf985ec000,0x00007fcf986ed000)]
  0x00007fcfac40eab0 JavaThread "Framework Event Dispatcher: Equinox Container: 7c84fb4e-4160-4053-a282-e67e8aa6b327" daemon [_thread_blocked, id=152385, stack(0x00007fcf984eb000,0x00007fcf985ec000)]
  0x00007fcfac411d10 JavaThread "Start Level: Equinox Container: 7c84fb4e-4160-4053-a282-e67e8aa6b327" daemon [_thread_blocked, id=152386, stack(0x00007fcf983ea000,0x00007fcf984eb000)]
  0x000056111035d350 JavaThread "SCR Component Actor" daemon [_thread_blocked, id=152387, stack(0x00007fcf980d7000,0x00007fcf981d8000)]
  0x000056111060ed70 JavaThread "Worker-JM" [_thread_blocked, id=152405, stack(0x00007fcf7b5fe000,0x00007fcf7b6ff000)]
  0x00005611106931b0 JavaThread "Worker-0" [_thread_blocked, id=152407, stack(0x00007fcf7b4fd000,0x00007fcf7b5fe000)]
  0x00007fcf84001ee0 JavaThread "Worker-1" [_thread_blocked, id=152408, stack(0x00007fcf7aaff000,0x00007fcf7ac00000)]
  0x00007fcf8400afd0 JavaThread "Worker-2" [_thread_blocked, id=152411, stack(0x00007fcf7a9fe000,0x00007fcf7aaff000)]
  0x00007fcf8c004c20 JavaThread "Worker-3" [_thread_blocked, id=152412, stack(0x00007fcf7a8fd000,0x00007fcf7a9fe000)]
  0x0000561111101e10 JavaThread "Java indexing" daemon [_thread_blocked, id=152413, stack(0x00007fcf79eff000,0x00007fcf7a000000)]
  0x00007fcfac479c00 JavaThread "pool-2-thread-1" [_thread_blocked, id=152414, stack(0x00007fcf79bf6000,0x00007fcf79cf7000)]
  0x00007fcfac5530d0 JavaThread "pool-1-thread-1" [_thread_in_native, id=152417, stack(0x00007fcf79dfe000,0x00007fcf79eff000)]
  0x00007fcf9401ef90 JavaThread "Worker-4" [_thread_blocked, id=152418, stack(0x00007fcf7b6ff000,0x00007fcf7b800000)]
  0x00007fcf7c001ed0 JavaThread "Worker-5" [_thread_blocked, id=152437, stack(0x00007fcf79cfd000,0x00007fcf79dfe000)]
  0x00007fcf9033ec80 JavaThread "Bundle File Closer" daemon [_thread_blocked, id=152489, stack(0x00007fcf6f9fe000,0x00007fcf6faff000)]
  0x00007fcf881668d0 JavaThread "Attach Listener" daemon [_thread_blocked, id=152518, stack(0x00007fcf796f1000,0x00007fcf797f2000)]

Other Threads:
=>0x00007fcfac0ed990 VMThread "VM Thread" [stack: 0x00007fcf991fb000,0x00007fcf992fb000] [id=152358]
  0x00007fcfac0700e0 WatcherThread [stack: 0x00007fcf986ef000,0x00007fcf987ef000] [id=152369]
  0x00007fcfac03c860 GCTaskThread "GC Thread#0" [stack: 0x00007fcfb2364000,0x00007fcfb2464000] [id=152357]

Threads with active compile tasks:
C2 CompilerThread0    33749 5745       4       org.objectweb.asm.ClassReader::readMethod (1066 bytes)

VM state: at safepoint (normal execution)

VM Mutex/Monitor currently owned by a thread:  ([mutex/lock_event])
[0x00007fcfac021b60] ExpandHeap_lock - owner thread: 0x00007fcfac0ed990
[0x00007fcfac022260] Threads_lock - owner thread: 0x00007fcfac0ed990
[0x00007fcfac022a10] Heap_lock - owner thread: 0x0000561111101e10

Heap address: 0x00000000c0000000, size: 1024 MB, Compressed Oops mode: 32-bit

CDS archive(s) not mapped
Compressed class space mapped at: 0x0000000100000000-0x0000000140000000, reserved size: 1073741824
Narrow klass base: 0x0000000000000000, Narrow klass shift: 3, Narrow klass range: 0x140000000

GC Precious Log:
 CPUs: 1 total, 1 available
 Memory: 1024M
 Large Page Support: Disabled
 NUMA Support: Disabled
 Compressed Oops: Enabled (32-bit)
 Alignments: Space 512K, Generation 512K, Heap 2M
 Heap Min Capacity: 100M
 Heap Initial Capacity: 100M
 Heap Max Capacity: 1G
 Pre-touch: Disabled
 Parallel Workers: 1

Heap:
 PSYoungGen      total 96256K, used 0K [0x00000000eab00000, 0x00000000f2f00000, 0x0000000100000000)
  eden space 62464K, 0% used [0x00000000eab00000,0x00000000eab00000,0x00000000ee800000)
  from space 33792K, 0% used [0x00000000f0e00000,0x00000000f0e00000,0x00000000f2f00000)
  to   space 14848K, 0% used [0x00000000ee800000,0x00000000ee800000,0x00000000ef680000)
 ParOldGen       total 213504K, used 206286K [0x00000000c0000000, 0x00000000cd080000, 0x00000000eab00000)
  object space 213504K, 96% used [0x00000000c0000000,0x00000000cc973ae8,0x00000000cd080000)
 Metaspace       used 58878K, committed 59840K, reserved 1105920K
  class space    used 6284K, committed 6656K, reserved 1048576K

Card table byte_map: [0x00007fcfb2464000,0x00007fcfb2665000] _byte_map_base: 0x00007fcfb1e64000

Marking Bits: (ParMarkBitMap*) 0x00007fcfb3e244e0
 Begin Bits: [0x00007fcfb020c000, 0x00007fcfb120c000)
 End Bits:   [0x00007fcfb120c000, 0x00007fcfb220c000)

Polling page: 0x00007fcfb409e000

Metaspace:

Usage:
  Non-class:     51.36 MB used.
      Class:      6.14 MB used.
       Both:     57.50 MB used.

Virtual space:
  Non-class space:       56.00 MB reserved,      51.94 MB ( 93%) committed,  7 nodes.
      Class space:        1.00 GB reserved,       6.50 MB ( <1%) committed,  1 nodes.
             Both:        1.05 GB reserved,      58.44 MB (  5%) committed. 

Chunk freelists:
   Non-Class:  3.88 MB
       Class:  1.51 MB
        Both:  5.38 MB

MaxMetaspaceSize: unlimited
CompressedClassSpaceSize: 1.00 GB
Initial GC threshold: 21.00 MB
Current GC threshold: 84.50 MB
CDS: off
MetaspaceReclaimPolicy: balanced
 - commit_granule_bytes: 65536.
 - commit_granule_words: 8192.
 - virtual_space_node_default_size: 1048576.
 - enlarge_chunks_in_place: 1.
 - new_chunks_are_fully_committed: 0.
 - uncommit_free_chunks: 1.
 - use_allocation_guard: 0.
 - handle_deallocations: 1.


Internal statistics:

num_allocs_failed_limit: 8.
num_arena_births: 406.
num_arena_deaths: 14.
num_vsnodes_births: 8.
num_vsnodes_deaths: 0.
num_space_committed: 935.
num_space_uncommitted: 0.
num_chunks_returned_to_freelist: 22.
num_chunks_taken_from_freelist: 2570.
num_chunk_merges: 12.
num_chunk_splits: 1681.
num_chunks_enlarged: 1086.
num_purges: 2.
num_inconsistent_stats: 0.

CodeHeap 'non-profiled nmethods': size=120036Kb used=1902Kb max_used=1902Kb free=118133Kb
 bounds [0x00007fcfa1eb9000, 0x00007fcfa2129000, 0x00007fcfa93f2000]
CodeHeap 'profiled nmethods': size=120032Kb used=11832Kb max_used=11832Kb free=108199Kb
 bounds [0x00007fcf9a981000, 0x00007fcf9b511000, 0x00007fcfa1eb9000]
CodeHeap 'non-nmethods': size=5692Kb used=1331Kb max_used=1364Kb free=4360Kb
 bounds [0x00007fcf9a3f2000, 0x00007fcf9a662000, 0x00007fcf9a981000]
 total_blobs=6559 nmethods=5894 adapters=580
 compilation: enabled
              stopped_count=0, restarted_count=0
 full_count=0

Compilation events (20 events):
Event: 32.031 Thread 0x00007fcfac12d130 6024 %     3       org.eclipse.core.runtime.Path::toOSString @ 113 (227 bytes)
Event: 32.032 Thread 0x00007fcfac12d130 nmethod 6024% 0x00007fcf9b504990 code [0x00007fcf9b504c00, 0x00007fcf9b505760]
Event: 32.032 Thread 0x00007fcfac12d130 6023       2       org.eclipse.core.runtime.Path::isValidSegment (62 bytes)
Event: 32.032 Thread 0x00007fcfac12d130 nmethod 6023 0x00007fcf9b505d10 code [0x00007fcf9b505ee0, 0x00007fcf9b5062f0]
Event: 32.032 Thread 0x00007fcfac12d130 6027       2       java.io.FileOutputStream::write (20 bytes)
Event: 32.032 Thread 0x00007fcfac12d130 nmethod 6027 0x00007fcf9b506610 code [0x00007fcf9b5067c0, 0x00007fcf9b5068e0]
Event: 32.032 Thread 0x00007fcfac12d130 6026       2       org.eclipse.core.runtime.Path::isUNC (22 bytes)
Event: 32.032 Thread 0x00007fcfac12d130 nmethod 6026 0x00007fcf9b506a10 code [0x00007fcf9b506bc0, 0x00007fcf9b506d30]
Event: 32.032 Thread 0x00007fcfac12d130 6025       2       org.eclipse.core.runtime.Path::makeUNC (57 bytes)
Event: 32.033 Thread 0x00007fcfac12d130 nmethod 6025 0x00007fcf9b506e10 code [0x00007fcf9b506fc0, 0x00007fcf9b507240]
Event: 32.096 Thread 0x00007fcfac12d130 6028 % !   3       java.nio.channels.Channels$ReadableByteChannelImpl::read @ 33 (195 bytes)
Event: 32.097 Thread 0x00007fcfac12d130 nmethod 6028% 0x00007fcf9b507390 code [0x00007fcf9b507620, 0x00007fcf9b508460]
Event: 32.098 Thread 0x00007fcfac12d130 6029   !   3       java.nio.channels.Channels$ReadableByteChannelImpl::read (195 bytes)
Event: 32.098 Thread 0x00007fcfac12d130 nmethod 6029 0x00007fcf9b508a90 code [0x00007fcf9b508d00, 0x00007fcf9b509a20]
Event: 32.774 Thread 0x00007fcfac12d130 6033 %     3       org.eclipse.jdt.internal.core.util.Util::indexOfJavaLikeExtension @ 18 (112 bytes)
Event: 32.775 Thread 0x00007fcfac12d130 nmethod 6033% 0x00007fcf9b509f90 code [0x00007fcf9b50a260, 0x00007fcf9b50b340]
Event: 32.775 Thread 0x00007fcfac12d130 6034       3       org.eclipse.jdt.internal.core.util.Util::indexOfJavaLikeExtension (112 bytes)
Event: 32.777 Thread 0x00007fcfac12d130 nmethod 6034 0x00007fcf9b50bb10 code [0x00007fcf9b50bdc0, 0x00007fcf9b50ccc0]
Event: 32.929 Thread 0x00007fcfac12d130 6036       3       org.eclipse.jdt.internal.core.search.indexing.AbstractIndexer::addInterfaceDeclaration (79 bytes)
Event: 32.930 Thread 0x00007fcfac12d130 nmethod 6036 0x00007fcf9b50d390 code [0x00007fcf9b50d660, 0x00007fcf9b50e8e0]

GC Heap History (20 events):
Event: 27.714 GC heap after
{Heap after GC invocations=46 (full 5):
 PSYoungGen      total 48128K, used 6235K [0x00000000eab00000, 0x00000000ee600000, 0x0000000100000000)
  eden space 41472K, 0% used [0x00000000eab00000,0x00000000eab00000,0x00000000ed380000)
  from space 6656K, 93% used [0x00000000edf80000,0x00000000ee596e08,0x00000000ee600000)
  to   space 9216K, 0% used [0x00000000ed400000,0x00000000ed400000,0x00000000edd00000)
 ParOldGen       total 213504K, used 125343K [0x00000000c0000000, 0x00000000cd080000, 0x00000000eab00000)
  object space 213504K, 58% used [0x00000000c0000000,0x00000000c7a67c80,0x00000000cd080000)
 Metaspace       used 51857K, committed 52736K, reserved 1097728K
  class space    used 5619K, committed 5952K, reserved 1048576K
}
Event: 28.051 GC heap before
{Heap before GC invocations=47 (full 5):
 PSYoungGen      total 48128K, used 47707K [0x00000000eab00000, 0x00000000ee600000, 0x0000000100000000)
  eden space 41472K, 100% used [0x00000000eab00000,0x00000000ed380000,0x00000000ed380000)
  from space 6656K, 93% used [0x00000000edf80000,0x00000000ee596e08,0x00000000ee600000)
  to   space 9216K, 0% used [0x00000000ed400000,0x00000000ed400000,0x00000000edd00000)
 ParOldGen       total 213504K, used 125343K [0x00000000c0000000, 0x00000000cd080000, 0x00000000eab00000)
  object space 213504K, 58% used [0x00000000c0000000,0x00000000c7a67c80,0x00000000cd080000)
 Metaspace       used 52605K, committed 53568K, reserved 1097728K
  class space    used 5711K, committed 6080K, reserved 1048576K
}
Event: 28.079 GC heap after
{Heap after GC invocations=47 (full 5):
 PSYoungGen      total 51200K, used 9204K [0x00000000eab00000, 0x00000000ef600000, 0x0000000100000000)
  eden space 41984K, 0% used [0x00000000eab00000,0x00000000eab00000,0x00000000ed400000)
  from space 9216K, 99% used [0x00000000ed400000,0x00000000edcfd280,0x00000000edd00000)
  to   space 15872K, 0% used [0x00000000ee680000,0x00000000ee680000,0x00000000ef600000)
 ParOldGen       total 213504K, used 130433K [0x00000000c0000000, 0x00000000cd080000, 0x00000000eab00000)
  object space 213504K, 61% used [0x00000000c0000000,0x00000000c7f607e0,0x00000000cd080000)
 Metaspace       used 52605K, committed 53568K, reserved 1097728K
  class space    used 5711K, committed 6080K, reserved 1048576K
}
Event: 28.477 GC heap before
{Heap before GC invocations=48 (full 5):
 PSYoungGen      total 51200K, used 51188K [0x00000000eab00000, 0x00000000ef600000, 0x0000000100000000)
  eden space 41984K, 100% used [0x00000000eab00000,0x00000000ed400000,0x00000000ed400000)
  from space 9216K, 99% used [0x00000000ed400000,0x00000000edcfd280,0x00000000edd00000)
  to   space 15872K, 0% used [0x00000000ee680000,0x00000000ee680000,0x00000000ef600000)
 ParOldGen       total 213504K, used 130433K [0x00000000c0000000, 0x00000000cd080000, 0x00000000eab00000)
  object space 213504K, 61% used [0x00000000c0000000,0x00000000c7f607e0,0x00000000cd080000)
 Metaspace       used 53476K, committed 54400K, reserved 1097728K
  class space    used 5816K, committed 6208K, reserved 1048576K
}
Event: 28.530 GC heap after
{Heap after GC invocations=48 (full 5):
 PSYoungGen      total 54784K, used 9099K [0x00000000eab00000, 0x00000000eef80000, 0x0000000100000000)
  eden space 45568K, 0% used [0x00000000eab00000,0x00000000eab00000,0x00000000ed780000)
  from space 9216K, 98% used [0x00000000ee680000,0x00000000eef62ef0,0x00000000eef80000)
  to   space 11264K, 0% used [0x00000000ed980000,0x00000000ed980000,0x00000000ee480000)
 ParOldGen       total 213504K, used 139582K [0x00000000c0000000, 0x00000000cd080000, 0x00000000eab00000)
  object space 213504K, 65% used [0x00000000c0000000,0x00000000c884fa58,0x00000000cd080000)
 Metaspace       used 53476K, committed 54400K, reserved 1097728K
  class space    used 5816K, committed 6208K, reserved 1048576K
}
Event: 28.846 GC heap before
{Heap before GC invocations=49 (full 5):
 PSYoungGen      total 54784K, used 54667K [0x00000000eab00000, 0x00000000eef80000, 0x0000000100000000)
  eden space 45568K, 100% used [0x00000000eab00000,0x00000000ed780000,0x00000000ed780000)
  from space 9216K, 98% used [0x00000000ee680000,0x00000000eef62ef0,0x00000000eef80000)
  to   space 11264K, 0% used [0x00000000ed980000,0x00000000ed980000,0x00000000ee480000)
 ParOldGen       total 213504K, used 139582K [0x00000000c0000000, 0x00000000cd080000, 0x00000000eab00000)
  object space 213504K, 65% used [0x00000000c0000000,0x00000000c884fa58,0x00000000cd080000)
 Metaspace       used 54083K, committed 55104K, reserved 1097728K
  class space    used 5856K, committed 6272K, reserved 1048576K
}
Event: 28.867 GC heap after
{Heap after GC invocations=49 (full 5):
 PSYoungGen      total 58880K, used 11232K [0x00000000eab00000, 0x00000000ef600000, 0x0000000100000000)
  eden space 47616K, 0% used [0x00000000eab00000,0x00000000eab00000,0x00000000ed980000)
  from space 11264K, 99% used [0x00000000ed980000,0x00000000ee478300,0x00000000ee480000)
  to   space 13824K, 0% used [0x00000000ee880000,0x00000000ee880000,0x00000000ef600000)
 ParOldGen       total 213504K, used 141356K [0x00000000c0000000, 0x00000000cd080000, 0x00000000eab00000)
  object space 213504K, 66% used [0x00000000c0000000,0x00000000c8a0b0f0,0x00000000cd080000)
 Metaspace       used 54083K, committed 55104K, reserved 1097728K
  class space    used 5856K, committed 6272K, reserved 1048576K
}
Event: 29.226 GC heap before
{Heap before GC invocations=50 (full 5):
 PSYoungGen      total 58880K, used 58848K [0x00000000eab00000, 0x00000000ef600000, 0x0000000100000000)
  eden space 47616K, 100% used [0x00000000eab00000,0x00000000ed980000,0x00000000ed980000)
  from space 11264K, 99% used [0x00000000ed980000,0x00000000ee478300,0x00000000ee480000)
  to   space 13824K, 0% used [0x00000000ee880000,0x00000000ee880000,0x00000000ef600000)
 ParOldGen       total 213504K, used 141356K [0x00000000c0000000, 0x00000000cd080000, 0x00000000eab00000)
  object space 213504K, 66% used [0x00000000c0000000,0x00000000c8a0b0f0,0x00000000cd080000)
 Metaspace       used 54208K, committed 55168K, reserved 1105920K
  class space    used 5871K, committed 6272K, reserved 1048576K
}
Event: 29.284 GC heap after
{Heap after GC invocations=50 (full 5):
 PSYoungGen      total 57856K, used 6481K [0x00000000eab00000, 0x00000000eef00000, 0x0000000100000000)
  eden space 51200K, 0% used [0x00000000eab00000,0x00000000eab00000,0x00000000edd00000)
  from space 6656K, 97% used [0x00000000ee880000,0x00000000eeed4630,0x00000000eef00000)
  to   space 9216K, 0% used [0x00000000edd00000,0x00000000edd00000,0x00000000ee600000)
 ParOldGen       total 213504K, used 152532K [0x00000000c0000000, 0x00000000cd080000, 0x00000000eab00000)
  object space 213504K, 71% used [0x00000000c0000000,0x00000000c94f5118,0x00000000cd080000)
 Metaspace       used 54208K, committed 55168K, reserved 1105920K
  class space    used 5871K, committed 6272K, reserved 1048576K
}
Event: 29.814 GC heap before
{Heap before GC invocations=51 (full 5):
 PSYoungGen      total 57856K, used 57681K [0x00000000eab00000, 0x00000000eef00000, 0x0000000100000000)
  eden space 51200K, 100% used [0x00000000eab00000,0x00000000edd00000,0x00000000edd00000)
  from space 6656K, 97% used [0x00000000ee880000,0x00000000eeed4630,0x00000000eef00000)
  to   space 9216K, 0% used [0x00000000edd00000,0x00000000edd00000,0x00000000ee600000)
 ParOldGen       total 213504K, used 152532K [0x00000000c0000000, 0x00000000cd080000, 0x00000000eab00000)
  object space 213504K, 71% used [0x00000000c0000000,0x00000000c94f5118,0x00000000cd080000)
 Metaspace       used 54292K, committed 55232K, reserved 1105920K
  class space    used 5879K, committed 6272K, reserved 1048576K
}
Event: 29.872 GC heap after
{Heap after GC invocations=51 (full 5):
 PSYoungGen      total 60416K, used 9195K [0x00000000eab00000, 0x00000000efd80000, 0x0000000100000000)
  eden space 51200K, 0% used [0x00000000eab00000,0x00000000eab00000,0x00000000edd00000)
  from space 9216K, 99% used [0x00000000edd00000,0x00000000ee5faf78,0x00000000ee600000)
  to   space 14848K, 0% used [0x00000000eef00000,0x00000000eef00000,0x00000000efd80000)
 ParOldGen       total 213504K, used 156819K [0x00000000c0000000, 0x00000000cd080000, 0x00000000eab00000)
  object space 213504K, 73% used [0x00000000c0000000,0x00000000c9924c98,0x00000000cd080000)
 Metaspace       used 54292K, committed 55232K, reserved 1105920K
  class space    used 5879K, committed 6272K, reserved 1048576K
}
Event: 30.423 GC heap before
{Heap before GC invocations=52 (full 5):
 PSYoungGen      total 60416K, used 60395K [0x00000000eab00000, 0x00000000efd80000, 0x0000000100000000)
  eden space 51200K, 100% used [0x00000000eab00000,0x00000000edd00000,0x00000000edd00000)
  from space 9216K, 99% used [0x00000000edd00000,0x00000000ee5faf78,0x00000000ee600000)
  to   space 14848K, 0% used [0x00000000eef00000,0x00000000eef00000,0x00000000efd80000)
 ParOldGen       total 213504K, used 156819K [0x00000000c0000000, 0x00000000cd080000, 0x00000000eab00000)
  object space 213504K, 73% used [0x00000000c0000000,0x00000000c9924c98,0x00000000cd080000)
 Metaspace       used 55811K, committed 56832K, reserved 1105920K
  class space    used 6025K, committed 6464K, reserved 1048576K
}
Event: 30.574 GC heap after
{Heap after GC invocations=52 (full 5):
 PSYoungGen      total 62976K, used 7289K [0x00000000eab00000, 0x00000000ef680000, 0x0000000100000000)
  eden space 55296K, 0% used [0x00000000eab00000,0x00000000eab00000,0x00000000ee100000)
  from space 7680K, 94% used [0x00000000eef00000,0x00000000ef61e5c0,0x00000000ef680000)
  to   space 9728K, 0% used [0x00000000ee380000,0x00000000ee380000,0x00000000eed00000)
 ParOldGen       total 213504K, used 165835K [0x00000000c0000000, 0x00000000cd080000, 0x00000000eab00000)
  object space 213504K, 77% used [0x00000000c0000000,0x00000000ca1f2d80,0x00000000cd080000)
 Metaspace       used 55811K, committed 56832K, reserved 1105920K
  class space    used 6025K, committed 6464K, reserved 1048576K
}
Event: 31.605 GC heap before
{Heap before GC invocations=53 (full 5):
 PSYoungGen      total 62976K, used 62585K [0x00000000eab00000, 0x00000000ef680000, 0x0000000100000000)
  eden space 55296K, 100% used [0x00000000eab00000,0x00000000ee100000,0x00000000ee100000)
  from space 7680K, 94% used [0x00000000eef00000,0x00000000ef61e5c0,0x00000000ef680000)
  to   space 9728K, 0% used [0x00000000ee380000,0x00000000ee380000,0x00000000eed00000)
 ParOldGen       total 213504K, used 165835K [0x00000000c0000000, 0x00000000cd080000, 0x00000000eab00000)
  object space 213504K, 77% used [0x00000000c0000000,0x00000000ca1f2d80,0x00000000cd080000)
 Metaspace       used 58127K, committed 59072K, reserved 1105920K
  class space    used 6204K, committed 6592K, reserved 1048576K
}
Event: 31.669 GC heap after
{Heap after GC invocations=53 (full 5):
 PSYoungGen      total 67584K, used 9699K [0x00000000eab00000, 0x00000000f0b00000, 0x0000000100000000)
  eden space 57856K, 0% used [0x00000000eab00000,0x00000000eab00000,0x00000000ee380000)
  from space 9728K, 99% used [0x00000000ee380000,0x00000000eecf8c70,0x00000000eed00000)
  to   space 19456K, 0% used [0x00000000ef800000,0x00000000ef800000,0x00000000f0b00000)
 ParOldGen       total 213504K, used 173682K [0x00000000c0000000, 0x00000000cd080000, 0x00000000eab00000)
  object space 213504K, 81% used [0x00000000c0000000,0x00000000ca99c810,0x00000000cd080000)
 Metaspace       used 58127K, committed 59072K, reserved 1105920K
  class space    used 6204K, committed 6592K, reserved 1048576K
}
Event: 32.283 GC heap before
{Heap before GC invocations=54 (full 5):
 PSYoungGen      total 67584K, used 67555K [0x00000000eab00000, 0x00000000f0b00000, 0x0000000100000000)
  eden space 57856K, 100% used [0x00000000eab00000,0x00000000ee380000,0x00000000ee380000)
  from space 9728K, 99% used [0x00000000ee380000,0x00000000eecf8c70,0x00000000eed00000)
  to   space 19456K, 0% used [0x00000000ef800000,0x00000000ef800000,0x00000000f0b00000)
 ParOldGen       total 213504K, used 173682K [0x00000000c0000000, 0x00000000cd080000, 0x00000000eab00000)
  object space 213504K, 81% used [0x00000000c0000000,0x00000000ca99c810,0x00000000cd080000)
 Metaspace       used 58878K, committed 59840K, reserved 1105920K
  class space    used 6284K, committed 6656K, reserved 1048576K
}
Event: 32.431 GC heap after
{Heap after GC invocations=54 (full 5):
 PSYoungGen      total 75776K, used 13296K [0x00000000eab00000, 0x00000000f0500000, 0x0000000100000000)
  eden space 62464K, 0% used [0x00000000eab00000,0x00000000eab00000,0x00000000ee800000)
  from space 13312K, 99% used [0x00000000ef800000,0x00000000f04fc0c0,0x00000000f0500000)
  to   space 14848K, 0% used [0x00000000ee800000,0x00000000ee800000,0x00000000ef680000)
 ParOldGen       total 213504K, used 183187K [0x00000000c0000000, 0x00000000cd080000, 0x00000000eab00000)
  object space 213504K, 85% used [0x00000000c0000000,0x00000000cb2e4d00,0x00000000cd080000)
 Metaspace       used 58878K, committed 59840K, reserved 1105920K
  class space    used 6284K, committed 6656K, reserved 1048576K
}
Event: 32.949 GC heap before
{Heap before GC invocations=55 (full 5):
 PSYoungGen      total 75776K, used 75760K [0x00000000eab00000, 0x00000000f0500000, 0x0000000100000000)
  eden space 62464K, 100% used [0x00000000eab00000,0x00000000ee800000,0x00000000ee800000)
  from space 13312K, 99% used [0x00000000ef800000,0x00000000f04fc0c0,0x00000000f0500000)
  to   space 14848K, 0% used [0x00000000ee800000,0x00000000ee800000,0x00000000ef680000)
 ParOldGen       total 213504K, used 183187K [0x00000000c0000000, 0x00000000cd080000, 0x00000000eab00000)
  object space 213504K, 85% used [0x00000000c0000000,0x00000000cb2e4d00,0x00000000cd080000)
 Metaspace       used 58878K, committed 59840K, reserved 1105920K
  class space    used 6284K, committed 6656K, reserved 1048576K
}
Event: 33.074 GC heap after
{Heap after GC invocations=55 (full 5):
 PSYoungGen      total 77312K, used 14831K [0x00000000eab00000, 0x00000000f2f00000, 0x0000000100000000)
  eden space 62464K, 0% used [0x00000000eab00000,0x00000000eab00000,0x00000000ee800000)
  from space 14848K, 99% used [0x00000000ee800000,0x00000000ef67bc28,0x00000000ef680000)
  to   space 33792K, 0% used [0x00000000f0e00000,0x00000000f0e00000,0x00000000f2f00000)
 ParOldGen       total 213504K, used 198770K [0x00000000c0000000, 0x00000000cd080000, 0x00000000eab00000)
  object space 213504K, 93% used [0x00000000c0000000,0x00000000cc21cb18,0x00000000cd080000)
 Metaspace       used 58878K, committed 59840K, reserved 1105920K
  class space    used 6284K, committed 6656K, reserved 1048576K
}
Event: 33.074 GC heap before
{Heap before GC invocations=56 (full 6):
 PSYoungGen      total 77312K, used 14831K [0x00000000eab00000, 0x00000000f2f00000, 0x0000000100000000)
  eden space 62464K, 0% used [0x00000000eab00000,0x00000000eab00000,0x00000000ee800000)
  from space 14848K, 99% used [0x00000000ee800000,0x00000000ef67bc28,0x00000000ef680000)
  to   space 33792K, 0% used [0x00000000f0e00000,0x00000000f0e00000,0x00000000f2f00000)
 ParOldGen       total 213504K, used 198770K [0x00000000c0000000, 0x00000000cd080000, 0x00000000eab00000)
  object space 213504K, 93% used [0x00000000c0000000,0x00000000cc21cb18,0x00000000cd080000)
 Metaspace       used 58878K, committed 59840K, reserved 1105920K
  class space    used 6284K, committed 6656K, reserved 1048576K
}

Deoptimization events (20 events):
Event: 31.761 Thread 0x00007fcf80807160 DEOPT PACKING pc=0x00007fcf9b14ecee sp=0x00007fcf79af2a10
Event: 31.762 Thread 0x00007fcf80807160 DEOPT UNPACKING pc=0x00007fcf9a4480cf sp=0x00007fcf79af1ec0 mode 0
Event: 31.788 Thread 0x00007fcf80807160 DEOPT PACKING pc=0x00007fcf9b4c969d sp=0x00007fcf79af2880
Event: 31.788 Thread 0x00007fcf80807160 DEOPT UNPACKING pc=0x00007fcf9a4480cf sp=0x00007fcf79af1d28 mode 0
Event: 31.919 Thread 0x00007fcf804301d0 DEOPT PACKING pc=0x00007fcf9b14ecee sp=0x00007fcf79bf3450
Event: 31.919 Thread 0x00007fcf804301d0 DEOPT UNPACKING pc=0x00007fcf9a4480cf sp=0x00007fcf79bf2900 mode 0
Event: 31.925 Thread 0x00007fcf80807160 Uncommon trap: trap_request=0xffffffc6 fr.pc=0x00007fcfa1fdb580 relative=0x0000000000000d40
Event: 31.925 Thread 0x00007fcf80807160 Uncommon trap: reason=bimorphic_or_optimized_type_check action=maybe_recompile pc=0x00007fcfa1fdb580 method=java.util.HashMap.putVal(ILjava/lang/Object;Ljava/lang/Object;ZZ)Ljava/lang/Object; @ 56 c2
Event: 31.925 Thread 0x00007fcf80807160 DEOPT PACKING pc=0x00007fcfa1fdb580 sp=0x00007fcf79af3440
Event: 31.925 Thread 0x00007fcf80807160 DEOPT UNPACKING pc=0x00007fcf9a447599 sp=0x00007fcf79af33b8 mode 2
Event: 31.925 Thread 0x00007fcf80807160 Uncommon trap: trap_request=0xffffffde fr.pc=0x00007fcfa1fb6a0c relative=0x000000000000006c
Event: 31.925 Thread 0x00007fcf80807160 Uncommon trap: reason=class_check action=maybe_recompile pc=0x00007fcfa1fb6a0c method=java.util.LinkedHashMap.afterNodeInsertion(Z)V @ 15 c2
Event: 31.925 Thread 0x00007fcf80807160 DEOPT PACKING pc=0x00007fcfa1fb6a0c sp=0x00007fcf79af33b0
Event: 31.925 Thread 0x00007fcf80807160 DEOPT UNPACKING pc=0x00007fcf9a447599 sp=0x00007fcf79af3358 mode 2
Event: 32.098 Thread 0x0000561111101e10 DEOPT PACKING pc=0x00007fcf9b196ce3 sp=0x00007fcf79ffddb0
Event: 32.099 Thread 0x0000561111101e10 DEOPT UNPACKING pc=0x00007fcf9a4480cf sp=0x00007fcf79ffd290 mode 0
Event: 32.777 Thread 0x0000561111101e10 DEOPT PACKING pc=0x00007fcf9b1d9905 sp=0x00007fcf79ffe280
Event: 32.777 Thread 0x0000561111101e10 DEOPT UNPACKING pc=0x00007fcf9a4480cf sp=0x00007fcf79ffd798 mode 0
Event: 32.930 Thread 0x0000561111101e10 DEOPT PACKING pc=0x00007fcf9b30b4e7 sp=0x00007fcf79ffdf00
Event: 32.930 Thread 0x0000561111101e10 DEOPT UNPACKING pc=0x00007fcf9a4480cf sp=0x00007fcf79ffd360 mode 0

Classes unloaded (7 events):
Event: 9.637 Thread 0x00007fcfac0ed990 Unloading class 0x000000010021e800 'java/lang/invoke/LambdaForm$MH+0x000000010021e800'
Event: 9.637 Thread 0x00007fcfac0ed990 Unloading class 0x000000010021e400 'java/lang/invoke/LambdaForm$MH+0x000000010021e400'
Event: 9.637 Thread 0x00007fcfac0ed990 Unloading class 0x000000010021e000 'java/lang/invoke/LambdaForm$MH+0x000000010021e000'
Event: 9.637 Thread 0x00007fcfac0ed990 Unloading class 0x000000010021dc00 'java/lang/invoke/LambdaForm$MH+0x000000010021dc00'
Event: 9.637 Thread 0x00007fcfac0ed990 Unloading class 0x000000010021d400 'java/lang/invoke/LambdaForm$BMH+0x000000010021d400'
Event: 9.637 Thread 0x00007fcfac0ed990 Unloading class 0x000000010021d000 'java/lang/invoke/LambdaForm$DMH+0x000000010021d000'
Event: 9.637 Thread 0x00007fcfac0ed990 Unloading class 0x0000000100218400 'java/lang/invoke/LambdaForm$DMH+0x0000000100218400'

Classes redefined (0 events):
No events

Internal exceptions (20 events):
Event: 21.235 Thread 0x00007fcf8400afd0 Exception <a 'java/lang/NoSuchMethodError'{0x00000000eb29f0d0}: 'java.lang.Object java.lang.invoke.DirectMethodHandle$Holder.invokeSpecial(java.lang.Object, java.lang.Object, java.lang.Object, java.lang.Object, java.lang.Object, java.lang.Object, java.lang.Object, java.lang.Object, java.lang.Object)'> (0x00000000eb29f0d0) 
thrown [../../src/hotspot/share/interpreter/linkResolver.cpp, line 765]
Event: 21.235 Thread 0x00007fcf8400afd0 Exception <a 'java/lang/NoSuchMethodError'{0x00000000eb2a3f48}: 'java.lang.Object java.lang.invoke.Invokers$Holder.linkToTargetMethod(java.lang.Object, java.lang.Object, java.lang.Object, java.lang.Object, java.lang.Object, java.lang.Object, java.lang.Object, java.lang.Object)'> (0x00000000eb2a3f48) 
thrown [../../src/hotspot/share/interpreter/linkResolver.cpp, line 765]
Event: 21.274 Thread 0x00005611106931b0 Exception <a 'java/lang/NoSuchMethodError'{0x00000000eb43cd78}: 'int java.lang.invoke.DirectMethodHandle$Holder.invokeStatic(java.lang.Object)'> (0x00000000eb43cd78) 
thrown [../../src/hotspot/share/interpreter/linkResolver.cpp, line 765]
Event: 21.305 Thread 0x00005611106931b0 Exception <a 'java/io/FileNotFoundException'{0x00000000eb6dc608}> (0x00000000eb6dc608) 
thrown [../../src/hotspot/share/prims/jni.cpp, line 516]
Event: 21.305 Thread 0x00005611106931b0 Exception <a 'java/io/FileNotFoundException'{0x00000000eb6de720}> (0x00000000eb6de720) 
thrown [../../src/hotspot/share/prims/jni.cpp, line 516]
Event: 21.313 Thread 0x00005611106931b0 Exception <a 'java/io/FileNotFoundException'{0x00000000eb6dfcb8}> (0x00000000eb6dfcb8) 
thrown [../../src/hotspot/share/prims/jni.cpp, line 516]
Event: 21.694 Thread 0x00005611106931b0 Exception <a 'sun/nio/fs/UnixException'{0x00000000eb04d398}> (0x00000000eb04d398) 
thrown [../../src/hotspot/share/prims/jni.cpp, line 516]
Event: 23.074 Thread 0x00007fcf808cf640 Exception <a 'java/lang/NoSuchMethodError'{0x00000000eb368900}: 'java.lang.Object java.lang.invoke.DirectMethodHandle$Holder.invokeInterface(java.lang.Object, java.lang.Object, java.lang.Object)'> (0x00000000eb368900) 
thrown [../../src/hotspot/share/interpreter/linkResolver.cpp, line 765]
Event: 24.580 Thread 0x00007fcf808cf640 Exception <a 'java/io/FileNotFoundException'{0x00000000eb4c5018}> (0x00000000eb4c5018) 
thrown [../../src/hotspot/share/prims/jni.cpp, line 516]
Event: 24.761 Thread 0x00007fcf7c001ed0 Exception <a 'java/lang/NoSuchMethodError'{0x00000000eb27d278}: 'java.lang.Object java.lang.invoke.DirectMethodHandle$Holder.invokeStatic(java.lang.Object, java.lang.Object, java.lang.Object, long)'> (0x00000000eb27d278) 
thrown [../../src/hotspot/share/interpreter/linkResolver.cpp, line 765]
Event: 24.762 Thread 0x00007fcf7c001ed0 Exception <a 'java/lang/NoSuchMethodError'{0x00000000eb2850a0}: 'java.lang.Object java.lang.invoke.DirectMethodHandle$Holder.newInvokeSpecial(java.lang.Object, java.lang.Object, java.lang.Object, long)'> (0x00000000eb2850a0) 
thrown [../../src/hotspot/share/interpreter/linkResolver.cpp, line 765]
Event: 24.762 Thread 0x00007fcf7c001ed0 Exception <a 'java/lang/NoSuchMethodError'{0x00000000eb289408}: 'java.lang.Object java.lang.invoke.DirectMethodHandle$Holder.invokeSpecial(java.lang.Object, java.lang.Object, java.lang.Object, java.lang.Object, long)'> (0x00000000eb289408) 
thrown [../../src/hotspot/share/interpreter/linkResolver.cpp, line 765]
Event: 24.762 Thread 0x00007fcf7c001ed0 Exception <a 'java/lang/NoSuchMethodError'{0x00000000eb28d218}: 'java.lang.Object java.lang.invoke.Invokers$Holder.linkToTargetMethod(java.lang.Object, java.lang.Object, long, java.lang.Object)'> (0x00000000eb28d218) 
thrown [../../src/hotspot/share/interpreter/linkResolver.cpp, line 765]
Event: 26.212 Thread 0x00007fcfac5530d0 Exception <a 'java/lang/NoSuchMethodError'{0x00000000eab204c8}: 'java.lang.Object java.lang.invoke.DirectMethodHandle$Holder.invokeStatic(java.lang.Object, java.lang.Object, int, java.lang.Object)'> (0x00000000eab204c8) 
thrown [../../src/hotspot/share/interpreter/linkResolver.cpp, line 765]
Event: 26.213 Thread 0x00007fcfac5530d0 Exception <a 'java/lang/NoSuchMethodError'{0x00000000eade0088}: 'java.lang.Object java.lang.invoke.DirectMethodHandle$Holder.newInvokeSpecial(java.lang.Object, java.lang.Object, int)'> (0x00000000eade0088) 
thrown [../../src/hotspot/share/interpreter/linkResolver.cpp, line 765]
Event: 27.895 Thread 0x00005611106931b0 Exception <a 'java/lang/NoSuchMethodError'{0x00000000ec16b0f8}: 'int java.lang.invoke.DirectMethodHandle$Holder.invokeVirtual(java.lang.Object, java.lang.Object, java.lang.Object)'> (0x00000000ec16b0f8) 
thrown [../../src/hotspot/share/interpreter/linkResolver.cpp, line 765]
Event: 28.349 Thread 0x00007fcf80a52740 Exception <a 'java/lang/ClassNotFoundException'{0x00000000ec557788}: sun/util/logging/resources/spi/loggingProvider> (0x00000000ec557788) 
thrown [../../src/hotspot/share/classfile/systemDictionary.cpp, line 256]
Event: 29.302 Thread 0x00007fcf801a29b0 Exception <a 'java/lang/NoSuchMethodError'{0x00000000eb05b750}: 'int java.lang.invoke.DirectMethodHandle$Holder.invokeStatic(java.lang.Object, java.lang.Object, java.lang.Object, int)'> (0x00000000eb05b750) 
thrown [../../src/hotspot/share/interpreter/linkResolver.cpp, line 765]
Event: 31.905 Thread 0x00007fcf80807160 Exception <a 'java/lang/NoSuchMethodError'{0x00000000ebd6f188}: 'java.lang.Object java.lang.invoke.DirectMethodHandle$Holder.invokeStatic(java.lang.Object, int, java.lang.Object, java.lang.Object, java.lang.Object, java.lang.Object)'> (0x00000000ebd6f188) 
thrown [../../src/hotspot/share/interpreter/linkResolver.cpp, line 765]
Event: 31.933 Thread 0x00007fcf80807160 Exception <a 'java/lang/NoSuchMethodError'{0x00000000ec01eb78}: 'int java.lang.invoke.DirectMethodHandle$Holder.invokeSpecialIFC(java.lang.Object, java.lang.Object, java.lang.Object, java.lang.Object)'> (0x00000000ec01eb78) 
thrown [../../src/hotspot/share/interpreter/linkResolver.cpp, line 765]

VM Operations (20 events):
Event: 28.134 Executing VM operation: HandshakeAllThreads done
Event: 28.477 Executing VM operation: ParallelGCFailedAllocation
Event: 28.530 Executing VM operation: ParallelGCFailedAllocation done
Event: 28.845 Executing VM operation: ParallelGCFailedAllocation
Event: 28.867 Executing VM operation: ParallelGCFailedAllocation done
Event: 28.924 Executing VM operation: HandshakeAllThreads
Event: 28.927 Executing VM operation: HandshakeAllThreads done
Event: 29.226 Executing VM operation: ParallelGCFailedAllocation
Event: 29.284 Executing VM operation: ParallelGCFailedAllocation done
Event: 29.814 Executing VM operation: ParallelGCFailedAllocation
Event: 29.872 Executing VM operation: ParallelGCFailedAllocation done
Event: 30.416 Executing VM operation: ParallelGCFailedAllocation
Event: 30.574 Executing VM operation: ParallelGCFailedAllocation done
Event: 31.574 Executing VM operation: Cleanup
Event: 31.578 Executing VM operation: Cleanup done
Event: 31.603 Executing VM operation: ParallelGCFailedAllocation
Event: 31.669 Executing VM operation: ParallelGCFailedAllocation done
Event: 32.283 Executing VM operation: ParallelGCFailedAllocation
Event: 32.431 Executing VM operation: ParallelGCFailedAllocation done
Event: 32.949 Executing VM operation: ParallelGCFailedAllocation

Events (20 events):
Event: 31.154 Thread 0x00007fcf80a65920 Thread exited: 0x00007fcf80a65920
Event: 31.154 Protecting memory [0x00007fcf796f1000,0x00007fcf796f5000] with protection modes 0
Event: 31.249 Thread 0x00007fcf80a643b0 Thread exited: 0x00007fcf80a643b0
Event: 31.394 Thread 0x00007fcf881668d0 Thread added: 0x00007fcf881668d0
Event: 31.394 Protecting memory [0x00007fcf796f1000,0x00007fcf796f5000] with protection modes 0
Event: 31.460 Thread 0x00007fcf80a61100 Thread exited: 0x00007fcf80a61100
Event: 31.750 Thread 0x00007fcf804301d0 Thread added: 0x00007fcf804301d0
Event: 31.750 Protecting memory [0x00007fcf79af5000,0x00007fcf79af9000] with protection modes 0
Event: 31.768 loading class java/util/LinkedList$LLSpliterator
Event: 31.768 loading class java/util/LinkedList$LLSpliterator done
Event: 31.815 Thread 0x00007fcf80433b50 Thread added: 0x00007fcf80433b50
Event: 31.815 Protecting memory [0x00007fcf6faff000,0x00007fcf6fb03000] with protection modes 0
Event: 31.843 loading class javax/xml/transform/TransformerConfigurationException
Event: 31.843 loading class javax/xml/transform/TransformerConfigurationException done
Event: 31.847 Thread 0x00007fcf80433b50 Thread exited: 0x00007fcf80433b50
Event: 31.976 Thread 0x00007fcf80807160 Thread exited: 0x00007fcf80807160
Event: 32.027 Thread 0x00007fcf80807160 Thread added: 0x00007fcf80807160
Event: 32.027 Thread 0x00007fcf804301d0 Thread exited: 0x00007fcf804301d0
Event: 32.027 Protecting memory [0x00007fcf799f4000,0x00007fcf799f8000] with protection modes 0
Event: 32.043 Thread 0x00007fcf80807160 Thread exited: 0x00007fcf80807160


Dynamic libraries:
c0000000-cd080000 rw-p 00000000 00:00 0 
d3c00000-eab00000 ---p 00000000 00:00 0 
eab00000-f2f00000 rw-p 00000000 00:00 0 
f2f00000-100000000 ---p 00000000 00:00 0 
100000000-100020000 rw-p 00000000 00:00 0 
100020000-100040000 rw-p 00000000 00:00 0 
100040000-1000c0000 rw-p 00000000 00:00 0 
1000c0000-1000e0000 rw-p 00000000 00:00 0 
1000e0000-100140000 rw-p 00000000 00:00 0 
100140000-100180000 rw-p 00000000 00:00 0 
100180000-100240000 rw-p 00000000 00:00 0 
100240000-100280000 rw-p 00000000 00:00 0 
100280000-100440000 rw-p 00000000 00:00 0 
100440000-100480000 rw-p 00000000 00:00 0 
100480000-100680000 rw-p 00000000 00:00 0 
100680000-140000000 ---p 00000000 00:00 0 
56110e891000-56110e892000 r--p 00000000 b6:7f7e1 606                     /root/.vscode-server/extensions/redhat.java-1.9.0-linux-x64/jre/17.0.3-linux-x86_64/bin/java
56110e892000-56110e893000 r-xp 00001000 b6:7f7e1 606                     /root/.vscode-server/extensions/redhat.java-1.9.0-linux-x64/jre/17.0.3-linux-x86_64/bin/java
56110e893000-56110e894000 r--p 00002000 b6:7f7e1 606                     /root/.vscode-server/extensions/redhat.java-1.9.0-linux-x64/jre/17.0.3-linux-x86_64/bin/java
56110e894000-56110e895000 r--p 00002000 b6:7f7e1 606                     /root/.vscode-server/extensions/redhat.java-1.9.0-linux-x64/jre/17.0.3-linux-x86_64/bin/java
56110e895000-56110e896000 rw-p 00003000 b6:7f7e1 606                     /root/.vscode-server/extensions/redhat.java-1.9.0-linux-x64/jre/17.0.3-linux-x86_64/bin/java
5611101e9000-561112e5f000 rw-p 00000000 00:00 0                          [heap]
7fcf6f000000-7fcf6f420000 rw-p 00000000 00:00 0 
7fcf6f420000-7fcf6f800000 ---p 00000000 00:00 0 
7fcf6f9fe000-7fcf6fa02000 ---p 00000000 00:00 0 
7fcf6fa02000-7fcf6faff000 rw-p 00000000 00:00 0 
7fcf6faff000-7fcf6fb03000 ---p 00000000 00:00 0 
7fcf6fb03000-7fcf70100000 rw-p 00000000 00:00 0 
7fcf70100000-7fcf701d0000 rw-p 00000000 00:00 0 
7fcf701d0000-7fcf70200000 ---p 00000000 00:00 0 
7fcf70200000-7fcf70400000 rw-p 00000000 00:00 0 
7fcf7041e000-7fcf78c00000 r--s 00000000 b6:7f7e1 407963                  /usr/lib/jvm/java-11-openjdk-amd64/lib/modules
7fcf78c00000-7fcf79100000 rw-p 00000000 00:00 0 
7fcf79100000-7fcf79200000 rw-p 00000000 00:00 0 
7fcf79200000-7fcf79400000 rw-p 00000000 00:00 0 
7fcf794ef000-7fcf794f3000 ---p 00000000 00:00 0 
7fcf794f3000-7fcf795f0000 rw-p 00000000 00:00 0 
7fcf795f0000-7fcf795f4000 ---p 00000000 00:00 0 
7fcf795f4000-7fcf796f1000 rw-p 00000000 00:00 0 
7fcf796f1000-7fcf796f5000 ---p 00000000 00:00 0 
7fcf796f5000-7fcf797f2000 rw-p 00000000 00:00 0 
7fcf797f2000-7fcf797f6000 ---p 00000000 00:00 0 
7fcf797f6000-7fcf798f3000 rw-p 00000000 00:00 0 
7fcf798f3000-7fcf798f7000 ---p 00000000 00:00 0 
7fcf798f7000-7fcf799f4000 rw-p 00000000 00:00 0 
7fcf799f4000-7fcf799f8000 ---p 00000000 00:00 0 
7fcf799f8000-7fcf79af5000 rw-p 00000000 00:00 0 
7fcf79af5000-7fcf79af9000 ---p 00000000 00:00 0 
7fcf79af9000-7fcf79bf6000 rw-p 00000000 00:00 0 
7fcf79bf6000-7fcf79bfa000 ---p 00000000 00:00 0 
7fcf79bfa000-7fcf79cf7000 rw-p 00000000 00:00 0 
7fcf79cfd000-7fcf79d01000 ---p 00000000 00:00 0 
7fcf79d01000-7fcf79dfe000 rw-p 00000000 00:00 0 
7fcf79dfe000-7fcf79e02000 ---p 00000000 00:00 0 
7fcf79e02000-7fcf79eff000 rw-p 00000000 00:00 0 
7fcf79eff000-7fcf79f03000 ---p 00000000 00:00 0 
7fcf79f03000-7fcf7a100000 rw-p 00000000 00:00 0 
7fcf7a100000-7fcf7a200000 rw-p 00000000 00:00 0 
7fcf7a200000-7fcf7a500000 rw-p 00000000 00:00 0 
7fcf7a500000-7fcf7a600000 rw-p 00000000 00:00 0 
7fcf7a600000-7fcf7a800000 rw-p 00000000 00:00 0 
7fcf7a8fd000-7fcf7a901000 ---p 00000000 00:00 0 
7fcf7a901000-7fcf7a9fe000 rw-p 00000000 00:00 0 
7fcf7a9fe000-7fcf7aa02000 ---p 00000000 00:00 0 
7fcf7aa02000-7fcf7aaff000 rw-p 00000000 00:00 0 
7fcf7aaff000-7fcf7ab03000 ---p 00000000 00:00 0 
7fcf7ab03000-7fcf7ad00000 rw-p 00000000 00:00 0 
7fcf7ad00000-7fcf7ae00000 rw-p 00000000 00:00 0 
7fcf7ae00000-7fcf7b400000 rw-p 00000000 00:00 0 
7fcf7b4fd000-7fcf7b501000 ---p 00000000 00:00 0 
7fcf7b501000-7fcf7b5fe000 rw-p 00000000 00:00 0 
7fcf7b5fe000-7fcf7b602000 ---p 00000000 00:00 0 
7fcf7b602000-7fcf7b6ff000 rw-p 00000000 00:00 0 
7fcf7b6ff000-7fcf7b703000 ---p 00000000 00:00 0 
7fcf7b703000-7fcf7b900000 rw-p 00000000 00:00 0 
7fcf7b900000-7fcf7ba00000 rw-p 00000000 00:00 0 
7fcf7ba00000-7fcf7bb00000 rw-p 00000000 00:00 0 
7fcf7bb00000-7fcf7bc00000 rw-p 00000000 00:00 0 
7fcf7bc00000-7fcf7bd80000 rw-p 00000000 00:00 0 
7fcf7bd80000-7fcf7be00000 rw-p 00000000 00:00 0 
7fcf7be00000-7fcf7bf80000 rw-p 00000000 00:00 0 
7fcf7bf80000-7fcf7c000000 rw-p 00000000 00:00 0 
7fcf7c000000-7fcf7c101000 rw-p 00000000 00:00 0 
7fcf7c101000-7fcf80000000 ---p 00000000 00:00 0 
7fcf80000000-7fcf810d8000 rw-p 00000000 00:00 0 
7fcf810d8000-7fcf84000000 ---p 00000000 00:00 0 
7fcf84000000-7fcf841a6000 rw-p 00000000 00:00 0 
7fcf841a6000-7fcf88000000 ---p 00000000 00:00 0 
7fcf88000000-7fcf88175000 rw-p 00000000 00:00 0 
7fcf88175000-7fcf8c000000 ---p 00000000 00:00 0 
7fcf8c000000-7fcf8c440000 rw-p 00000000 00:00 0 
7fcf8c440000-7fcf90000000 ---p 00000000 00:00 0 
7fcf90000000-7fcf90388000 rw-p 00000000 00:00 0 
7fcf90388000-7fcf94000000 ---p 00000000 00:00 0 
7fcf94000000-7fcf94119000 rw-p 00000000 00:00 0 
7fcf94119000-7fcf98000000 ---p 00000000 00:00 0 
7fcf980d7000-7fcf980db000 ---p 00000000 00:00 0 
7fcf980db000-7fcf981d8000 rw-p 00000000 00:00 0 
7fcf981d8000-7fcf981e8000 r-xp 00000000 b6:7f7e1 156875                  /root/.vscode-server/data/User/globalStorage/redhat.java/1.9.0/config_linux/org.eclipse.equinox.launcher/org.eclipse.equinox.launcher.gtk.linux.x86_64_1.2.500.v20220509-0833/eclipse_11701.so
7fcf981e8000-7fcf983e7000 ---p 00010000 b6:7f7e1 156875                  /root/.vscode-server/data/User/globalStorage/redhat.java/1.9.0/config_linux/org.eclipse.equinox.launcher/org.eclipse.equinox.launcher.gtk.linux.x86_64_1.2.500.v20220509-0833/eclipse_11701.so
7fcf983e7000-7fcf983e8000 r--p 0000f000 b6:7f7e1 156875                  /root/.vscode-server/data/User/globalStorage/redhat.java/1.9.0/config_linux/org.eclipse.equinox.launcher/org.eclipse.equinox.launcher.gtk.linux.x86_64_1.2.500.v20220509-0833/eclipse_11701.so
7fcf983e8000-7fcf983e9000 rw-p 00010000 b6:7f7e1 156875                  /root/.vscode-server/data/User/globalStorage/redhat.java/1.9.0/config_linux/org.eclipse.equinox.launcher/org.eclipse.equinox.launcher.gtk.linux.x86_64_1.2.500.v20220509-0833/eclipse_11701.so
7fcf983e9000-7fcf983ea000 rw-p 00000000 00:00 0 
7fcf983ea000-7fcf983ee000 ---p 00000000 00:00 0 
7fcf983ee000-7fcf984eb000 rw-p 00000000 00:00 0 
7fcf984eb000-7fcf984ef000 ---p 00000000 00:00 0 
7fcf984ef000-7fcf985ec000 rw-p 00000000 00:00 0 
7fcf985ec000-7fcf985f0000 ---p 00000000 00:00 0 
7fcf985f0000-7fcf986ed000 rw-p 00000000 00:00 0 
7fcf986ed000-7fcf986ee000 ---p 00000000 00:00 0 
7fcf986ee000-7fcf987ef000 rw-p 00000000 00:00 0 
7fcf987ef000-7fcf987f3000 ---p 00000000 00:00 0 
7fcf987f3000-7fcf988f0000 rw-p 00000000 00:00 0 
7fcf988f0000-7fcf988f4000 ---p 00000000 00:00 0 
7fcf988f4000-7fcf989f1000 rw-p 00000000 00:00 0 
7fcf989f1000-7fcf989f5000 ---p 00000000 00:00 0 
7fcf989f5000-7fcf98af2000 rw-p 00000000 00:00 0 
7fcf98af2000-7fcf98af6000 ---p 00000000 00:00 0 
7fcf98af6000-7fcf98bf3000 rw-p 00000000 00:00 0 
7fcf98bf3000-7fcf98bf7000 ---p 00000000 00:00 0 
7fcf98bf7000-7fcf98cf4000 rw-p 00000000 00:00 0 
7fcf98cf4000-7fcf98cf8000 ---p 00000000 00:00 0 
7fcf98cf8000-7fcf98df5000 rw-p 00000000 00:00 0 
7fcf98df5000-7fcf98df9000 ---p 00000000 00:00 0 
7fcf98df9000-7fcf98ef6000 rw-p 00000000 00:00 0 
7fcf98ef6000-7fcf98efa000 ---p 00000000 00:00 0 
7fcf98efa000-7fcf98ff7000 rw-p 00000000 00:00 0 
7fcf98ff7000-7fcf98ffb000 ---p 00000000 00:00 0 
7fcf98ffb000-7fcf990f8000 rw-p 00000000 00:00 0 
7fcf990f8000-7fcf990fc000 ---p 00000000 00:00 0 
7fcf990fc000-7fcf991f9000 rw-p 00000000 00:00 0 
7fcf991f9000-7fcf991fa000 ---p 00000000 00:00 0 
7fcf991fa000-7fcf99c00000 rw-p 00000000 00:00 0 
7fcf99c00000-7fcf99c80000 rw-p 00000000 00:00 0 
7fcf99c80000-7fcf99d00000 rw-p 00000000 00:00 0 
7fcf99d00000-7fcf9a000000 rw-p 00000000 00:00 0 
7fcf9a0f1000-7fcf9a3f2000 rw-p 00000000 00:00 0 
7fcf9a3f2000-7fcf9a662000 rwxp 00000000 00:00 0 
7fcf9a662000-7fcf9a981000 ---p 00000000 00:00 0 
7fcf9a981000-7fcf9b511000 rwxp 00000000 00:00 0 
7fcf9b511000-7fcfa1eb9000 ---p 00000000 00:00 0 
7fcfa1eb9000-7fcfa2129000 rwxp 00000000 00:00 0 
7fcfa2129000-7fcfa93f2000 ---p 00000000 00:00 0 
7fcfa93f2000-7fcfac000000 r--s 00000000 b6:7f7e1 1377                    /root/.vscode-server/extensions/redhat.java-1.9.0-linux-x64/jre/17.0.3-linux-x86_64/lib/modules
7fcfac000000-7fcfac571000 rw-p 00000000 00:00 0 
7fcfac571000-7fcfb0000000 ---p 00000000 00:00 0 
7fcfb0060000-7fcfb0062000 r--p 00000000 b6:7f7e1 1365                    /root/.vscode-server/extensions/redhat.java-1.9.0-linux-x64/jre/17.0.3-linux-x86_64/lib/libmanagement_ext.so
7fcfb0062000-7fcfb0065000 r-xp 00002000 b6:7f7e1 1365                    /root/.vscode-server/extensions/redhat.java-1.9.0-linux-x64/jre/17.0.3-linux-x86_64/lib/libmanagement_ext.so
7fcfb0065000-7fcfb0066000 r--p 00005000 b6:7f7e1 1365                    /root/.vscode-server/extensions/redhat.java-1.9.0-linux-x64/jre/17.0.3-linux-x86_64/lib/libmanagement_ext.so
7fcfb0066000-7fcfb0067000 ---p 00006000 b6:7f7e1 1365                    /root/.vscode-server/extensions/redhat.java-1.9.0-linux-x64/jre/17.0.3-linux-x86_64/lib/libmanagement_ext.so
7fcfb0067000-7fcfb0068000 r--p 00006000 b6:7f7e1 1365                    /root/.vscode-server/extensions/redhat.java-1.9.0-linux-x64/jre/17.0.3-linux-x86_64/lib/libmanagement_ext.so
7fcfb0068000-7fcfb0069000 rw-p 00007000 b6:7f7e1 1365                    /root/.vscode-server/extensions/redhat.java-1.9.0-linux-x64/jre/17.0.3-linux-x86_64/lib/libmanagement_ext.so
7fcfb0069000-7fcfb006c000 r--p 00000000 b6:7f7e1 1366                    /root/.vscode-server/extensions/redhat.java-1.9.0-linux-x64/jre/17.0.3-linux-x86_64/lib/libmanagement.so
7fcfb006c000-7fcfb006d000 r-xp 00003000 b6:7f7e1 1366                    /root/.vscode-server/extensions/redhat.java-1.9.0-linux-x64/jre/17.0.3-linux-x86_64/lib/libmanagement.so
7fcfb006d000-7fcfb006e000 r--p 00004000 b6:7f7e1 1366                    /root/.vscode-server/extensions/redhat.java-1.9.0-linux-x64/jre/17.0.3-linux-x86_64/lib/libmanagement.so
7fcfb006e000-7fcfb006f000 r--p 00004000 b6:7f7e1 1366                    /root/.vscode-server/extensions/redhat.java-1.9.0-linux-x64/jre/17.0.3-linux-x86_64/lib/libmanagement.so
7fcfb006f000-7fcfb0070000 rw-p 00005000 b6:7f7e1 1366                    /root/.vscode-server/extensions/redhat.java-1.9.0-linux-x64/jre/17.0.3-linux-x86_64/lib/libmanagement.so
7fcfb0070000-7fcfb0074000 ---p 00000000 00:00 0 
7fcfb0074000-7fcfb0092000 rw-p 00000000 00:00 0 
7fcfb0092000-7fcfb0096000 r--p 00000000 b6:7f7e1 1375                    /root/.vscode-server/extensions/redhat.java-1.9.0-linux-x64/jre/17.0.3-linux-x86_64/lib/libverify.so
7fcfb0096000-7fcfb009d000 r-xp 00004000 b6:7f7e1 1375                    /root/.vscode-server/extensions/redhat.java-1.9.0-linux-x64/jre/17.0.3-linux-x86_64/lib/libverify.so
7fcfb009d000-7fcfb009f000 r--p 0000b000 b6:7f7e1 1375                    /root/.vscode-server/extensions/redhat.java-1.9.0-linux-x64/jre/17.0.3-linux-x86_64/lib/libverify.so
7fcfb009f000-7fcfb00a1000 r--p 0000c000 b6:7f7e1 1375                    /root/.vscode-server/extensions/redhat.java-1.9.0-linux-x64/jre/17.0.3-linux-x86_64/lib/libverify.so
7fcfb00a1000-7fcfb00a2000 rw-p 0000e000 b6:7f7e1 1375                    /root/.vscode-server/extensions/redhat.java-1.9.0-linux-x64/jre/17.0.3-linux-x86_64/lib/libverify.so
7fcfb00a2000-7fcfb00a6000 r--p 00000000 b6:7f7e1 1368                    /root/.vscode-server/extensions/redhat.java-1.9.0-linux-x64/jre/17.0.3-linux-x86_64/lib/libnet.so
7fcfb00a6000-7fcfb00b4000 r-xp 00004000 b6:7f7e1 1368                    /root/.vscode-server/extensions/redhat.java-1.9.0-linux-x64/jre/17.0.3-linux-x86_64/lib/libnet.so
7fcfb00b4000-7fcfb00b8000 r--p 00012000 b6:7f7e1 1368                    /root/.vscode-server/extensions/redhat.java-1.9.0-linux-x64/jre/17.0.3-linux-x86_64/lib/libnet.so
7fcfb00b8000-7fcfb00b9000 r--p 00015000 b6:7f7e1 1368                    /root/.vscode-server/extensions/redhat.java-1.9.0-linux-x64/jre/17.0.3-linux-x86_64/lib/libnet.so
7fcfb00b9000-7fcfb00ba000 rw-p 00016000 b6:7f7e1 1368                    /root/.vscode-server/extensions/redhat.java-1.9.0-linux-x64/jre/17.0.3-linux-x86_64/lib/libnet.so
7fcfb00ba000-7fcfb00c1000 r--p 00000000 b6:7f7e1 1369                    /root/.vscode-server/extensions/redhat.java-1.9.0-linux-x64/jre/17.0.3-linux-x86_64/lib/libnio.so
7fcfb00c1000-7fcfb00ca000 r-xp 00007000 b6:7f7e1 1369                    /root/.vscode-server/extensions/redhat.java-1.9.0-linux-x64/jre/17.0.3-linux-x86_64/lib/libnio.so
7fcfb00ca000-7fcfb00ce000 r--p 00010000 b6:7f7e1 1369                    /root/.vscode-server/extensions/redhat.java-1.9.0-linux-x64/jre/17.0.3-linux-x86_64/lib/libnio.so
7fcfb00ce000-7fcfb00cf000 ---p 00014000 b6:7f7e1 1369                    /root/.vscode-server/extensions/redhat.java-1.9.0-linux-x64/jre/17.0.3-linux-x86_64/lib/libnio.so
7fcfb00cf000-7fcfb00d0000 r--p 00014000 b6:7f7e1 1369                    /root/.vscode-server/extensions/redhat.java-1.9.0-linux-x64/jre/17.0.3-linux-x86_64/lib/libnio.so
7fcfb00d0000-7fcfb00d1000 rw-p 00015000 b6:7f7e1 1369                    /root/.vscode-server/extensions/redhat.java-1.9.0-linux-x64/jre/17.0.3-linux-x86_64/lib/libnio.so
7fcfb00d1000-7fcfb00d3000 r--p 00000000 b6:7f7e1 1376                    /root/.vscode-server/extensions/redhat.java-1.9.0-linux-x64/jre/17.0.3-linux-x86_64/lib/libzip.so
7fcfb00d3000-7fcfb00d7000 r-xp 00002000 b6:7f7e1 1376                    /root/.vscode-server/extensions/redhat.java-1.9.0-linux-x64/jre/17.0.3-linux-x86_64/lib/libzip.so
7fcfb00d7000-7fcfb00d9000 r--p 00006000 b6:7f7e1 1376                    /root/.vscode-server/extensions/redhat.java-1.9.0-linux-x64/jre/17.0.3-linux-x86_64/lib/libzip.so
7fcfb00d9000-7fcfb00da000 r--p 00007000 b6:7f7e1 1376                    /root/.vscode-server/extensions/redhat.java-1.9.0-linux-x64/jre/17.0.3-linux-x86_64/lib/libzip.so
7fcfb00da000-7fcfb00db000 rw-p 00008000 b6:7f7e1 1376                    /root/.vscode-server/extensions/redhat.java-1.9.0-linux-x64/jre/17.0.3-linux-x86_64/lib/libzip.so
7fcfb00db000-7fcfb2275000 rw-p 00000000 00:00 0 
7fcfb2275000-7fcfb2362000 ---p 00000000 00:00 0 
7fcfb2362000-7fcfb2363000 ---p 00000000 00:00 0 
7fcfb2363000-7fcfb24cd000 rw-p 00000000 00:00 0 
7fcfb24cd000-7fcfb25b9000 ---p 00000000 00:00 0 
7fcfb25b9000-7fcfb25fc000 rw-p 00000000 00:00 0 
7fcfb25fc000-7fcfb2664000 ---p 00000000 00:00 0 
7fcfb2664000-7fcfb266a000 rw-p 00000000 00:00 0 
7fcfb266a000-7fcfb2750000 ---p 00000000 00:00 0 
7fcfb2750000-7fcfb2768000 rw-p 00000000 00:00 0 
7fcfb2768000-7fcfb283b000 ---p 00000000 00:00 0 
7fcfb283b000-7fcfb2840000 rw-p 00000000 00:00 0 
7fcfb2840000-7fcfb2847000 ---p 00000000 00:00 0 
7fcfb2847000-7fcfb284a000 r--p 00000000 b6:7f7e1 247                     /lib/x86_64-linux-gnu/libnss_files-2.31.so
7fcfb284a000-7fcfb2851000 r-xp 00003000 b6:7f7e1 247                     /lib/x86_64-linux-gnu/libnss_files-2.31.so
7fcfb2851000-7fcfb2853000 r--p 0000a000 b6:7f7e1 247                     /lib/x86_64-linux-gnu/libnss_files-2.31.so
7fcfb2853000-7fcfb2854000 r--p 0000b000 b6:7f7e1 247                     /lib/x86_64-linux-gnu/libnss_files-2.31.so
7fcfb2854000-7fcfb2855000 rw-p 0000c000 b6:7f7e1 247                     /lib/x86_64-linux-gnu/libnss_files-2.31.so
7fcfb2855000-7fcfb285b000 rw-p 00000000 00:00 0 
7fcfb285b000-7fcfb2863000 rw-s 00000000 b6:7f7e1 677999                  /tmp/hsperfdata_root/152354
7fcfb2863000-7fcfb2870000 r--p 00000000 b6:7f7e1 1355                    /root/.vscode-server/extensions/redhat.java-1.9.0-linux-x64/jre/17.0.3-linux-x86_64/lib/libjava.so
7fcfb2870000-7fcfb2882000 r-xp 0000d000 b6:7f7e1 1355                    /root/.vscode-server/extensions/redhat.java-1.9.0-linux-x64/jre/17.0.3-linux-x86_64/lib/libjava.so
7fcfb2882000-7fcfb2888000 r--p 0001f000 b6:7f7e1 1355                    /root/.vscode-server/extensions/redhat.java-1.9.0-linux-x64/jre/17.0.3-linux-x86_64/lib/libjava.so
7fcfb2888000-7fcfb2889000 ---p 00025000 b6:7f7e1 1355                    /root/.vscode-server/extensions/redhat.java-1.9.0-linux-x64/jre/17.0.3-linux-x86_64/lib/libjava.so
7fcfb2889000-7fcfb288a000 r--p 00025000 b6:7f7e1 1355                    /root/.vscode-server/extensions/redhat.java-1.9.0-linux-x64/jre/17.0.3-linux-x86_64/lib/libjava.so
7fcfb288a000-7fcfb288b000 rw-p 00026000 b6:7f7e1 1355                    /root/.vscode-server/extensions/redhat.java-1.9.0-linux-x64/jre/17.0.3-linux-x86_64/lib/libjava.so
7fcfb288b000-7fcfb288c000 rw-p 00000000 00:00 0 
7fcfb288c000-7fcfb288e000 r--p 00000000 b6:7f7e1 1350                    /root/.vscode-server/extensions/redhat.java-1.9.0-linux-x64/jre/17.0.3-linux-x86_64/lib/libinstrument.so
7fcfb288e000-7fcfb2894000 r-xp 00002000 b6:7f7e1 1350                    /root/.vscode-server/extensions/redhat.java-1.9.0-linux-x64/jre/17.0.3-linux-x86_64/lib/libinstrument.so
7fcfb2894000-7fcfb2897000 r--p 00008000 b6:7f7e1 1350                    /root/.vscode-server/extensions/redhat.java-1.9.0-linux-x64/jre/17.0.3-linux-x86_64/lib/libinstrument.so
7fcfb2897000-7fcfb2898000 r--p 0000a000 b6:7f7e1 1350                    /root/.vscode-server/extensions/redhat.java-1.9.0-linux-x64/jre/17.0.3-linux-x86_64/lib/libinstrument.so
7fcfb2898000-7fcfb2899000 rw-p 0000b000 b6:7f7e1 1350                    /root/.vscode-server/extensions/redhat.java-1.9.0-linux-x64/jre/17.0.3-linux-x86_64/lib/libinstrument.so
7fcfb2899000-7fcfb289d000 r--p 00000000 b6:7f7e1 1359                    /root/.vscode-server/extensions/redhat.java-1.9.0-linux-x64/jre/17.0.3-linux-x86_64/lib/libjimage.so
7fcfb289d000-7fcfb28b0000 r-xp 00004000 b6:7f7e1 1359                    /root/.vscode-server/extensions/redhat.java-1.9.0-linux-x64/jre/17.0.3-linux-x86_64/lib/libjimage.so
7fcfb28b0000-7fcfb28b6000 r--p 00017000 b6:7f7e1 1359                    /root/.vscode-server/extensions/redhat.java-1.9.0-linux-x64/jre/17.0.3-linux-x86_64/lib/libjimage.so
7fcfb28b6000-7fcfb28b8000 r--p 0001c000 b6:7f7e1 1359                    /root/.vscode-server/extensions/redhat.java-1.9.0-linux-x64/jre/17.0.3-linux-x86_64/lib/libjimage.so
7fcfb28b8000-7fcfb28b9000 rw-p 0001e000 b6:7f7e1 1359                    /root/.vscode-server/extensions/redhat.java-1.9.0-linux-x64/jre/17.0.3-linux-x86_64/lib/libjimage.so
7fcfb28b9000-7fcfb28bd000 ---p 00000000 00:00 0 
7fcfb28bd000-7fcfb29ba000 rw-p 00000000 00:00 0 
7fcfb29ba000-7fcfb29c7000 r--p 00000000 b6:7f7e1 184                     /lib/x86_64-linux-gnu/libm-2.31.so
7fcfb29c7000-7fcfb2a6e000 r-xp 0000d000 b6:7f7e1 184                     /lib/x86_64-linux-gnu/libm-2.31.so
7fcfb2a6e000-7fcfb2b07000 r--p 000b4000 b6:7f7e1 184                     /lib/x86_64-linux-gnu/libm-2.31.so
7fcfb2b07000-7fcfb2b08000 r--p 0014c000 b6:7f7e1 184                     /lib/x86_64-linux-gnu/libm-2.31.so
7fcfb2b08000-7fcfb2b09000 rw-p 0014d000 b6:7f7e1 184                     /lib/x86_64-linux-gnu/libm-2.31.so
7fcfb2b09000-7fcfb2b0b000 r--p 00000000 b6:7f7e1 259                     /lib/x86_64-linux-gnu/librt-2.31.so
7fcfb2b0b000-7fcfb2b0f000 r-xp 00002000 b6:7f7e1 259                     /lib/x86_64-linux-gnu/librt-2.31.so
7fcfb2b0f000-7fcfb2b11000 r--p 00006000 b6:7f7e1 259                     /lib/x86_64-linux-gnu/librt-2.31.so
7fcfb2b11000-7fcfb2b12000 r--p 00007000 b6:7f7e1 259                     /lib/x86_64-linux-gnu/librt-2.31.so
7fcfb2b12000-7fcfb2b13000 rw-p 00008000 b6:7f7e1 259                     /lib/x86_64-linux-gnu/librt-2.31.so
7fcfb2b13000-7fcfb2d64000 r--p 00000000 b6:7f7e1 1505                    /root/.vscode-server/extensions/redhat.java-1.9.0-linux-x64/jre/17.0.3-linux-x86_64/lib/server/libjvm.so
7fcfb2d64000-7fcfb3a79000 r-xp 00251000 b6:7f7e1 1505                    /root/.vscode-server/extensions/redhat.java-1.9.0-linux-x64/jre/17.0.3-linux-x86_64/lib/server/libjvm.so
7fcfb3a79000-7fcfb3d04000 r--p 00f66000 b6:7f7e1 1505                    /root/.vscode-server/extensions/redhat.java-1.9.0-linux-x64/jre/17.0.3-linux-x86_64/lib/server/libjvm.so
7fcfb3d04000-7fcfb3d05000 ---p 011f1000 b6:7f7e1 1505                    /root/.vscode-server/extensions/redhat.java-1.9.0-linux-x64/jre/17.0.3-linux-x86_64/lib/server/libjvm.so
7fcfb3d05000-7fcfb3dbe000 r--p 011f1000 b6:7f7e1 1505                    /root/.vscode-server/extensions/redhat.java-1.9.0-linux-x64/jre/17.0.3-linux-x86_64/lib/server/libjvm.so
7fcfb3dbe000-7fcfb3df3000 rw-p 012aa000 b6:7f7e1 1505                    /root/.vscode-server/extensions/redhat.java-1.9.0-linux-x64/jre/17.0.3-linux-x86_64/lib/server/libjvm.so
7fcfb3df3000-7fcfb3e4e000 rw-p 00000000 00:00 0 
7fcfb3e4e000-7fcfb3e70000 r--p 00000000 b6:7f7e1 120                     /lib/x86_64-linux-gnu/libc-2.31.so
7fcfb3e70000-7fcfb3fe8000 r-xp 00022000 b6:7f7e1 120                     /lib/x86_64-linux-gnu/libc-2.31.so
7fcfb3fe8000-7fcfb4036000 r--p 0019a000 b6:7f7e1 120                     /lib/x86_64-linux-gnu/libc-2.31.so
7fcfb4036000-7fcfb403a000 r--p 001e7000 b6:7f7e1 120                     /lib/x86_64-linux-gnu/libc-2.31.so
7fcfb403a000-7fcfb403c000 rw-p 001eb000 b6:7f7e1 120                     /lib/x86_64-linux-gnu/libc-2.31.so
7fcfb403c000-7fcfb4040000 rw-p 00000000 00:00 0 
7fcfb4040000-7fcfb4041000 r--p 00000000 b6:7f7e1 163                     /lib/x86_64-linux-gnu/libdl-2.31.so
7fcfb4041000-7fcfb4043000 r-xp 00001000 b6:7f7e1 163                     /lib/x86_64-linux-gnu/libdl-2.31.so
7fcfb4043000-7fcfb4044000 r--p 00003000 b6:7f7e1 163                     /lib/x86_64-linux-gnu/libdl-2.31.so
7fcfb4044000-7fcfb4045000 r--p 00003000 b6:7f7e1 163                     /lib/x86_64-linux-gnu/libdl-2.31.so
7fcfb4045000-7fcfb4046000 rw-p 00004000 b6:7f7e1 163                     /lib/x86_64-linux-gnu/libdl-2.31.so
7fcfb4046000-7fcfb404c000 r--p 00000000 b6:7f7e1 254                     /lib/x86_64-linux-gnu/libpthread-2.31.so
7fcfb404c000-7fcfb405d000 r-xp 00006000 b6:7f7e1 254                     /lib/x86_64-linux-gnu/libpthread-2.31.so
7fcfb405d000-7fcfb4063000 r--p 00017000 b6:7f7e1 254                     /lib/x86_64-linux-gnu/libpthread-2.31.so
7fcfb4063000-7fcfb4064000 r--p 0001c000 b6:7f7e1 254                     /lib/x86_64-linux-gnu/libpthread-2.31.so
7fcfb4064000-7fcfb4065000 rw-p 0001d000 b6:7f7e1 254                     /lib/x86_64-linux-gnu/libpthread-2.31.so
7fcfb4065000-7fcfb4069000 rw-p 00000000 00:00 0 
7fcfb4069000-7fcfb406c000 r--p 00000000 b6:7f7e1 1360                    /root/.vscode-server/extensions/redhat.java-1.9.0-linux-x64/jre/17.0.3-linux-x86_64/lib/libjli.so
7fcfb406c000-7fcfb4076000 r-xp 00003000 b6:7f7e1 1360                    /root/.vscode-server/extensions/redhat.java-1.9.0-linux-x64/jre/17.0.3-linux-x86_64/lib/libjli.so
7fcfb4076000-7fcfb4079000 r--p 0000d000 b6:7f7e1 1360                    /root/.vscode-server/extensions/redhat.java-1.9.0-linux-x64/jre/17.0.3-linux-x86_64/lib/libjli.so
7fcfb4079000-7fcfb407a000 ---p 00010000 b6:7f7e1 1360                    /root/.vscode-server/extensions/redhat.java-1.9.0-linux-x64/jre/17.0.3-linux-x86_64/lib/libjli.so
7fcfb407a000-7fcfb407b000 r--p 00010000 b6:7f7e1 1360                    /root/.vscode-server/extensions/redhat.java-1.9.0-linux-x64/jre/17.0.3-linux-x86_64/lib/libjli.so
7fcfb407b000-7fcfb407c000 rw-p 00011000 b6:7f7e1 1360                    /root/.vscode-server/extensions/redhat.java-1.9.0-linux-x64/jre/17.0.3-linux-x86_64/lib/libjli.so
7fcfb407c000-7fcfb407e000 r--p 00000000 b6:7f7e1 51                      /lib/x86_64-linux-gnu/libz.so.1.2.11
7fcfb407e000-7fcfb408f000 r-xp 00002000 b6:7f7e1 51                      /lib/x86_64-linux-gnu/libz.so.1.2.11
7fcfb408f000-7fcfb4095000 r--p 00013000 b6:7f7e1 51                      /lib/x86_64-linux-gnu/libz.so.1.2.11
7fcfb4095000-7fcfb4096000 ---p 00019000 b6:7f7e1 51                      /lib/x86_64-linux-gnu/libz.so.1.2.11
7fcfb4096000-7fcfb4097000 r--p 00019000 b6:7f7e1 51                      /lib/x86_64-linux-gnu/libz.so.1.2.11
7fcfb4097000-7fcfb4098000 rw-p 0001a000 b6:7f7e1 51                      /lib/x86_64-linux-gnu/libz.so.1.2.11
7fcfb409e000-7fcfb409f000 ---p 00000000 00:00 0 
7fcfb409f000-7fcfb40a0000 r--p 00000000 00:00 0 
7fcfb40a0000-7fcfb40a2000 rw-p 00000000 00:00 0 
7fcfb40a2000-7fcfb40a3000 r--p 00000000 b6:7f7e1 46                      /lib/x86_64-linux-gnu/ld-2.31.so
7fcfb40a3000-7fcfb40c6000 r-xp 00001000 b6:7f7e1 46                      /lib/x86_64-linux-gnu/ld-2.31.so
7fcfb40c6000-7fcfb40ce000 r--p 00024000 b6:7f7e1 46                      /lib/x86_64-linux-gnu/ld-2.31.so
7fcfb40ce000-7fcfb40cf000 ---p 00000000 00:00 0 
7fcfb40cf000-7fcfb40d0000 r--p 0002c000 b6:7f7e1 46                      /lib/x86_64-linux-gnu/ld-2.31.so
7fcfb40d0000-7fcfb40d1000 rw-p 0002d000 b6:7f7e1 46                      /lib/x86_64-linux-gnu/ld-2.31.so
7fcfb40d1000-7fcfb40d2000 rw-p 00000000 00:00 0 
7ffe97056000-7ffe97077000 rw-p 00000000 00:00 0                          [stack]
7ffe970c3000-7ffe970c5000 r-xp 00000000 00:00 0                          [vdso]
ffffffffff600000-ffffffffff601000 r-xp 00000000 00:00 0                  [vsyscall]


VM Arguments:
jvm_args: --add-modules=ALL-SYSTEM --add-opens=java.base/java.util=ALL-UNNAMED --add-opens=java.base/java.lang=ALL-UNNAMED --add-opens=java.base/sun.nio.fs=ALL-UNNAMED -Declipse.application=org.eclipse.jdt.ls.core.id1 -Dosgi.bundles.defaultStartLevel=4 -Declipse.product=org.eclipse.jdt.ls.core.product -Djava.import.generatesMetadataFilesAtProjectRoot=false -Dfile.encoding=utf8 -XX:+UseParallelGC -XX:GCTimeRatio=4 -XX:AdaptiveSizePolicyWeight=90 -Dsun.zip.disableMemoryMapping=true -Xmx1G -Xms100m -javaagent:/root/.vscode-server/extensions/redhat.java-1.9.0-linux-x64/lombok/lombok-1.18.24.jar -XX:+HeapDumpOnOutOfMemoryError -XX:HeapDumpPath=/root/.vscode-server/data/User/workspaceStorage/87b4d270608ddbbab61ac7b5faf37572/redhat.java 
java_command: /root/.vscode-server/extensions/redhat.java-1.9.0-linux-x64/server/plugins/org.eclipse.equinox.launcher_1.6.400.v20210924-0641.jar -configuration /root/.vscode-server/data/User/globalStorage/redhat.java/1.9.0/config_linux -data /root/.vscode-server/data/User/workspaceStorage/87b4d270608ddbbab61ac7b5faf37572/redhat.java/jdt_ws
java_class_path (initial): /root/.vscode-server/extensions/redhat.java-1.9.0-linux-x64/server/plugins/org.eclipse.equinox.launcher_1.6.400.v20210924-0641.jar
Launcher Type: SUN_STANDARD

[Global flags]
    uintx AdaptiveSizePolicyWeight                 = 90                                        {product} {command line}
     intx CICompilerCount                          = 2                                         {product} {ergonomic}
    uintx GCTimeRatio                              = 4                                         {product} {command line}
     bool HeapDumpOnOutOfMemoryError               = true                                   {manageable} {command line}
    ccstr HeapDumpPath                             = /root/.vscode-server/data/User/workspaceStorage/87b4d270608ddbbab61ac7b5faf37572/redhat.java         {manageable} {command line}
   size_t InitialHeapSize                          = 104857600                                 {product} {command line}
   size_t MaxHeapSize                              = 1073741824                                {product} {command line}
   size_t MaxNewSize                               = 357564416                                 {product} {ergonomic}
   size_t MinHeapDeltaBytes                        = 524288                                    {product} {ergonomic}
   size_t MinHeapSize                              = 104857600                                 {product} {command line}
   size_t NewSize                                  = 34603008                                  {product} {ergonomic}
    uintx NonNMethodCodeHeapSize                   = 5826188                                {pd product} {ergonomic}
    uintx NonProfiledCodeHeapSize                  = 122916026                              {pd product} {ergonomic}
   size_t OldSize                                  = 70254592                                  {product} {ergonomic}
    uintx ProfiledCodeHeapSize                     = 122916026                              {pd product} {ergonomic}
    uintx ReservedCodeCacheSize                    = 251658240                              {pd product} {ergonomic}
     bool SegmentedCodeCache                       = true                                      {product} {ergonomic}
   size_t SoftMaxHeapSize                          = 1073741824                             {manageable} {ergonomic}
     bool UseCompressedClassPointers               = true                           {product lp64_product} {ergonomic}
     bool UseCompressedOops                        = true                           {product lp64_product} {ergonomic}
     bool UseParallelGC                            = true                                      {product} {command line}

Logging:
Log output configuration:
 #0: stdout all=warning uptime,level,tags
 #1: stderr all=off uptime,level,tags

Environment Variables:
PATH=/root/.vscode-server/bin/3b889b090b5ad5793f524b5d1d39fda662b96a2a/bin/remote-cli:/root/.nvm/versions/node/v16.15.1/bin:/usr/local/sbin:/usr/local/bin:/usr/sbin:/usr/bin:/sbin:/bin:/usr/games:/usr/local/games:/snap/bin
SHELL=/bin/bash

Signal Handlers:
   SIGSEGV: crash_handler in libjvm.so, mask=11100100010111111101111111111110, flags=SA_RESTART|SA_SIGINFO
    SIGBUS: crash_handler in libjvm.so, mask=11100100010111111101111111111110, flags=SA_RESTART|SA_SIGINFO
    SIGFPE: crash_handler in libjvm.so, mask=11100100010111111101111111111110, flags=SA_RESTART|SA_SIGINFO
   SIGPIPE: javaSignalHandler in libjvm.so, mask=11100100010111111101111111111110, flags=SA_RESTART|SA_SIGINFO
   SIGXFSZ: javaSignalHandler in libjvm.so, mask=11100100010111111101111111111110, flags=SA_RESTART|SA_SIGINFO
    SIGILL: crash_handler in libjvm.so, mask=11100100010111111101111111111110, flags=SA_RESTART|SA_SIGINFO
   SIGUSR2: SR_handler in libjvm.so, mask=00000000000000000000000000000000, flags=SA_RESTART|SA_SIGINFO
    SIGHUP: UserHandler in libjvm.so, mask=11100100010111111101111111111110, flags=SA_RESTART|SA_SIGINFO
    SIGINT: UserHandler in libjvm.so, mask=11100100010111111101111111111110, flags=SA_RESTART|SA_SIGINFO
   SIGTERM: UserHandler in libjvm.so, mask=11100100010111111101111111111110, flags=SA_RESTART|SA_SIGINFO
   SIGQUIT: UserHandler in libjvm.so, mask=11100100010111111101111111111110, flags=SA_RESTART|SA_SIGINFO
  *** Handler was modified!
  *** Expected: javaSignalHandler in libjvm.so, mask=11100100110111111111111111111110, flags=SA_RESTART|SA_SIGINFO
   SIGTRAP: crash_handler in libjvm.so, mask=11100100010111111101111111111110, flags=SA_RESTART|SA_SIGINFO


---------------  S Y S T E M  ---------------

OS:
DISTRIB_ID=Ubuntu
DISTRIB_RELEASE=20.04
DISTRIB_CODENAME=focal
DISTRIB_DESCRIPTION="Ubuntu 20.04.4 LTS"
uname: Linux 5.4.0 #1 SMP Tue Jan 25 12:49:12 MSK 2022 x86_64
OS uptime: 1 days 14:52 hours
libc: glibc 2.31 NPTL 2.31 
rlimit (soft/hard): STACK 8192k/infinity , CORE 0k/infinity , NPROC 62987/62987 , NOFILE 1048576/1048576 , AS infinity/infinity , CPU infinity/infinity , DATA infinity/infinity , FSIZE infinity/infinity , MEMLOCK 65536k/65536k
load average: 2.53 0.68 0.39

/proc/meminfo:
MemTotal:        1048576 kB
MemFree:              48 kB
MemAvailable:      77220 kB
Cached:            57500 kB
Buffers:               0 kB
Active:           620912 kB
Inactive:         339860 kB
Active(anon):     594024 kB
Inactive(anon):   309300 kB
Active(file):      26888 kB
Inactive(file):    30560 kB
Unevictable:           0 kB
Mlocked:               0 kB
SwapTotal:        262144 kB
SwapFree:              0 kB
Dirty:               104 kB
Writeback:             0 kB
AnonPages:        903324 kB
Shmem:                28 kB
Slab:              65992 kB
SReclaimable:      19724 kB
SUnreclaim:        46268 kB

/sys/kernel/mm/transparent_hugepage/enabled: <Not Available>
/sys/kernel/mm/transparent_hugepage/defrag (defrag/compaction efforts parameter): <Not Available>

Process Memory:
Virtual Size: 3156700K (peak: 3266780K)
Resident Set Size: 485264K (peak: 485328K) (anon: 464404K, file: 20860K, shmem: 0K)
Swapped out: 0K
C-Heap outstanding allocations: 67150K

/proc/sys/kernel/threads-max (system-wide limit on the number of threads): 4114962
/proc/sys/vm/max_map_count (maximum number of memory map areas a process may have): 65530
/proc/sys/kernel/pid_max (system-wide limit on number of process identifiers): 4194304

container (cgroup) information:
container_type: cgroupv1
cpu_cpuset_cpus: 0-47
cpu_memory_nodes: 0-1
active_processor_count: 1
cpu_quota: no quota
cpu_period: 100000
cpu_shares: no shares
memory_limit_in_bytes: 1073741824
memory_and_swap_limit_in_bytes: 1342177280
memory_soft_limit_in_bytes: unlimited
memory_usage_in_bytes: 1010008064
memory_max_usage_in_bytes: 1013379072
maximum number of tasks: unlimited
current number of tasks: 166

Steal ticks since vm start: 0
Steal ticks percentage since vm start:  0.000

CPU: total 1 (initial active 1) (12 cores per cpu, 2 threads per core) family 6 model 85 stepping 7 microcode 0x5003103, cx8, cmov, fxsr, ht, mmx, 3dnowpref, sse, sse2, sse3, ssse3, sse4.1, sse4.2, popcnt, lzcnt, tsc, tscinvbit, avx, avx2, aes, erms, clmul, bmi1, bmi2, rtm, adx, avx512f, avx512dq, avx512cd, avx512bw, avx512vl, fma, vzeroupper, avx512_vnni, clflush, clflushopt, clwb
CPU Model and flags from /proc/cpuinfo:
model name	: Intel(R) Xeon(R) Silver 4214 CPU @ 2.20GHz
flags		: fpu vme de pse tsc msr pae mce cx8 apic sep mtrr pge mca cmov pat pse36 clflush dts acpi mmx fxsr sse sse2 ss ht tm pbe syscall nx pdpe1gb rdtscp lm constant_tsc art arch_perfmon pebs bts rep_good nopl xtopology nonstop_tsc aperfmperf eagerfpu cpuid_faulting pni pclmulqdq dtes64 monitor ds_cpl vmx smx est tm2 ssse3 sdbg fma cx16 xtpr pdcm pcid dca sse4_1 sse4_2 x2apic movbe popcnt tsc_deadline_timer aes xsave avx f16c rdrand lahf_lm abm 3dnowprefetch epb cat_l3 cdp_l3 invpcid_single intel_ppin intel_pt ssbd mba ibrs ibpb stibp ibrs_enhanced tpr_shadow vnmi flexpriority ept vpid fsgsbase tsc_adjust bmi1 hle avx2 smep bmi2 erms invpcid rtm cqm mpx rdt_a avx512f avx512dq rdseed adx smap clflushopt clwb avx512cd avx512bw avx512vl xsaveopt xsavec xgetbv1 cqm_llc cqm_occup_llc cqm_mbm_total cqm_mbm_local dtherm ida arat pln pts hwp hwp_act_window hwp_epp hwp_pkg_req pku ospke avx512_vnni md_clear spec_ctrl intel_stibp flush_l1d arch_capabilities

Online cpus: 0
Offline cpus: 
BIOS frequency limitation: <Not Available>
Frequency switch latency (ns): <Not Available>
Available cpu frequencies: <Not Available>
Current governor: <Not Available>
Core performance/turbo boost: <Not Available>

Memory: 4k page, physical 1048576k(62236k free), swap 262144k(0k free)
Page Sizes: 4k

vm_info: OpenJDK 64-Bit Server VM (17.0.3+7) for linux-amd64 JRE (17.0.3+7), built on Apr 19 2022 21:30:15 by "" with gcc 10.3.0

END.
