#
# There is insufficient memory for the Java Runtime Environment to continue.
# Native memory allocation (mmap) failed to map 58720256 bytes for committing reserved memory.
# Possible reasons:
#   The system is out of physical RAM or swap space
#   The process is running with CompressedOops enabled, and the Java Heap may be blocking the growth of the native heap
# Possible solutions:
#   Reduce memory load on the system
#   Increase physical memory or swap space
#   Check if swap backing store is full
#   Decrease Java heap size (-Xmx/-Xms)
#   Decrease number of Java threads
#   Decrease Java thread stack sizes (-Xss)
#   Set larger code cache with -XX:ReservedCodeCacheSize=
#   JVM is running with Unscaled Compressed Oops mode in which the Java heap is
#     placed in the first 4GB address space. The Java Heap base address is the
#     maximum limit for the native heap growth. Please use -XX:HeapBaseMinAddress
#     to set the Java Heap base and to place the Java Heap above 4GB virtual address.
# This output file may be truncated or incomplete.
#
#  Out of Memory Error (os_linux.cpp:2760), pid=161479, tid=161483
#
# JRE version: OpenJDK Runtime Environment Temurin-17.0.3+7 (17.0.3+7) (build 17.0.3+7)
# Java VM: OpenJDK 64-Bit Server VM Temurin-17.0.3+7 (17.0.3+7, mixed mode, tiered, compressed oops, compressed class ptrs, parallel gc, linux-amd64)
# No core dump will be written. Core dumps have been disabled. To enable core dumping, try "ulimit -c unlimited" before starting Java again
#

---------------  S U M M A R Y ------------

Command Line: --add-modules=ALL-SYSTEM --add-opens=java.base/java.util=ALL-UNNAMED --add-opens=java.base/java.lang=ALL-UNNAMED --add-opens=java.base/sun.nio.fs=ALL-UNNAMED -Declipse.application=org.eclipse.jdt.ls.core.id1 -Dosgi.bundles.defaultStartLevel=4 -Declipse.product=org.eclipse.jdt.ls.core.product -Djava.import.generatesMetadataFilesAtProjectRoot=false -Dfile.encoding=utf8 -XX:+UseParallelGC -XX:GCTimeRatio=4 -XX:AdaptiveSizePolicyWeight=90 -Dsun.zip.disableMemoryMapping=true -Xmx1G -Xms100m -javaagent:/root/.vscode-server/extensions/redhat.java-1.9.0-linux-x64/lombok/lombok-1.18.24.jar -XX:+HeapDumpOnOutOfMemoryError -XX:HeapDumpPath=/root/.vscode-server/data/User/workspaceStorage/ed24cf8e6929699fd0aa1176f86d1279/redhat.java /root/.vscode-server/extensions/redhat.java-1.9.0-linux-x64/server/plugins/org.eclipse.equinox.launcher_1.6.400.v20210924-0641.jar -configuration /root/.vscode-server/data/User/globalStorage/redhat.java/1.9.0/config_linux -data /root/.vscode-server/data/User/workspaceStorage/ed24cf8e6929699fd0aa1176f86d1279/redhat.java/jdt_ws

Host: Intel(R) Xeon(R) Silver 4214 CPU @ 2.20GHz, 1 cores, 1G, Ubuntu 20.04.4 LTS
Time: Wed Jul 27 04:48:28 2022 UTC elapsed time: 45.291770 seconds (0d 0h 0m 45s)

---------------  T H R E A D  ---------------

Current thread (0x00007f9fa40ed990):  VMThread "VM Thread" [stack: 0x00007f9f94385000,0x00007f9f94485000] [id=161483]

Stack: [0x00007f9f94385000,0x00007f9f94485000],  sp=0x00007f9f944830e0,  free space=1016k
Native frames: (J=compiled Java code, j=interpreted, Vv=VM code, C=native code)
V  [libjvm.so+0xed4411]  VMError::report_and_die(int, char const*, char const*, __va_list_tag*, Thread*, unsigned char*, void*, void*, char const*, int, unsigned long)+0x1a1
V  [libjvm.so+0xed4fdd]  VMError::report_and_die(Thread*, char const*, int, unsigned long, VMErrorType, char const*, __va_list_tag*)+0x2d
V  [libjvm.so+0x602f33]  report_vm_out_of_memory(char const*, int, unsigned long, VMErrorType, char const*, ...)+0xc3
V  [libjvm.so+0xc0f489]  os::pd_commit_memory(char*, unsigned long, unsigned long, bool)+0xd9
V  [libjvm.so+0xc084ef]  os::commit_memory(char*, unsigned long, unsigned long, bool)+0x1f
V  [libjvm.so+0xc8a7ab]  PSVirtualSpace::expand_by(unsigned long)+0x4b
V  [libjvm.so+0xc78e3c]  PSOldGen::expand_by(unsigned long)+0x1c
V  [libjvm.so+0xc78f96]  PSOldGen::expand(unsigned long)+0x76
V  [libjvm.so+0xc793ed]  PSOldGen::resize(unsigned long)+0x13d
V  [libjvm.so+0xc7fbce]  PSParallelCompact::invoke_no_policy(bool) [clone .part.0]+0x6de
V  [libjvm.so+0xc8853f]  PSScavenge::invoke()+0x13f
V  [libjvm.so+0xc2f72a]  ParallelScavengeHeap::failed_mem_allocate(unsigned long)+0x2a
V  [libjvm.so+0xc8a5cb]  VM_ParallelGCFailedAllocation::doit()+0x4b
V  [libjvm.so+0xed993a]  VM_Operation::evaluate()+0xea
V  [libjvm.so+0xedb2e3]  VMThread::evaluate_operation(VM_Operation*)+0x103
V  [libjvm.so+0xedb834]  VMThread::inner_execute(VM_Operation*)+0x1d4
V  [libjvm.so+0xedbb1f]  VMThread::run()+0xbf
V  [libjvm.so+0xe5805e]  Thread::call_run()+0xde
V  [libjvm.so+0xc120f1]  thread_native_entry(Thread*)+0xe1

VM_Operation (0x00007f9f75bfc980): ParallelGCFailedAllocation, mode: safepoint, requested by thread 0x00007f9fa455af80


---------------  P R O C E S S  ---------------

Threads class SMR info:
_java_thread_list=0x00007f9f7c004030, length=26, elements={
0x00007f9fa4025b20, 0x00007f9fa40fdb40, 0x00007f9fa40ff0b0, 0x00007f9fa4125670,
0x00007f9fa4128fe0, 0x00007f9fa4129ed0, 0x00007f9fa412b520, 0x00007f9fa412c9d0,
0x00007f9fa412de10, 0x00007f9fa41838f0, 0x00007f9fa423ebd0, 0x00007f9fa42f35c0,
0x00007f9fa43d9340, 0x00007f9fa4406e20, 0x00007f9fa4409c10, 0x000055f4cc51a4b0,
0x000055f4cc7d0ab0, 0x000055f4cc854e00, 0x00007f9f84002850, 0x00007f9f80001a80,
0x00007f9f88005460, 0x000055f4cc592250, 0x00007f9fa44db4c0, 0x00007f9fa455af80,
0x00007f9f90038420, 0x00007f9f843f94a0
}

Java Threads: ( => current thread )
  0x00007f9fa4025b20 JavaThread "main" [_thread_blocked, id=161481, stack(0x00007f9fab09c000,0x00007f9fab19d000)]
  0x00007f9fa40fdb40 JavaThread "Reference Handler" daemon [_thread_blocked, id=161484, stack(0x00007f9f94282000,0x00007f9f94383000)]
  0x00007f9fa40ff0b0 JavaThread "Finalizer" daemon [_thread_blocked, id=161485, stack(0x00007f9f94181000,0x00007f9f94282000)]
  0x00007f9fa4125670 JavaThread "Signal Dispatcher" daemon [_thread_blocked, id=161486, stack(0x00007f9f94080000,0x00007f9f94181000)]
  0x00007f9fa4128fe0 JavaThread "Service Thread" daemon [_thread_blocked, id=161487, stack(0x00007f9f8deff000,0x00007f9f8e000000)]
  0x00007f9fa4129ed0 JavaThread "Monitor Deflation Thread" daemon [_thread_blocked, id=161488, stack(0x00007f9f8ddfe000,0x00007f9f8deff000)]
  0x00007f9fa412b520 JavaThread "C2 CompilerThread0" daemon [_thread_blocked, id=161489, stack(0x00007f9f8dcfd000,0x00007f9f8ddfe000)]
  0x00007f9fa412c9d0 JavaThread "C1 CompilerThread0" daemon [_thread_blocked, id=161490, stack(0x00007f9f8d2ff000,0x00007f9f8d400000)]
  0x00007f9fa412de10 JavaThread "Sweeper thread" daemon [_thread_blocked, id=161491, stack(0x00007f9f8d1fe000,0x00007f9f8d2ff000)]
  0x00007f9fa41838f0 JavaThread "Common-Cleaner" daemon [_thread_blocked, id=161492, stack(0x00007f9f8d0fd000,0x00007f9f8d1fe000)]
  0x00007f9fa423ebd0 JavaThread "Notification Thread" daemon [_thread_blocked, id=161496, stack(0x00007f9f8cffc000,0x00007f9f8d0fd000)]
  0x00007f9fa42f35c0 JavaThread "process reaper" daemon [_thread_blocked, id=161507, stack(0x00007f9f94036000,0x00007f9f94058000)]
  0x00007f9fa43d9340 JavaThread "Active Thread: Equinox Container: 5247ab86-6012-4967-8e5c-8797f5b0b399" [_thread_blocked, id=161530, stack(0x00007f9f8cdf9000,0x00007f9f8cefa000)]
  0x00007f9fa4406e20 JavaThread "Framework Event Dispatcher: Equinox Container: 5247ab86-6012-4967-8e5c-8797f5b0b399" daemon [_thread_blocked, id=161534, stack(0x00007f9f8ccf8000,0x00007f9f8cdf9000)]
  0x00007f9fa4409c10 JavaThread "Start Level: Equinox Container: 5247ab86-6012-4967-8e5c-8797f5b0b399" daemon [_thread_blocked, id=161535, stack(0x00007f9f8c2ff000,0x00007f9f8c400000)]
  0x000055f4cc51a4b0 JavaThread "SCR Component Actor" daemon [_thread_blocked, id=161536, stack(0x00007f9f77eff000,0x00007f9f78000000)]
  0x000055f4cc7d0ab0 JavaThread "Worker-JM" [_thread_blocked, id=161544, stack(0x00007f9f77cfd000,0x00007f9f77dfe000)]
  0x000055f4cc854e00 JavaThread "Worker-0" [_thread_blocked, id=161545, stack(0x00007f9f772ff000,0x00007f9f77400000)]
  0x00007f9f84002850 JavaThread "Worker-1" [_thread_blocked, id=161546, stack(0x00007f9f771fe000,0x00007f9f772ff000)]
  0x00007f9f80001a80 JavaThread "Worker-2" [_thread_blocked, id=161553, stack(0x00007f9f770fd000,0x00007f9f771fe000)]
  0x00007f9f88005460 JavaThread "Worker-3: Initialize workspace" [_thread_blocked, id=161554, stack(0x00007f9f76ffc000,0x00007f9f770fd000)]
  0x000055f4cc592250 JavaThread "Java indexing" daemon [_thread_blocked, id=161570, stack(0x00007f9f76efb000,0x00007f9f76ffc000)]
  0x00007f9fa44db4c0 JavaThread "pool-2-thread-1" [_thread_blocked, id=161573, stack(0x00007f9f77dfe000,0x00007f9f77eff000)]
  0x00007f9fa455af80 JavaThread "pool-1-thread-1" [_thread_blocked, id=161575, stack(0x00007f9f75aff000,0x00007f9f75c00000)]
  0x00007f9f90038420 JavaThread "Worker-4" [_thread_blocked, id=161609, stack(0x00007f9f76dfa000,0x00007f9f76efb000)]
  0x00007f9f843f94a0 JavaThread "Worker-5" [_thread_blocked, id=161627, stack(0x00007f9f758fd000,0x00007f9f759fe000)]

Other Threads:
=>0x00007f9fa40ed990 VMThread "VM Thread" [stack: 0x00007f9f94385000,0x00007f9f94485000] [id=161483]
  0x00007f9fa40700e0 WatcherThread [stack: 0x00007f9f8cefc000,0x00007f9f8cffc000] [id=161497]
  0x00007f9fa403c860 GCTaskThread "GC Thread#0" [stack: 0x00007f9f94f00000,0x00007f9f95000000] [id=161482]

Threads with active compile tasks:
C2 CompilerThread0    57302 5643       4       org.objectweb.asm.ClassReader::readMethod (1066 bytes)

VM state: at safepoint (normal execution)

VM Mutex/Monitor currently owned by a thread:  ([mutex/lock_event])
[0x00007f9fa4021b60] ExpandHeap_lock - owner thread: 0x00007f9fa40ed990
[0x00007f9fa4022260] Threads_lock - owner thread: 0x00007f9fa40ed990
[0x00007f9fa4022a10] Heap_lock - owner thread: 0x00007f9fa455af80

Heap address: 0x00000000c0000000, size: 1024 MB, Compressed Oops mode: 32-bit

CDS archive(s) not mapped
Compressed class space mapped at: 0x0000000100000000-0x0000000140000000, reserved size: 1073741824
Narrow klass base: 0x0000000000000000, Narrow klass shift: 3, Narrow klass range: 0x140000000

GC Precious Log:
 CPUs: 1 total, 1 available
 Memory: 1024M
 Large Page Support: Disabled
 NUMA Support: Disabled
 Compressed Oops: Enabled (32-bit)
 Alignments: Space 512K, Generation 512K, Heap 2M
 Heap Min Capacity: 100M
 Heap Initial Capacity: 100M
 Heap Max Capacity: 1G
 Pre-touch: Disabled
 Parallel Workers: 1

Heap:
 PSYoungGen      total 41472K, used 1506K [0x00000000eab00000, 0x00000000eeb80000, 0x0000000100000000)
  eden space 35840K, 0% used [0x00000000eab00000,0x00000000eab00000,0x00000000ece00000)
  from space 5632K, 26% used [0x00000000ece00000,0x00000000ecf78840,0x00000000ed380000)
  to   space 12288K, 0% used [0x00000000edf80000,0x00000000edf80000,0x00000000eeb80000)
 ParOldGen       total 101888K, used 101446K [0x00000000c0000000, 0x00000000c6380000, 0x00000000eab00000)
  object space 101888K, 99% used [0x00000000c0000000,0x00000000c6311ba8,0x00000000c6380000)
 Metaspace       used 55704K, committed 56576K, reserved 1105920K
  class space    used 5989K, committed 6400K, reserved 1048576K

Card table byte_map: [0x00007f9fa8039000,0x00007f9fa823a000] _byte_map_base: 0x00007f9fa7a39000

Marking Bits: (ParMarkBitMap*) 0x00007f9fac6074e0
 Begin Bits: [0x00007f9f8e000000, 0x00007f9f8f000000)
 End Bits:   [0x00007f9f8f000000, 0x00007f9f90000000)

Polling page: 0x00007f9fac881000

Metaspace:

Usage:
  Non-class:     48.55 MB used.
      Class:      5.85 MB used.
       Both:     54.40 MB used.

Virtual space:
  Non-class space:       56.00 MB reserved,      49.00 MB ( 88%) committed,  7 nodes.
      Class space:        1.00 GB reserved,       6.25 MB ( <1%) committed,  1 nodes.
             Both:        1.05 GB reserved,      55.25 MB (  5%) committed. 

Chunk freelists:
   Non-Class:  2.70 MB
       Class:  1.74 MB
        Both:  4.45 MB

MaxMetaspaceSize: unlimited
CompressedClassSpaceSize: 1.00 GB
Initial GC threshold: 21.00 MB
Current GC threshold: 84.50 MB
CDS: off
MetaspaceReclaimPolicy: balanced
 - commit_granule_bytes: 65536.
 - commit_granule_words: 8192.
 - virtual_space_node_default_size: 1048576.
 - enlarge_chunks_in_place: 1.
 - new_chunks_are_fully_committed: 0.
 - uncommit_free_chunks: 1.
 - use_allocation_guard: 0.
 - handle_deallocations: 1.


Internal statistics:

num_allocs_failed_limit: 6.
num_arena_births: 382.
num_arena_deaths: 14.
num_vsnodes_births: 8.
num_vsnodes_deaths: 0.
num_space_committed: 884.
num_space_uncommitted: 0.
num_chunks_returned_to_freelist: 20.
num_chunks_taken_from_freelist: 2394.
num_chunk_merges: 10.
num_chunk_splits: 1581.
num_chunks_enlarged: 1050.
num_purges: 2.
num_inconsistent_stats: 0.

CodeHeap 'non-profiled nmethods': size=120036Kb used=1749Kb max_used=1749Kb free=118286Kb
 bounds [0x00007f9f9cac7000, 0x00007f9f9cd37000, 0x00007f9fa4000000]
CodeHeap 'profiled nmethods': size=120032Kb used=11087Kb max_used=11087Kb free=108944Kb
 bounds [0x00007f9f9558f000, 0x00007f9f9606f000, 0x00007f9f9cac7000]
CodeHeap 'non-nmethods': size=5692Kb used=1317Kb max_used=1373Kb free=4374Kb
 bounds [0x00007f9f95000000, 0x00007f9f95270000, 0x00007f9f9558f000]
 total_blobs=6272 nmethods=5628 adapters=559
 compilation: enabled
              stopped_count=0, restarted_count=0
 full_count=0

Compilation events (20 events):
Event: 43.457 Thread 0x00007f9fa412c9d0 5806       2       org.eclipse.core.internal.watson.ElementTreeIterator::doIteration (114 bytes)
Event: 43.458 Thread 0x00007f9fa412c9d0 nmethod 5806 0x00007f9f9605f910 code [0x00007f9f9605fae0, 0x00007f9f9605fe60]
Event: 43.458 Thread 0x00007f9fa412c9d0 5809       2       sun.reflect.generics.reflectiveObjects.ParameterizedTypeImpl::validateConstructorArguments (82 bytes)
Event: 43.459 Thread 0x00007f9fa412c9d0 nmethod 5809 0x00007f9f96060110 code [0x00007f9f96060380, 0x00007f9f96060cf0]
Event: 43.459 Thread 0x00007f9fa412c9d0 5808       2       java.lang.Class::getDeclaringClass (31 bytes)
Event: 43.459 Thread 0x00007f9fa412c9d0 nmethod 5808 0x00007f9f96061290 code [0x00007f9f96061460, 0x00007f9f96061620]
Event: 43.459 Thread 0x00007f9fa412c9d0 5807       1       sun.util.calendar.BaseCalendar$Date::getCachedJan1 (5 bytes)
Event: 43.459 Thread 0x00007f9fa412c9d0 nmethod 5807 0x00007f9f9cc7be10 code [0x00007f9f9cc7bfa0, 0x00007f9f9cc7c070]
Event: 43.459 Thread 0x00007f9fa412c9d0 5804       1       org.eclipse.core.internal.watson.ElementTree::getDataTree (5 bytes)
Event: 43.459 Thread 0x00007f9fa412c9d0 nmethod 5804 0x00007f9f9cc7c110 code [0x00007f9f9cc7c2a0, 0x00007f9f9cc7c370]
Event: 43.468 Thread 0x00007f9fa412c9d0 5810       2       java.io.PrintStream::ensureOpen (18 bytes)
Event: 43.469 Thread 0x00007f9fa412c9d0 nmethod 5810 0x00007f9f96061790 code [0x00007f9f96061940, 0x00007f9f96061b00]
Event: 43.472 Thread 0x00007f9fa412c9d0 5811       2       com.google.gson.stream.JsonWriter::open (19 bytes)
Event: 43.472 Thread 0x00007f9fa412c9d0 nmethod 5811 0x00007f9f96061c10 code [0x00007f9f96061dc0, 0x00007f9f96061f40]
Event: 43.502 Thread 0x00007f9fa412c9d0 5812       1       org.eclipse.osgi.internal.hookregistry.ClassLoaderHook::createClassLoader (2 bytes)
Event: 43.502 Thread 0x00007f9fa412c9d0 nmethod 5812 0x00007f9f9cc7c410 code [0x00007f9f9cc7c5a0, 0x00007f9f9cc7c670]
Event: 43.509 Thread 0x00007f9fa412c9d0 5813       2       java.lang.invoke.LambdaForm::editor (5 bytes)
Event: 43.509 Thread 0x00007f9fa412c9d0 nmethod 5813 0x00007f9f96062010 code [0x00007f9f960621c0, 0x00007f9f96062360]
Event: 43.510 Thread 0x00007f9fa412c9d0 5814       2       java.lang.invoke.LambdaFormEditor::getInCache (165 bytes)
Event: 43.510 Thread 0x00007f9fa412c9d0 nmethod 5814 0x00007f9f96062490 code [0x00007f9f960626a0, 0x00007f9f96062bb0]

GC Heap History (20 events):
Event: 38.576 GC heap after
{Heap after GC invocations=36 (full 3):
 PSYoungGen      total 23040K, used 3130K [0x00000000eab00000, 0x00000000ec580000, 0x0000000100000000)
  eden space 18944K, 0% used [0x00000000eab00000,0x00000000eab00000,0x00000000ebd80000)
  from space 4096K, 76% used [0x00000000ec180000,0x00000000ec48ea60,0x00000000ec580000)
  to   space 4096K, 0% used [0x00000000ebd80000,0x00000000ebd80000,0x00000000ec180000)
 ParOldGen       total 101888K, used 68938K [0x00000000c0000000, 0x00000000c6380000, 0x00000000eab00000)
  object space 101888K, 67% used [0x00000000c0000000,0x00000000c4352a00,0x00000000c6380000)
 Metaspace       used 52088K, committed 52928K, reserved 1097728K
  class space    used 5666K, committed 6016K, reserved 1048576K
}
Event: 38.978 GC heap before
{Heap before GC invocations=37 (full 3):
 PSYoungGen      total 23040K, used 22016K [0x00000000eab00000, 0x00000000ec580000, 0x0000000100000000)
  eden space 18944K, 99% used [0x00000000eab00000,0x00000000ebd718f0,0x00000000ebd80000)
  from space 4096K, 76% used [0x00000000ec180000,0x00000000ec48ea60,0x00000000ec580000)
  to   space 4096K, 0% used [0x00000000ebd80000,0x00000000ebd80000,0x00000000ec180000)
 ParOldGen       total 101888K, used 68938K [0x00000000c0000000, 0x00000000c6380000, 0x00000000eab00000)
  object space 101888K, 67% used [0x00000000c0000000,0x00000000c4352a00,0x00000000c6380000)
 Metaspace       used 52356K, committed 53184K, reserved 1097728K
  class space    used 5684K, committed 6080K, reserved 1048576K
}
Event: 39.080 GC heap after
{Heap after GC invocations=37 (full 3):
 PSYoungGen      total 23040K, used 2637K [0x00000000eab00000, 0x00000000ec700000, 0x0000000100000000)
  eden space 18944K, 0% used [0x00000000eab00000,0x00000000eab00000,0x00000000ebd80000)
  from space 4096K, 64% used [0x00000000ebd80000,0x00000000ec013768,0x00000000ec180000)
  to   space 3072K, 0% used [0x00000000ec400000,0x00000000ec400000,0x00000000ec700000)
 ParOldGen       total 101888K, used 71974K [0x00000000c0000000, 0x00000000c6380000, 0x00000000eab00000)
  object space 101888K, 70% used [0x00000000c0000000,0x00000000c4649968,0x00000000c6380000)
 Metaspace       used 52356K, committed 53184K, reserved 1097728K
  class space    used 5684K, committed 6080K, reserved 1048576K
}
Event: 39.403 GC heap before
{Heap before GC invocations=38 (full 3):
 PSYoungGen      total 23040K, used 21581K [0x00000000eab00000, 0x00000000ec700000, 0x0000000100000000)
  eden space 18944K, 100% used [0x00000000eab00000,0x00000000ebd80000,0x00000000ebd80000)
  from space 4096K, 64% used [0x00000000ebd80000,0x00000000ec013768,0x00000000ec180000)
  to   space 3072K, 0% used [0x00000000ec400000,0x00000000ec400000,0x00000000ec700000)
 ParOldGen       total 101888K, used 71974K [0x00000000c0000000, 0x00000000c6380000, 0x00000000eab00000)
  object space 101888K, 70% used [0x00000000c0000000,0x00000000c4649968,0x00000000c6380000)
 Metaspace       used 52954K, committed 53824K, reserved 1097728K
  class space    used 5726K, committed 6144K, reserved 1048576K
}
Event: 39.514 GC heap after
{Heap after GC invocations=38 (full 3):
 PSYoungGen      total 25600K, used 2807K [0x00000000eab00000, 0x00000000ec700000, 0x0000000100000000)
  eden space 22528K, 0% used [0x00000000eab00000,0x00000000eab00000,0x00000000ec100000)
  from space 3072K, 91% used [0x00000000ec400000,0x00000000ec6bdda0,0x00000000ec700000)
  to   space 3072K, 0% used [0x00000000ec100000,0x00000000ec100000,0x00000000ec400000)
 ParOldGen       total 101888K, used 74532K [0x00000000c0000000, 0x00000000c6380000, 0x00000000eab00000)
  object space 101888K, 73% used [0x00000000c0000000,0x00000000c48c93d8,0x00000000c6380000)
 Metaspace       used 52954K, committed 53824K, reserved 1097728K
  class space    used 5726K, committed 6144K, reserved 1048576K
}
Event: 39.750 GC heap before
{Heap before GC invocations=39 (full 3):
 PSYoungGen      total 25600K, used 25335K [0x00000000eab00000, 0x00000000ec700000, 0x0000000100000000)
  eden space 22528K, 100% used [0x00000000eab00000,0x00000000ec100000,0x00000000ec100000)
  from space 3072K, 91% used [0x00000000ec400000,0x00000000ec6bdda0,0x00000000ec700000)
  to   space 3072K, 0% used [0x00000000ec100000,0x00000000ec100000,0x00000000ec400000)
 ParOldGen       total 101888K, used 74532K [0x00000000c0000000, 0x00000000c6380000, 0x00000000eab00000)
  object space 101888K, 73% used [0x00000000c0000000,0x00000000c48c93d8,0x00000000c6380000)
 Metaspace       used 52954K, committed 53824K, reserved 1097728K
  class space    used 5726K, committed 6144K, reserved 1048576K
}
Event: 39.793 GC heap after
{Heap after GC invocations=39 (full 3):
 PSYoungGen      total 25600K, used 2427K [0x00000000eab00000, 0x00000000ecb00000, 0x0000000100000000)
  eden space 22528K, 0% used [0x00000000eab00000,0x00000000eab00000,0x00000000ec100000)
  from space 3072K, 79% used [0x00000000ec100000,0x00000000ec35ec68,0x00000000ec400000)
  to   space 3072K, 0% used [0x00000000ec800000,0x00000000ec800000,0x00000000ecb00000)
 ParOldGen       total 101888K, used 77288K [0x00000000c0000000, 0x00000000c6380000, 0x00000000eab00000)
  object space 101888K, 75% used [0x00000000c0000000,0x00000000c4b7a0f0,0x00000000c6380000)
 Metaspace       used 52954K, committed 53824K, reserved 1097728K
  class space    used 5726K, committed 6144K, reserved 1048576K
}
Event: 40.116 GC heap before
{Heap before GC invocations=40 (full 3):
 PSYoungGen      total 25600K, used 24955K [0x00000000eab00000, 0x00000000ecb00000, 0x0000000100000000)
  eden space 22528K, 100% used [0x00000000eab00000,0x00000000ec100000,0x00000000ec100000)
  from space 3072K, 79% used [0x00000000ec100000,0x00000000ec35ec68,0x00000000ec400000)
  to   space 3072K, 0% used [0x00000000ec800000,0x00000000ec800000,0x00000000ecb00000)
 ParOldGen       total 101888K, used 77288K [0x00000000c0000000, 0x00000000c6380000, 0x00000000eab00000)
  object space 101888K, 75% used [0x00000000c0000000,0x00000000c4b7a0f0,0x00000000c6380000)
 Metaspace       used 53032K, committed 53888K, reserved 1097728K
  class space    used 5738K, committed 6144K, reserved 1048576K
}
Event: 40.164 GC heap after
{Heap after GC invocations=40 (full 3):
 PSYoungGen      total 29184K, used 3058K [0x00000000eab00000, 0x00000000ecb80000, 0x0000000100000000)
  eden space 26112K, 0% used [0x00000000eab00000,0x00000000eab00000,0x00000000ec480000)
  from space 3072K, 99% used [0x00000000ec800000,0x00000000ecafc930,0x00000000ecb00000)
  to   space 3584K, 0% used [0x00000000ec480000,0x00000000ec480000,0x00000000ec800000)
 ParOldGen       total 101888K, used 79573K [0x00000000c0000000, 0x00000000c6380000, 0x00000000eab00000)
  object space 101888K, 78% used [0x00000000c0000000,0x00000000c4db5628,0x00000000c6380000)
 Metaspace       used 53032K, committed 53888K, reserved 1097728K
  class space    used 5738K, committed 6144K, reserved 1048576K
}
Event: 40.554 GC heap before
{Heap before GC invocations=41 (full 3):
 PSYoungGen      total 29184K, used 29170K [0x00000000eab00000, 0x00000000ecb80000, 0x0000000100000000)
  eden space 26112K, 100% used [0x00000000eab00000,0x00000000ec480000,0x00000000ec480000)
  from space 3072K, 99% used [0x00000000ec800000,0x00000000ecafc930,0x00000000ecb00000)
  to   space 3584K, 0% used [0x00000000ec480000,0x00000000ec480000,0x00000000ec800000)
 ParOldGen       total 101888K, used 79573K [0x00000000c0000000, 0x00000000c6380000, 0x00000000eab00000)
  object space 101888K, 78% used [0x00000000c0000000,0x00000000c4db5628,0x00000000c6380000)
 Metaspace       used 53286K, committed 54080K, reserved 1097728K
  class space    used 5770K, committed 6144K, reserved 1048576K
}
Event: 40.629 GC heap after
{Heap after GC invocations=41 (full 3):
 PSYoungGen      total 29696K, used 3565K [0x00000000eab00000, 0x00000000eda00000, 0x0000000100000000)
  eden space 26112K, 0% used [0x00000000eab00000,0x00000000eab00000,0x00000000ec480000)
  from space 3584K, 99% used [0x00000000ec480000,0x00000000ec7fb710,0x00000000ec800000)
  to   space 8704K, 0% used [0x00000000ed180000,0x00000000ed180000,0x00000000eda00000)
 ParOldGen       total 101888K, used 83773K [0x00000000c0000000, 0x00000000c6380000, 0x00000000eab00000)
  object space 101888K, 82% used [0x00000000c0000000,0x00000000c51cf680,0x00000000c6380000)
 Metaspace       used 53286K, committed 54080K, reserved 1097728K
  class space    used 5770K, committed 6144K, reserved 1048576K
}
Event: 41.020 GC heap before
{Heap before GC invocations=42 (full 3):
 PSYoungGen      total 29696K, used 29677K [0x00000000eab00000, 0x00000000eda00000, 0x0000000100000000)
  eden space 26112K, 100% used [0x00000000eab00000,0x00000000ec480000,0x00000000ec480000)
  from space 3584K, 99% used [0x00000000ec480000,0x00000000ec7fb710,0x00000000ec800000)
  to   space 8704K, 0% used [0x00000000ed180000,0x00000000ed180000,0x00000000eda00000)
 ParOldGen       total 101888K, used 83773K [0x00000000c0000000, 0x00000000c6380000, 0x00000000eab00000)
  object space 101888K, 82% used [0x00000000c0000000,0x00000000c51cf680,0x00000000c6380000)
 Metaspace       used 53623K, committed 54464K, reserved 1097728K
  class space    used 5800K, committed 6208K, reserved 1048576K
}
Event: 41.189 GC heap after
{Heap after GC invocations=42 (full 3):
 PSYoungGen      total 35840K, used 4619K [0x00000000eab00000, 0x00000000ed680000, 0x0000000100000000)
  eden space 30720K, 0% used [0x00000000eab00000,0x00000000eab00000,0x00000000ec900000)
  from space 5120K, 90% used [0x00000000ed180000,0x00000000ed602d78,0x00000000ed680000)
  to   space 6144K, 0% used [0x00000000eca80000,0x00000000eca80000,0x00000000ed080000)
 ParOldGen       total 101888K, used 87348K [0x00000000c0000000, 0x00000000c6380000, 0x00000000eab00000)
  object space 101888K, 85% used [0x00000000c0000000,0x00000000c554d138,0x00000000c6380000)
 Metaspace       used 53623K, committed 54464K, reserved 1097728K
  class space    used 5800K, committed 6208K, reserved 1048576K
}
Event: 41.710 GC heap before
{Heap before GC invocations=43 (full 3):
 PSYoungGen      total 35840K, used 35339K [0x00000000eab00000, 0x00000000ed680000, 0x0000000100000000)
  eden space 30720K, 100% used [0x00000000eab00000,0x00000000ec900000,0x00000000ec900000)
  from space 5120K, 90% used [0x00000000ed180000,0x00000000ed602d78,0x00000000ed680000)
  to   space 6144K, 0% used [0x00000000eca80000,0x00000000eca80000,0x00000000ed080000)
 ParOldGen       total 101888K, used 87348K [0x00000000c0000000, 0x00000000c6380000, 0x00000000eab00000)
  object space 101888K, 85% used [0x00000000c0000000,0x00000000c554d138,0x00000000c6380000)
 Metaspace       used 53634K, committed 54528K, reserved 1097728K
  class space    used 5800K, committed 6208K, reserved 1048576K
}
Event: 41.839 GC heap after
{Heap after GC invocations=43 (full 3):
 PSYoungGen      total 38400K, used 4829K [0x00000000eab00000, 0x00000000ed880000, 0x0000000100000000)
  eden space 32256K, 0% used [0x00000000eab00000,0x00000000eab00000,0x00000000eca80000)
  from space 6144K, 78% used [0x00000000eca80000,0x00000000ecf37688,0x00000000ed080000)
  to   space 5120K, 0% used [0x00000000ed380000,0x00000000ed380000,0x00000000ed880000)
 ParOldGen       total 101888K, used 91231K [0x00000000c0000000, 0x00000000c6380000, 0x00000000eab00000)
  object space 101888K, 89% used [0x00000000c0000000,0x00000000c5917cf8,0x00000000c6380000)
 Metaspace       used 53634K, committed 54528K, reserved 1097728K
  class space    used 5800K, committed 6208K, reserved 1048576K
}
Event: 42.558 GC heap before
{Heap before GC invocations=44 (full 3):
 PSYoungGen      total 38400K, used 37079K [0x00000000eab00000, 0x00000000ed880000, 0x0000000100000000)
  eden space 32256K, 99% used [0x00000000eab00000,0x00000000eca7e958,0x00000000eca80000)
  from space 6144K, 78% used [0x00000000eca80000,0x00000000ecf37688,0x00000000ed080000)
  to   space 5120K, 0% used [0x00000000ed380000,0x00000000ed380000,0x00000000ed880000)
 ParOldGen       total 101888K, used 91231K [0x00000000c0000000, 0x00000000c6380000, 0x00000000eab00000)
  object space 101888K, 89% used [0x00000000c0000000,0x00000000c5917cf8,0x00000000c6380000)
 Metaspace       used 55102K, committed 56000K, reserved 1105920K
  class space    used 5939K, committed 6336K, reserved 1048576K
}
Event: 42.721 GC heap after
{Heap after GC invocations=44 (full 3):
 PSYoungGen      total 40960K, used 5096K [0x00000000eab00000, 0x00000000eda80000, 0x0000000100000000)
  eden space 35840K, 0% used [0x00000000eab00000,0x00000000eab00000,0x00000000ece00000)
  from space 5120K, 99% used [0x00000000ed380000,0x00000000ed87a0a8,0x00000000ed880000)
  to   space 5632K, 0% used [0x00000000ece00000,0x00000000ece00000,0x00000000ed380000)
 ParOldGen       total 101888K, used 95662K [0x00000000c0000000, 0x00000000c6380000, 0x00000000eab00000)
  object space 101888K, 93% used [0x00000000c0000000,0x00000000c5d6b808,0x00000000c6380000)
 Metaspace       used 55102K, committed 56000K, reserved 1105920K
  class space    used 5939K, committed 6336K, reserved 1048576K
}
Event: 43.557 GC heap before
{Heap before GC invocations=45 (full 3):
 PSYoungGen      total 40960K, used 40936K [0x00000000eab00000, 0x00000000eda80000, 0x0000000100000000)
  eden space 35840K, 100% used [0x00000000eab00000,0x00000000ece00000,0x00000000ece00000)
  from space 5120K, 99% used [0x00000000ed380000,0x00000000ed87a0a8,0x00000000ed880000)
  to   space 5632K, 0% used [0x00000000ece00000,0x00000000ece00000,0x00000000ed380000)
 ParOldGen       total 101888K, used 95662K [0x00000000c0000000, 0x00000000c6380000, 0x00000000eab00000)
  object space 101888K, 93% used [0x00000000c0000000,0x00000000c5d6b808,0x00000000c6380000)
 Metaspace       used 55704K, committed 56576K, reserved 1105920K
  class space    used 5989K, committed 6400K, reserved 1048576K
}
Event: 43.748 GC heap after
{Heap after GC invocations=45 (full 3):
 PSYoungGen      total 41472K, used 5607K [0x00000000eab00000, 0x00000000eeb80000, 0x0000000100000000)
  eden space 35840K, 0% used [0x00000000eab00000,0x00000000eab00000,0x00000000ece00000)
  from space 5632K, 99% used [0x00000000ece00000,0x00000000ed379c38,0x00000000ed380000)
  to   space 12288K, 0% used [0x00000000edf80000,0x00000000edf80000,0x00000000eeb80000)
 ParOldGen       total 101888K, used 101220K [0x00000000c0000000, 0x00000000c6380000, 0x00000000eab00000)
  object space 101888K, 99% used [0x00000000c0000000,0x00000000c62d92c8,0x00000000c6380000)
 Metaspace       used 55704K, committed 56576K, reserved 1105920K
  class space    used 5989K, committed 6400K, reserved 1048576K
}
Event: 43.748 GC heap before
{Heap before GC invocations=46 (full 4):
 PSYoungGen      total 41472K, used 5607K [0x00000000eab00000, 0x00000000eeb80000, 0x0000000100000000)
  eden space 35840K, 0% used [0x00000000eab00000,0x00000000eab00000,0x00000000ece00000)
  from space 5632K, 99% used [0x00000000ece00000,0x00000000ed379c38,0x00000000ed380000)
  to   space 12288K, 0% used [0x00000000edf80000,0x00000000edf80000,0x00000000eeb80000)
 ParOldGen       total 101888K, used 101220K [0x00000000c0000000, 0x00000000c6380000, 0x00000000eab00000)
  object space 101888K, 99% used [0x00000000c0000000,0x00000000c62d92c8,0x00000000c6380000)
 Metaspace       used 55704K, committed 56576K, reserved 1105920K
  class space    used 5989K, committed 6400K, reserved 1048576K
}

Deoptimization events (20 events):
Event: 42.896 Thread 0x000055f4cc592250 DEOPT PACKING pc=0x00007f9f95dd0e6d sp=0x00007f9f76ff9f40
Event: 42.896 Thread 0x000055f4cc592250 DEOPT UNPACKING pc=0x00007f9f950560cf sp=0x00007f9f76ff9488 mode 0
Event: 42.955 Thread 0x000055f4cc592250 DEOPT PACKING pc=0x00007f9f95dd0e6d sp=0x00007f9f76ff9f40
Event: 42.955 Thread 0x000055f4cc592250 DEOPT UNPACKING pc=0x00007f9f950560cf sp=0x00007f9f76ff9488 mode 0
Event: 42.988 Thread 0x000055f4cc592250 DEOPT PACKING pc=0x00007f9f95dd0e6d sp=0x00007f9f76ff9f40
Event: 42.988 Thread 0x000055f4cc592250 DEOPT UNPACKING pc=0x00007f9f950560cf sp=0x00007f9f76ff9488 mode 0
Event: 43.088 Thread 0x000055f4cc592250 DEOPT PACKING pc=0x00007f9f95dd0e6d sp=0x00007f9f76ff9f40
Event: 43.088 Thread 0x000055f4cc592250 DEOPT UNPACKING pc=0x00007f9f950560cf sp=0x00007f9f76ff9488 mode 0
Event: 43.137 Thread 0x000055f4cc592250 DEOPT PACKING pc=0x00007f9f95dd0e6d sp=0x00007f9f76ff9f40
Event: 43.137 Thread 0x000055f4cc592250 DEOPT UNPACKING pc=0x00007f9f950560cf sp=0x00007f9f76ff9488 mode 0
Event: 43.171 Thread 0x000055f4cc592250 DEOPT PACKING pc=0x00007f9f95d69356 sp=0x00007f9f76ffa010
Event: 43.171 Thread 0x000055f4cc592250 DEOPT UNPACKING pc=0x00007f9f950560cf sp=0x00007f9f76ff94c8 mode 0
Event: 43.203 Thread 0x000055f4cc592250 DEOPT PACKING pc=0x00007f9f95dd0e6d sp=0x00007f9f76ff9f40
Event: 43.203 Thread 0x000055f4cc592250 DEOPT UNPACKING pc=0x00007f9f950560cf sp=0x00007f9f76ff9488 mode 0
Event: 43.242 Thread 0x000055f4cc592250 DEOPT PACKING pc=0x00007f9f95dd0e6d sp=0x00007f9f76ff9f40
Event: 43.242 Thread 0x000055f4cc592250 DEOPT UNPACKING pc=0x00007f9f950560cf sp=0x00007f9f76ff9488 mode 0
Event: 43.354 Thread 0x000055f4cc592250 DEOPT PACKING pc=0x00007f9f95dd0e6d sp=0x00007f9f76ff9f40
Event: 43.354 Thread 0x000055f4cc592250 DEOPT UNPACKING pc=0x00007f9f950560cf sp=0x00007f9f76ff9488 mode 0
Event: 43.475 Thread 0x000055f4cc592250 DEOPT PACKING pc=0x00007f9f95dd0e6d sp=0x00007f9f76ff9f40
Event: 43.475 Thread 0x000055f4cc592250 DEOPT UNPACKING pc=0x00007f9f950560cf sp=0x00007f9f76ff9488 mode 0

Classes unloaded (7 events):
Event: 11.794 Thread 0x00007f9fa40ed990 Unloading class 0x000000010021a800 'java/lang/invoke/LambdaForm$MH+0x000000010021a800'
Event: 11.794 Thread 0x00007f9fa40ed990 Unloading class 0x000000010021a400 'java/lang/invoke/LambdaForm$MH+0x000000010021a400'
Event: 11.794 Thread 0x00007f9fa40ed990 Unloading class 0x000000010021a000 'java/lang/invoke/LambdaForm$MH+0x000000010021a000'
Event: 11.794 Thread 0x00007f9fa40ed990 Unloading class 0x0000000100219c00 'java/lang/invoke/LambdaForm$MH+0x0000000100219c00'
Event: 11.794 Thread 0x00007f9fa40ed990 Unloading class 0x0000000100219400 'java/lang/invoke/LambdaForm$BMH+0x0000000100219400'
Event: 11.794 Thread 0x00007f9fa40ed990 Unloading class 0x0000000100219000 'java/lang/invoke/LambdaForm$DMH+0x0000000100219000'
Event: 11.794 Thread 0x00007f9fa40ed990 Unloading class 0x0000000100214400 'java/lang/invoke/LambdaForm$DMH+0x0000000100214400'

Classes redefined (0 events):
No events

Internal exceptions (20 events):
Event: 30.839 Thread 0x000055f4cc854e00 Exception <a 'sun/nio/fs/UnixException'{0x00000000eb1b36f0}> (0x00000000eb1b36f0) 
thrown [../../src/hotspot/share/prims/jni.cpp, line 516]
Event: 30.881 Thread 0x000055f4cc854e00 Exception <a 'sun/nio/fs/UnixException'{0x00000000eb2e1100}> (0x00000000eb2e1100) 
thrown [../../src/hotspot/share/prims/jni.cpp, line 516]
Event: 30.899 Thread 0x000055f4cc854e00 Exception <a 'sun/nio/fs/UnixException'{0x00000000eb2f7f38}> (0x00000000eb2f7f38) 
thrown [../../src/hotspot/share/prims/jni.cpp, line 516]
Event: 31.167 Thread 0x00007f9f80001a80 Exception <a 'java/lang/NoSuchMethodError'{0x00000000eb6baf78}: 'int java.lang.invoke.DirectMethodHandle$Holder.invokeVirtual(java.lang.Object, java.lang.Object)'> (0x00000000eb6baf78) 
thrown [../../src/hotspot/share/interpreter/linkResolver.cpp, line 765]
Event: 31.195 Thread 0x00007f9fa455af80 Exception <a 'sun/nio/fs/UnixException'{0x00000000ebaac110}> (0x00000000ebaac110) 
thrown [../../src/hotspot/share/prims/jni.cpp, line 516]
Event: 31.198 Thread 0x00007f9fa455af80 Exception <a 'java/lang/NoSuchMethodError'{0x00000000ebae8840}: 'java.lang.Object java.lang.invoke.DirectMethodHandle$Holder.invokeInterface(java.lang.Object, java.lang.Object, java.lang.Object)'> (0x00000000ebae8840) 
thrown [../../src/hotspot/share/interpreter/linkResolver.cpp, line 765]
Event: 31.365 Thread 0x00007f9f84002850 Exception <a 'java/lang/NoSuchMethodError'{0x00000000ebe4b7a0}: 'java.lang.Object java.lang.invoke.DirectMethodHandle$Holder.newInvokeSpecial(java.lang.Object, java.lang.Object, java.lang.Object, java.lang.Object, java.lang.Object, java.lang.Object, java.lang.Object, java.lang.Object)'> (0x00000000ebe4b7a0) 
thrown [../../src/hotspot/share/interpreter/linkResolver.cpp, line 765]
Event: 31.365 Thread 0x00007f9f84002850 Exception <a 'java/lang/NoSuchMethodError'{0x00000000ebe50de0}: 'java.lang.Object java.lang.invoke.DirectMethodHandle$Holder.invokeSpecial(java.lang.Object, java.lang.Object, java.lang.Object, java.lang.Object, java.lang.Object, java.lang.Object, java.lang.Object, java.lang.Object, java.lang.Object)'> (0x00000000ebe50de0) 
thrown [../../src/hotspot/share/interpreter/linkResolver.cpp, line 765]
Event: 31.365 Thread 0x00007f9f84002850 Exception <a 'java/lang/NoSuchMethodError'{0x00000000ebe55a10}: 'java.lang.Object java.lang.invoke.Invokers$Holder.linkToTargetMethod(java.lang.Object, java.lang.Object, java.lang.Object, java.lang.Object, java.lang.Object, java.lang.Object, java.lang.Object, java.lang.Object)'> (0x00000000ebe55a10) 
thrown [../../src/hotspot/share/interpreter/linkResolver.cpp, line 765]
Event: 34.918 Thread 0x000055f4cc854e00 Exception <a 'java/lang/NoSuchMethodError'{0x00000000eb89fb50}: 'int java.lang.invoke.DirectMethodHandle$Holder.invokeStatic(java.lang.Object)'> (0x00000000eb89fb50) 
thrown [../../src/hotspot/share/interpreter/linkResolver.cpp, line 765]
Event: 34.974 Thread 0x000055f4cc854e00 Exception <a 'java/io/FileNotFoundException'{0x00000000eba4e790}> (0x00000000eba4e790) 
thrown [../../src/hotspot/share/prims/jni.cpp, line 516]
Event: 35.005 Thread 0x000055f4cc854e00 Exception <a 'java/io/FileNotFoundException'{0x00000000eba505e0}> (0x00000000eba505e0) 
thrown [../../src/hotspot/share/prims/jni.cpp, line 516]
Event: 35.006 Thread 0x000055f4cc854e00 Exception <a 'java/io/FileNotFoundException'{0x00000000eba51b78}> (0x00000000eba51b78) 
thrown [../../src/hotspot/share/prims/jni.cpp, line 516]
Event: 37.863 Thread 0x000055f4cc854e00 Exception <a 'sun/nio/fs/UnixException'{0x00000000eba44900}> (0x00000000eba44900) 
thrown [../../src/hotspot/share/prims/jni.cpp, line 516]
Event: 38.246 Thread 0x000055f4cc854e00 Exception <a 'java/lang/NoSuchMethodError'{0x00000000eaca7100}: 'int java.lang.invoke.DirectMethodHandle$Holder.invokeVirtual(java.lang.Object, java.lang.Object, java.lang.Object)'> (0x00000000eaca7100) 
thrown [../../src/hotspot/share/interpreter/linkResolver.cpp, line 765]
Event: 38.478 Thread 0x00007f9f80001a80 Exception <a 'java/lang/NoSuchMethodError'{0x00000000eb930238}: 'java.lang.Object java.lang.invoke.DirectMethodHandle$Holder.invokeStatic(java.lang.Object, java.lang.Object, java.lang.Object, long)'> (0x00000000eb930238) 
thrown [../../src/hotspot/share/interpreter/linkResolver.cpp, line 765]
Event: 38.478 Thread 0x00007f9f80001a80 Exception <a 'java/lang/NoSuchMethodError'{0x00000000eb939110}: 'java.lang.Object java.lang.invoke.DirectMethodHandle$Holder.newInvokeSpecial(java.lang.Object, java.lang.Object, java.lang.Object, long)'> (0x00000000eb939110) 
thrown [../../src/hotspot/share/interpreter/linkResolver.cpp, line 765]
Event: 38.480 Thread 0x00007f9f80001a80 Exception <a 'java/lang/NoSuchMethodError'{0x00000000eb93eab0}: 'java.lang.Object java.lang.invoke.DirectMethodHandle$Holder.invokeSpecial(java.lang.Object, java.lang.Object, java.lang.Object, java.lang.Object, long)'> (0x00000000eb93eab0) 
thrown [../../src/hotspot/share/interpreter/linkResolver.cpp, line 765]
Event: 38.480 Thread 0x00007f9f80001a80 Exception <a 'java/lang/NoSuchMethodError'{0x00000000eb9431d8}: 'java.lang.Object java.lang.invoke.Invokers$Holder.linkToTargetMethod(java.lang.Object, java.lang.Object, long, java.lang.Object)'> (0x00000000eb9431d8) 
thrown [../../src/hotspot/share/interpreter/linkResolver.cpp, line 765]
Event: 40.286 Thread 0x00007f9f70983c40 Exception <a 'java/lang/NoSuchMethodError'{0x00000000eb5f5978}: 'int java.lang.invoke.DirectMethodHandle$Holder.invokeStatic(java.lang.Object, java.lang.Object, java.lang.Object, int)'> (0x00000000eb5f5978) 
thrown [../../src/hotspot/share/interpreter/linkResolver.cpp, line 765]

VM Operations (20 events):
Event: 38.576 Executing VM operation: ParallelGCFailedAllocation done
Event: 38.978 Executing VM operation: ParallelGCFailedAllocation
Event: 39.080 Executing VM operation: ParallelGCFailedAllocation done
Event: 39.403 Executing VM operation: ParallelGCFailedAllocation
Event: 39.514 Executing VM operation: ParallelGCFailedAllocation done
Event: 39.750 Executing VM operation: ParallelGCFailedAllocation
Event: 39.794 Executing VM operation: ParallelGCFailedAllocation done
Event: 40.115 Executing VM operation: ParallelGCFailedAllocation
Event: 40.164 Executing VM operation: ParallelGCFailedAllocation done
Event: 40.387 Executing VM operation: HandshakeAllThreads
Event: 40.410 Executing VM operation: HandshakeAllThreads done
Event: 40.554 Executing VM operation: ParallelGCFailedAllocation
Event: 40.629 Executing VM operation: ParallelGCFailedAllocation done
Event: 41.020 Executing VM operation: ParallelGCFailedAllocation
Event: 41.194 Executing VM operation: ParallelGCFailedAllocation done
Event: 41.703 Executing VM operation: ParallelGCFailedAllocation
Event: 41.858 Executing VM operation: ParallelGCFailedAllocation done
Event: 42.554 Executing VM operation: ParallelGCFailedAllocation
Event: 42.722 Executing VM operation: ParallelGCFailedAllocation done
Event: 43.552 Executing VM operation: ParallelGCFailedAllocation

Events (20 events):
Event: 43.403 loading class jdk/internal/logger/SimpleConsoleLogger
Event: 43.411 loading class sun/util/logging/PlatformLogger$ConfigurableBridge$LoggerConfiguration
Event: 43.412 loading class sun/util/logging/PlatformLogger$ConfigurableBridge$LoggerConfiguration done
Event: 43.412 loading class jdk/internal/logger/SimpleConsoleLogger done
Event: 43.412 loading class jdk/internal/logger/SurrogateLogger done
Event: 43.472 loading class sun/util/logging/PlatformLogger
Event: 43.483 loading class sun/util/logging/PlatformLogger done
Event: 43.483 loading class sun/util/logging/PlatformLogger$Level
Event: 43.484 loading class sun/util/logging/PlatformLogger$Level done
Event: 43.484 loading class jdk/internal/logger/SimpleConsoleLogger$Formatting
Event: 43.501 loading class jdk/internal/logger/SimpleConsoleLogger$Formatting done
Event: 43.501 loading class java/util/logging/ErrorManager
Event: 43.506 loading class java/util/logging/ErrorManager done
Event: 43.521 loading class java/util/logging/Handler$1
Event: 43.521 loading class java/util/logging/Handler$1 done
Event: 43.521 loading class java/util/logging/StreamHandler$1
Event: 43.523 loading class java/util/logging/StreamHandler$1 done
Event: 43.523 loading class java/util/logging/LogManager$CloseOnReset
Event: 43.543 loading class java/util/logging/LogManager$CloseOnReset done
Event: 43.543 loading class java/time/ZoneId


Dynamic libraries:
c0000000-c6380000 rw-p 00000000 00:00 0 
c9b80000-eab00000 ---p 00000000 00:00 0 
eab00000-eeb80000 rw-p 00000000 00:00 0 
eeb80000-100000000 ---p 00000000 00:00 0 
100000000-100020000 rw-p 00000000 00:00 0 
100020000-100040000 rw-p 00000000 00:00 0 
100040000-1000c0000 rw-p 00000000 00:00 0 
1000c0000-1000e0000 rw-p 00000000 00:00 0 
1000e0000-100140000 rw-p 00000000 00:00 0 
100140000-100180000 rw-p 00000000 00:00 0 
100180000-100240000 rw-p 00000000 00:00 0 
100240000-100280000 rw-p 00000000 00:00 0 
100280000-1003c0000 rw-p 00000000 00:00 0 
1003c0000-1003f0000 rw-p 00000000 00:00 0 
1003f0000-100400000 ---p 00000000 00:00 0 
100400000-100650000 rw-p 00000000 00:00 0 
100650000-140000000 ---p 00000000 00:00 0 
55f4cb8bc000-55f4cb8bd000 r--p 00000000 b6:7f7e1 606                     /root/.vscode-server/extensions/redhat.java-1.9.0-linux-x64/jre/17.0.3-linux-x86_64/bin/java
55f4cb8bd000-55f4cb8be000 r-xp 00001000 b6:7f7e1 606                     /root/.vscode-server/extensions/redhat.java-1.9.0-linux-x64/jre/17.0.3-linux-x86_64/bin/java
55f4cb8be000-55f4cb8bf000 r--p 00002000 b6:7f7e1 606                     /root/.vscode-server/extensions/redhat.java-1.9.0-linux-x64/jre/17.0.3-linux-x86_64/bin/java
55f4cb8bf000-55f4cb8c0000 r--p 00002000 b6:7f7e1 606                     /root/.vscode-server/extensions/redhat.java-1.9.0-linux-x64/jre/17.0.3-linux-x86_64/bin/java
55f4cb8c0000-55f4cb8c1000 rw-p 00003000 b6:7f7e1 606                     /root/.vscode-server/extensions/redhat.java-1.9.0-linux-x64/jre/17.0.3-linux-x86_64/bin/java
55f4cc2ea000-55f4cdfe1000 rw-p 00000000 00:00 0                          [heap]
7f9f6781e000-7f9f70000000 r--s 00000000 b6:7f7e1 407963                  /usr/lib/jvm/java-11-openjdk-amd64/lib/modules
7f9f70000000-7f9f70d43000 rw-p 00000000 00:00 0 
7f9f70d43000-7f9f74000000 ---p 00000000 00:00 0 
7f9f7456b000-7f9f74950000 rw-p 00000000 00:00 0 
7f9f74950000-7f9f75000000 ---p 00000000 00:00 0 
7f9f75000000-7f9f75180000 rw-p 00000000 00:00 0 
7f9f75180000-7f9f75200000 rw-p 00000000 00:00 0 
7f9f75200000-7f9f75780000 rw-p 00000000 00:00 0 
7f9f75780000-7f9f757b0000 rw-p 00000000 00:00 0 
7f9f757b0000-7f9f75800000 ---p 00000000 00:00 0 
7f9f758fd000-7f9f75901000 ---p 00000000 00:00 0 
7f9f75901000-7f9f759fe000 rw-p 00000000 00:00 0 
7f9f759fe000-7f9f75a02000 ---p 00000000 00:00 0 
7f9f75a02000-7f9f75aff000 rw-p 00000000 00:00 0 
7f9f75aff000-7f9f75b03000 ---p 00000000 00:00 0 
7f9f75b03000-7f9f76400000 rw-p 00000000 00:00 0 
7f9f76400000-7f9f76980000 rw-p 00000000 00:00 0 
7f9f76980000-7f9f76a00000 rw-p 00000000 00:00 0 
7f9f76a00000-7f9f76b00000 rw-p 00000000 00:00 0 
7f9f76b00000-7f9f76c00000 rw-p 00000000 00:00 0 
7f9f76cf9000-7f9f76cfd000 ---p 00000000 00:00 0 
7f9f76cfd000-7f9f76dfa000 rw-p 00000000 00:00 0 
7f9f76dfa000-7f9f76dfe000 ---p 00000000 00:00 0 
7f9f76dfe000-7f9f76efb000 rw-p 00000000 00:00 0 
7f9f76efb000-7f9f76eff000 ---p 00000000 00:00 0 
7f9f76eff000-7f9f76ffc000 rw-p 00000000 00:00 0 
7f9f76ffc000-7f9f77000000 ---p 00000000 00:00 0 
7f9f77000000-7f9f770fd000 rw-p 00000000 00:00 0 
7f9f770fd000-7f9f77101000 ---p 00000000 00:00 0 
7f9f77101000-7f9f771fe000 rw-p 00000000 00:00 0 
7f9f771fe000-7f9f77202000 ---p 00000000 00:00 0 
7f9f77202000-7f9f772ff000 rw-p 00000000 00:00 0 
7f9f772ff000-7f9f77303000 ---p 00000000 00:00 0 
7f9f77303000-7f9f77500000 rw-p 00000000 00:00 0 
7f9f77500000-7f9f77600000 rw-p 00000000 00:00 0 
7f9f77600000-7f9f77b00000 rw-p 00000000 00:00 0 
7f9f77b00000-7f9f77c00000 rw-p 00000000 00:00 0 
7f9f77cfd000-7f9f77d01000 ---p 00000000 00:00 0 
7f9f77d01000-7f9f77dfe000 rw-p 00000000 00:00 0 
7f9f77dfe000-7f9f77e02000 ---p 00000000 00:00 0 
7f9f77e02000-7f9f77eff000 rw-p 00000000 00:00 0 
7f9f77eff000-7f9f77f03000 ---p 00000000 00:00 0 
7f9f77f03000-7f9f78000000 rw-p 00000000 00:00 0 
7f9f78000000-7f9f78021000 rw-p 00000000 00:00 0 
7f9f78021000-7f9f7c000000 ---p 00000000 00:00 0 
7f9f7c000000-7f9f7c021000 rw-p 00000000 00:00 0 
7f9f7c021000-7f9f80000000 ---p 00000000 00:00 0 
7f9f80000000-7f9f8003b000 rw-p 00000000 00:00 0 
7f9f8003b000-7f9f84000000 ---p 00000000 00:00 0 
7f9f84000000-7f9f84436000 rw-p 00000000 00:00 0 
7f9f84436000-7f9f88000000 ---p 00000000 00:00 0 
7f9f88000000-7f9f881d0000 rw-p 00000000 00:00 0 
7f9f881d0000-7f9f8c000000 ---p 00000000 00:00 0 
7f9f8c0ed000-7f9f8c0fd000 r-xp 00000000 b6:7f7e1 156875                  /root/.vscode-server/data/User/globalStorage/redhat.java/1.9.0/config_linux/org.eclipse.equinox.launcher/org.eclipse.equinox.launcher.gtk.linux.x86_64_1.2.500.v20220509-0833/eclipse_11701.so
7f9f8c0fd000-7f9f8c2fc000 ---p 00010000 b6:7f7e1 156875                  /root/.vscode-server/data/User/globalStorage/redhat.java/1.9.0/config_linux/org.eclipse.equinox.launcher/org.eclipse.equinox.launcher.gtk.linux.x86_64_1.2.500.v20220509-0833/eclipse_11701.so
7f9f8c2fc000-7f9f8c2fd000 r--p 0000f000 b6:7f7e1 156875                  /root/.vscode-server/data/User/globalStorage/redhat.java/1.9.0/config_linux/org.eclipse.equinox.launcher/org.eclipse.equinox.launcher.gtk.linux.x86_64_1.2.500.v20220509-0833/eclipse_11701.so
7f9f8c2fd000-7f9f8c2fe000 rw-p 00010000 b6:7f7e1 156875                  /root/.vscode-server/data/User/globalStorage/redhat.java/1.9.0/config_linux/org.eclipse.equinox.launcher/org.eclipse.equinox.launcher.gtk.linux.x86_64_1.2.500.v20220509-0833/eclipse_11701.so
7f9f8c2fe000-7f9f8c2ff000 rw-p 00000000 00:00 0 
7f9f8c2ff000-7f9f8c303000 ---p 00000000 00:00 0 
7f9f8c303000-7f9f8c500000 rw-p 00000000 00:00 0 
7f9f8c500000-7f9f8c600000 rw-p 00000000 00:00 0 
7f9f8c600000-7f9f8c700000 rw-p 00000000 00:00 0 
7f9f8c700000-7f9f8c800000 rw-p 00000000 00:00 0 
7f9f8c800000-7f9f8c980000 rw-p 00000000 00:00 0 
7f9f8c980000-7f9f8ca00000 rw-p 00000000 00:00 0 
7f9f8ca00000-7f9f8cb80000 rw-p 00000000 00:00 0 
7f9f8cb80000-7f9f8cc00000 rw-p 00000000 00:00 0 
7f9f8ccf8000-7f9f8ccfc000 ---p 00000000 00:00 0 
7f9f8ccfc000-7f9f8cdf9000 rw-p 00000000 00:00 0 
7f9f8cdf9000-7f9f8cdfd000 ---p 00000000 00:00 0 
7f9f8cdfd000-7f9f8cefa000 rw-p 00000000 00:00 0 
7f9f8cefa000-7f9f8cefb000 ---p 00000000 00:00 0 
7f9f8cefb000-7f9f8cffc000 rw-p 00000000 00:00 0 
7f9f8cffc000-7f9f8d000000 ---p 00000000 00:00 0 
7f9f8d000000-7f9f8d0fd000 rw-p 00000000 00:00 0 
7f9f8d0fd000-7f9f8d101000 ---p 00000000 00:00 0 
7f9f8d101000-7f9f8d1fe000 rw-p 00000000 00:00 0 
7f9f8d1fe000-7f9f8d202000 ---p 00000000 00:00 0 
7f9f8d202000-7f9f8d2ff000 rw-p 00000000 00:00 0 
7f9f8d2ff000-7f9f8d303000 ---p 00000000 00:00 0 
7f9f8d303000-7f9f8d800000 rw-p 00000000 00:00 0 
7f9f8d800000-7f9f8d880000 rw-p 00000000 00:00 0 
7f9f8d880000-7f9f8d900000 rw-p 00000000 00:00 0 
7f9f8d900000-7f9f8dc00000 rw-p 00000000 00:00 0 
7f9f8dcfd000-7f9f8dd01000 ---p 00000000 00:00 0 
7f9f8dd01000-7f9f8ddfe000 rw-p 00000000 00:00 0 
7f9f8ddfe000-7f9f8de02000 ---p 00000000 00:00 0 
7f9f8de02000-7f9f8deff000 rw-p 00000000 00:00 0 
7f9f8deff000-7f9f8df03000 ---p 00000000 00:00 0 
7f9f8df03000-7f9f90000000 rw-p 00000000 00:00 0 
7f9f90000000-7f9f90085000 rw-p 00000000 00:00 0 
7f9f90085000-7f9f94000000 ---p 00000000 00:00 0 
7f9f94026000-7f9f94028000 r--p 00000000 b6:7f7e1 1365                    /root/.vscode-server/extensions/redhat.java-1.9.0-linux-x64/jre/17.0.3-linux-x86_64/lib/libmanagement_ext.so
7f9f94028000-7f9f9402b000 r-xp 00002000 b6:7f7e1 1365                    /root/.vscode-server/extensions/redhat.java-1.9.0-linux-x64/jre/17.0.3-linux-x86_64/lib/libmanagement_ext.so
7f9f9402b000-7f9f9402c000 r--p 00005000 b6:7f7e1 1365                    /root/.vscode-server/extensions/redhat.java-1.9.0-linux-x64/jre/17.0.3-linux-x86_64/lib/libmanagement_ext.so
7f9f9402c000-7f9f9402d000 ---p 00006000 b6:7f7e1 1365                    /root/.vscode-server/extensions/redhat.java-1.9.0-linux-x64/jre/17.0.3-linux-x86_64/lib/libmanagement_ext.so
7f9f9402d000-7f9f9402e000 r--p 00006000 b6:7f7e1 1365                    /root/.vscode-server/extensions/redhat.java-1.9.0-linux-x64/jre/17.0.3-linux-x86_64/lib/libmanagement_ext.so
7f9f9402e000-7f9f9402f000 rw-p 00007000 b6:7f7e1 1365                    /root/.vscode-server/extensions/redhat.java-1.9.0-linux-x64/jre/17.0.3-linux-x86_64/lib/libmanagement_ext.so
7f9f9402f000-7f9f94032000 r--p 00000000 b6:7f7e1 1366                    /root/.vscode-server/extensions/redhat.java-1.9.0-linux-x64/jre/17.0.3-linux-x86_64/lib/libmanagement.so
7f9f94032000-7f9f94033000 r-xp 00003000 b6:7f7e1 1366                    /root/.vscode-server/extensions/redhat.java-1.9.0-linux-x64/jre/17.0.3-linux-x86_64/lib/libmanagement.so
7f9f94033000-7f9f94034000 r--p 00004000 b6:7f7e1 1366                    /root/.vscode-server/extensions/redhat.java-1.9.0-linux-x64/jre/17.0.3-linux-x86_64/lib/libmanagement.so
7f9f94034000-7f9f94035000 r--p 00004000 b6:7f7e1 1366                    /root/.vscode-server/extensions/redhat.java-1.9.0-linux-x64/jre/17.0.3-linux-x86_64/lib/libmanagement.so
7f9f94035000-7f9f94036000 rw-p 00005000 b6:7f7e1 1366                    /root/.vscode-server/extensions/redhat.java-1.9.0-linux-x64/jre/17.0.3-linux-x86_64/lib/libmanagement.so
7f9f94036000-7f9f9403a000 ---p 00000000 00:00 0 
7f9f9403a000-7f9f94058000 rw-p 00000000 00:00 0 
7f9f94058000-7f9f9405c000 r--p 00000000 b6:7f7e1 1375                    /root/.vscode-server/extensions/redhat.java-1.9.0-linux-x64/jre/17.0.3-linux-x86_64/lib/libverify.so
7f9f9405c000-7f9f94063000 r-xp 00004000 b6:7f7e1 1375                    /root/.vscode-server/extensions/redhat.java-1.9.0-linux-x64/jre/17.0.3-linux-x86_64/lib/libverify.so
7f9f94063000-7f9f94065000 r--p 0000b000 b6:7f7e1 1375                    /root/.vscode-server/extensions/redhat.java-1.9.0-linux-x64/jre/17.0.3-linux-x86_64/lib/libverify.so
7f9f94065000-7f9f94067000 r--p 0000c000 b6:7f7e1 1375                    /root/.vscode-server/extensions/redhat.java-1.9.0-linux-x64/jre/17.0.3-linux-x86_64/lib/libverify.so
7f9f94067000-7f9f94068000 rw-p 0000e000 b6:7f7e1 1375                    /root/.vscode-server/extensions/redhat.java-1.9.0-linux-x64/jre/17.0.3-linux-x86_64/lib/libverify.so
7f9f94068000-7f9f9406c000 r--p 00000000 b6:7f7e1 1368                    /root/.vscode-server/extensions/redhat.java-1.9.0-linux-x64/jre/17.0.3-linux-x86_64/lib/libnet.so
7f9f9406c000-7f9f9407a000 r-xp 00004000 b6:7f7e1 1368                    /root/.vscode-server/extensions/redhat.java-1.9.0-linux-x64/jre/17.0.3-linux-x86_64/lib/libnet.so
7f9f9407a000-7f9f9407e000 r--p 00012000 b6:7f7e1 1368                    /root/.vscode-server/extensions/redhat.java-1.9.0-linux-x64/jre/17.0.3-linux-x86_64/lib/libnet.so
7f9f9407e000-7f9f9407f000 r--p 00015000 b6:7f7e1 1368                    /root/.vscode-server/extensions/redhat.java-1.9.0-linux-x64/jre/17.0.3-linux-x86_64/lib/libnet.so
7f9f9407f000-7f9f94080000 rw-p 00016000 b6:7f7e1 1368                    /root/.vscode-server/extensions/redhat.java-1.9.0-linux-x64/jre/17.0.3-linux-x86_64/lib/libnet.so
7f9f94080000-7f9f94084000 ---p 00000000 00:00 0 
7f9f94084000-7f9f94181000 rw-p 00000000 00:00 0 
7f9f94181000-7f9f94185000 ---p 00000000 00:00 0 
7f9f94185000-7f9f94282000 rw-p 00000000 00:00 0 
7f9f94282000-7f9f94286000 ---p 00000000 00:00 0 
7f9f94286000-7f9f94383000 rw-p 00000000 00:00 0 
7f9f94383000-7f9f94384000 ---p 00000000 00:00 0 
7f9f94384000-7f9f94dda000 rw-p 00000000 00:00 0 
7f9f94dda000-7f9f94efe000 ---p 00000000 00:00 0 
7f9f94efe000-7f9f94eff000 ---p 00000000 00:00 0 
7f9f94eff000-7f9f95000000 rw-p 00000000 00:00 0 
7f9f95000000-7f9f95270000 rwxp 00000000 00:00 0 
7f9f95270000-7f9f9558f000 ---p 00000000 00:00 0 
7f9f9558f000-7f9f9606f000 rwxp 00000000 00:00 0 
7f9f9606f000-7f9f9cac7000 ---p 00000000 00:00 0 
7f9f9cac7000-7f9f9cd37000 rwxp 00000000 00:00 0 
7f9f9cd37000-7f9fa4000000 ---p 00000000 00:00 0 
7f9fa4000000-7f9fa4565000 rw-p 00000000 00:00 0 
7f9fa4565000-7f9fa8000000 ---p 00000000 00:00 0 
7f9fa8004000-7f9fa800b000 r--p 00000000 b6:7f7e1 1369                    /root/.vscode-server/extensions/redhat.java-1.9.0-linux-x64/jre/17.0.3-linux-x86_64/lib/libnio.so
7f9fa800b000-7f9fa8014000 r-xp 00007000 b6:7f7e1 1369                    /root/.vscode-server/extensions/redhat.java-1.9.0-linux-x64/jre/17.0.3-linux-x86_64/lib/libnio.so
7f9fa8014000-7f9fa8018000 r--p 00010000 b6:7f7e1 1369                    /root/.vscode-server/extensions/redhat.java-1.9.0-linux-x64/jre/17.0.3-linux-x86_64/lib/libnio.so
7f9fa8018000-7f9fa8019000 ---p 00014000 b6:7f7e1 1369                    /root/.vscode-server/extensions/redhat.java-1.9.0-linux-x64/jre/17.0.3-linux-x86_64/lib/libnio.so
7f9fa8019000-7f9fa801a000 r--p 00014000 b6:7f7e1 1369                    /root/.vscode-server/extensions/redhat.java-1.9.0-linux-x64/jre/17.0.3-linux-x86_64/lib/libnio.so
7f9fa801a000-7f9fa801b000 rw-p 00015000 b6:7f7e1 1369                    /root/.vscode-server/extensions/redhat.java-1.9.0-linux-x64/jre/17.0.3-linux-x86_64/lib/libnio.so
7f9fa801b000-7f9fa801d000 r--p 00000000 b6:7f7e1 1376                    /root/.vscode-server/extensions/redhat.java-1.9.0-linux-x64/jre/17.0.3-linux-x86_64/lib/libzip.so
7f9fa801d000-7f9fa8021000 r-xp 00002000 b6:7f7e1 1376                    /root/.vscode-server/extensions/redhat.java-1.9.0-linux-x64/jre/17.0.3-linux-x86_64/lib/libzip.so
7f9fa8021000-7f9fa8023000 r--p 00006000 b6:7f7e1 1376                    /root/.vscode-server/extensions/redhat.java-1.9.0-linux-x64/jre/17.0.3-linux-x86_64/lib/libzip.so
7f9fa8023000-7f9fa8024000 r--p 00007000 b6:7f7e1 1376                    /root/.vscode-server/extensions/redhat.java-1.9.0-linux-x64/jre/17.0.3-linux-x86_64/lib/libzip.so
7f9fa8024000-7f9fa8025000 rw-p 00008000 b6:7f7e1 1376                    /root/.vscode-server/extensions/redhat.java-1.9.0-linux-x64/jre/17.0.3-linux-x86_64/lib/libzip.so
7f9fa8025000-7f9fa806b000 rw-p 00000000 00:00 0 
7f9fa806b000-7f9fa818e000 ---p 00000000 00:00 0 
7f9fa818e000-7f9fa81af000 rw-p 00000000 00:00 0 
7f9fa81af000-7f9fa8239000 ---p 00000000 00:00 0 
7f9fa8239000-7f9fa823f000 rw-p 00000000 00:00 0 
7f9fa823f000-7f9fa8325000 ---p 00000000 00:00 0 
7f9fa8325000-7f9fa833b000 rw-p 00000000 00:00 0 
7f9fa833b000-7f9fa8410000 ---p 00000000 00:00 0 
7f9fa8410000-7f9fa8415000 rw-p 00000000 00:00 0 
7f9fa8415000-7f9fa841c000 ---p 00000000 00:00 0 
7f9fa841c000-7f9fa841f000 r--p 00000000 b6:7f7e1 247                     /lib/x86_64-linux-gnu/libnss_files-2.31.so
7f9fa841f000-7f9fa8426000 r-xp 00003000 b6:7f7e1 247                     /lib/x86_64-linux-gnu/libnss_files-2.31.so
7f9fa8426000-7f9fa8428000 r--p 0000a000 b6:7f7e1 247                     /lib/x86_64-linux-gnu/libnss_files-2.31.so
7f9fa8428000-7f9fa8429000 r--p 0000b000 b6:7f7e1 247                     /lib/x86_64-linux-gnu/libnss_files-2.31.so
7f9fa8429000-7f9fa842a000 rw-p 0000c000 b6:7f7e1 247                     /lib/x86_64-linux-gnu/libnss_files-2.31.so
7f9fa842a000-7f9fa8430000 rw-p 00000000 00:00 0 
7f9fa8430000-7f9fa8438000 rw-s 00000000 b6:7f7e1 678000                  /tmp/hsperfdata_root/161479
7f9fa8438000-7f9fa8445000 r--p 00000000 b6:7f7e1 1355                    /root/.vscode-server/extensions/redhat.java-1.9.0-linux-x64/jre/17.0.3-linux-x86_64/lib/libjava.so
7f9fa8445000-7f9fa8457000 r-xp 0000d000 b6:7f7e1 1355                    /root/.vscode-server/extensions/redhat.java-1.9.0-linux-x64/jre/17.0.3-linux-x86_64/lib/libjava.so
7f9fa8457000-7f9fa845d000 r--p 0001f000 b6:7f7e1 1355                    /root/.vscode-server/extensions/redhat.java-1.9.0-linux-x64/jre/17.0.3-linux-x86_64/lib/libjava.so
7f9fa845d000-7f9fa845e000 ---p 00025000 b6:7f7e1 1355                    /root/.vscode-server/extensions/redhat.java-1.9.0-linux-x64/jre/17.0.3-linux-x86_64/lib/libjava.so
7f9fa845e000-7f9fa845f000 r--p 00025000 b6:7f7e1 1355                    /root/.vscode-server/extensions/redhat.java-1.9.0-linux-x64/jre/17.0.3-linux-x86_64/lib/libjava.so
7f9fa845f000-7f9fa8460000 rw-p 00026000 b6:7f7e1 1355                    /root/.vscode-server/extensions/redhat.java-1.9.0-linux-x64/jre/17.0.3-linux-x86_64/lib/libjava.so
7f9fa8460000-7f9fa8461000 rw-p 00000000 00:00 0 
7f9fa8461000-7f9fa8463000 r--p 00000000 b6:7f7e1 1350                    /root/.vscode-server/extensions/redhat.java-1.9.0-linux-x64/jre/17.0.3-linux-x86_64/lib/libinstrument.so
7f9fa8463000-7f9fa8469000 r-xp 00002000 b6:7f7e1 1350                    /root/.vscode-server/extensions/redhat.java-1.9.0-linux-x64/jre/17.0.3-linux-x86_64/lib/libinstrument.so
7f9fa8469000-7f9fa846c000 r--p 00008000 b6:7f7e1 1350                    /root/.vscode-server/extensions/redhat.java-1.9.0-linux-x64/jre/17.0.3-linux-x86_64/lib/libinstrument.so
7f9fa846c000-7f9fa846d000 r--p 0000a000 b6:7f7e1 1350                    /root/.vscode-server/extensions/redhat.java-1.9.0-linux-x64/jre/17.0.3-linux-x86_64/lib/libinstrument.so
7f9fa846d000-7f9fa846e000 rw-p 0000b000 b6:7f7e1 1350                    /root/.vscode-server/extensions/redhat.java-1.9.0-linux-x64/jre/17.0.3-linux-x86_64/lib/libinstrument.so
7f9fa846e000-7f9fab07c000 r--s 00000000 b6:7f7e1 1377                    /root/.vscode-server/extensions/redhat.java-1.9.0-linux-x64/jre/17.0.3-linux-x86_64/lib/modules
7f9fab07c000-7f9fab080000 r--p 00000000 b6:7f7e1 1359                    /root/.vscode-server/extensions/redhat.java-1.9.0-linux-x64/jre/17.0.3-linux-x86_64/lib/libjimage.so
7f9fab080000-7f9fab093000 r-xp 00004000 b6:7f7e1 1359                    /root/.vscode-server/extensions/redhat.java-1.9.0-linux-x64/jre/17.0.3-linux-x86_64/lib/libjimage.so
7f9fab093000-7f9fab099000 r--p 00017000 b6:7f7e1 1359                    /root/.vscode-server/extensions/redhat.java-1.9.0-linux-x64/jre/17.0.3-linux-x86_64/lib/libjimage.so
7f9fab099000-7f9fab09b000 r--p 0001c000 b6:7f7e1 1359                    /root/.vscode-server/extensions/redhat.java-1.9.0-linux-x64/jre/17.0.3-linux-x86_64/lib/libjimage.so
7f9fab09b000-7f9fab09c000 rw-p 0001e000 b6:7f7e1 1359                    /root/.vscode-server/extensions/redhat.java-1.9.0-linux-x64/jre/17.0.3-linux-x86_64/lib/libjimage.so
7f9fab09c000-7f9fab0a0000 ---p 00000000 00:00 0 
7f9fab0a0000-7f9fab19d000 rw-p 00000000 00:00 0 
7f9fab19d000-7f9fab1aa000 r--p 00000000 b6:7f7e1 184                     /lib/x86_64-linux-gnu/libm-2.31.so
7f9fab1aa000-7f9fab251000 r-xp 0000d000 b6:7f7e1 184                     /lib/x86_64-linux-gnu/libm-2.31.so
7f9fab251000-7f9fab2ea000 r--p 000b4000 b6:7f7e1 184                     /lib/x86_64-linux-gnu/libm-2.31.so
7f9fab2ea000-7f9fab2eb000 r--p 0014c000 b6:7f7e1 184                     /lib/x86_64-linux-gnu/libm-2.31.so
7f9fab2eb000-7f9fab2ec000 rw-p 0014d000 b6:7f7e1 184                     /lib/x86_64-linux-gnu/libm-2.31.so
7f9fab2ec000-7f9fab2ee000 r--p 00000000 b6:7f7e1 259                     /lib/x86_64-linux-gnu/librt-2.31.so
7f9fab2ee000-7f9fab2f2000 r-xp 00002000 b6:7f7e1 259                     /lib/x86_64-linux-gnu/librt-2.31.so
7f9fab2f2000-7f9fab2f4000 r--p 00006000 b6:7f7e1 259                     /lib/x86_64-linux-gnu/librt-2.31.so
7f9fab2f4000-7f9fab2f5000 r--p 00007000 b6:7f7e1 259                     /lib/x86_64-linux-gnu/librt-2.31.so
7f9fab2f5000-7f9fab2f6000 rw-p 00008000 b6:7f7e1 259                     /lib/x86_64-linux-gnu/librt-2.31.so
7f9fab2f6000-7f9fab547000 r--p 00000000 b6:7f7e1 1505                    /root/.vscode-server/extensions/redhat.java-1.9.0-linux-x64/jre/17.0.3-linux-x86_64/lib/server/libjvm.so
7f9fab547000-7f9fac25c000 r-xp 00251000 b6:7f7e1 1505                    /root/.vscode-server/extensions/redhat.java-1.9.0-linux-x64/jre/17.0.3-linux-x86_64/lib/server/libjvm.so
7f9fac25c000-7f9fac4e7000 r--p 00f66000 b6:7f7e1 1505                    /root/.vscode-server/extensions/redhat.java-1.9.0-linux-x64/jre/17.0.3-linux-x86_64/lib/server/libjvm.so
7f9fac4e7000-7f9fac4e8000 ---p 011f1000 b6:7f7e1 1505                    /root/.vscode-server/extensions/redhat.java-1.9.0-linux-x64/jre/17.0.3-linux-x86_64/lib/server/libjvm.so
7f9fac4e8000-7f9fac5a1000 r--p 011f1000 b6:7f7e1 1505                    /root/.vscode-server/extensions/redhat.java-1.9.0-linux-x64/jre/17.0.3-linux-x86_64/lib/server/libjvm.so
7f9fac5a1000-7f9fac5d6000 rw-p 012aa000 b6:7f7e1 1505                    /root/.vscode-server/extensions/redhat.java-1.9.0-linux-x64/jre/17.0.3-linux-x86_64/lib/server/libjvm.so
7f9fac5d6000-7f9fac631000 rw-p 00000000 00:00 0 
7f9fac631000-7f9fac653000 r--p 00000000 b6:7f7e1 120                     /lib/x86_64-linux-gnu/libc-2.31.so
7f9fac653000-7f9fac7cb000 r-xp 00022000 b6:7f7e1 120                     /lib/x86_64-linux-gnu/libc-2.31.so
7f9fac7cb000-7f9fac819000 r--p 0019a000 b6:7f7e1 120                     /lib/x86_64-linux-gnu/libc-2.31.so
7f9fac819000-7f9fac81d000 r--p 001e7000 b6:7f7e1 120                     /lib/x86_64-linux-gnu/libc-2.31.so
7f9fac81d000-7f9fac81f000 rw-p 001eb000 b6:7f7e1 120                     /lib/x86_64-linux-gnu/libc-2.31.so
7f9fac81f000-7f9fac823000 rw-p 00000000 00:00 0 
7f9fac823000-7f9fac824000 r--p 00000000 b6:7f7e1 163                     /lib/x86_64-linux-gnu/libdl-2.31.so
7f9fac824000-7f9fac826000 r-xp 00001000 b6:7f7e1 163                     /lib/x86_64-linux-gnu/libdl-2.31.so
7f9fac826000-7f9fac827000 r--p 00003000 b6:7f7e1 163                     /lib/x86_64-linux-gnu/libdl-2.31.so
7f9fac827000-7f9fac828000 r--p 00003000 b6:7f7e1 163                     /lib/x86_64-linux-gnu/libdl-2.31.so
7f9fac828000-7f9fac829000 rw-p 00004000 b6:7f7e1 163                     /lib/x86_64-linux-gnu/libdl-2.31.so
7f9fac829000-7f9fac82f000 r--p 00000000 b6:7f7e1 254                     /lib/x86_64-linux-gnu/libpthread-2.31.so
7f9fac82f000-7f9fac840000 r-xp 00006000 b6:7f7e1 254                     /lib/x86_64-linux-gnu/libpthread-2.31.so
7f9fac840000-7f9fac846000 r--p 00017000 b6:7f7e1 254                     /lib/x86_64-linux-gnu/libpthread-2.31.so
7f9fac846000-7f9fac847000 r--p 0001c000 b6:7f7e1 254                     /lib/x86_64-linux-gnu/libpthread-2.31.so
7f9fac847000-7f9fac848000 rw-p 0001d000 b6:7f7e1 254                     /lib/x86_64-linux-gnu/libpthread-2.31.so
7f9fac848000-7f9fac84c000 rw-p 00000000 00:00 0 
7f9fac84c000-7f9fac84f000 r--p 00000000 b6:7f7e1 1360                    /root/.vscode-server/extensions/redhat.java-1.9.0-linux-x64/jre/17.0.3-linux-x86_64/lib/libjli.so
7f9fac84f000-7f9fac859000 r-xp 00003000 b6:7f7e1 1360                    /root/.vscode-server/extensions/redhat.java-1.9.0-linux-x64/jre/17.0.3-linux-x86_64/lib/libjli.so
7f9fac859000-7f9fac85c000 r--p 0000d000 b6:7f7e1 1360                    /root/.vscode-server/extensions/redhat.java-1.9.0-linux-x64/jre/17.0.3-linux-x86_64/lib/libjli.so
7f9fac85c000-7f9fac85d000 ---p 00010000 b6:7f7e1 1360                    /root/.vscode-server/extensions/redhat.java-1.9.0-linux-x64/jre/17.0.3-linux-x86_64/lib/libjli.so
7f9fac85d000-7f9fac85e000 r--p 00010000 b6:7f7e1 1360                    /root/.vscode-server/extensions/redhat.java-1.9.0-linux-x64/jre/17.0.3-linux-x86_64/lib/libjli.so
7f9fac85e000-7f9fac85f000 rw-p 00011000 b6:7f7e1 1360                    /root/.vscode-server/extensions/redhat.java-1.9.0-linux-x64/jre/17.0.3-linux-x86_64/lib/libjli.so
7f9fac85f000-7f9fac861000 r--p 00000000 b6:7f7e1 51                      /lib/x86_64-linux-gnu/libz.so.1.2.11
7f9fac861000-7f9fac872000 r-xp 00002000 b6:7f7e1 51                      /lib/x86_64-linux-gnu/libz.so.1.2.11
7f9fac872000-7f9fac878000 r--p 00013000 b6:7f7e1 51                      /lib/x86_64-linux-gnu/libz.so.1.2.11
7f9fac878000-7f9fac879000 ---p 00019000 b6:7f7e1 51                      /lib/x86_64-linux-gnu/libz.so.1.2.11
7f9fac879000-7f9fac87a000 r--p 00019000 b6:7f7e1 51                      /lib/x86_64-linux-gnu/libz.so.1.2.11
7f9fac87a000-7f9fac87b000 rw-p 0001a000 b6:7f7e1 51                      /lib/x86_64-linux-gnu/libz.so.1.2.11
7f9fac881000-7f9fac882000 ---p 00000000 00:00 0 
7f9fac882000-7f9fac883000 r--p 00000000 00:00 0 
7f9fac883000-7f9fac885000 rw-p 00000000 00:00 0 
7f9fac885000-7f9fac886000 r--p 00000000 b6:7f7e1 46                      /lib/x86_64-linux-gnu/ld-2.31.so
7f9fac886000-7f9fac8a9000 r-xp 00001000 b6:7f7e1 46                      /lib/x86_64-linux-gnu/ld-2.31.so
7f9fac8a9000-7f9fac8b1000 r--p 00024000 b6:7f7e1 46                      /lib/x86_64-linux-gnu/ld-2.31.so
7f9fac8b1000-7f9fac8b2000 ---p 00000000 00:00 0 
7f9fac8b2000-7f9fac8b3000 r--p 0002c000 b6:7f7e1 46                      /lib/x86_64-linux-gnu/ld-2.31.so
7f9fac8b3000-7f9fac8b4000 rw-p 0002d000 b6:7f7e1 46                      /lib/x86_64-linux-gnu/ld-2.31.so
7f9fac8b4000-7f9fac8b5000 rw-p 00000000 00:00 0 
7ffd9a41c000-7ffd9a43d000 rw-p 00000000 00:00 0                          [stack]
7ffd9a4ba000-7ffd9a4bc000 r-xp 00000000 00:00 0                          [vdso]
ffffffffff600000-ffffffffff601000 r-xp 00000000 00:00 0                  [vsyscall]


VM Arguments:
jvm_args: --add-modules=ALL-SYSTEM --add-opens=java.base/java.util=ALL-UNNAMED --add-opens=java.base/java.lang=ALL-UNNAMED --add-opens=java.base/sun.nio.fs=ALL-UNNAMED -Declipse.application=org.eclipse.jdt.ls.core.id1 -Dosgi.bundles.defaultStartLevel=4 -Declipse.product=org.eclipse.jdt.ls.core.product -Djava.import.generatesMetadataFilesAtProjectRoot=false -Dfile.encoding=utf8 -XX:+UseParallelGC -XX:GCTimeRatio=4 -XX:AdaptiveSizePolicyWeight=90 -Dsun.zip.disableMemoryMapping=true -Xmx1G -Xms100m -javaagent:/root/.vscode-server/extensions/redhat.java-1.9.0-linux-x64/lombok/lombok-1.18.24.jar -XX:+HeapDumpOnOutOfMemoryError -XX:HeapDumpPath=/root/.vscode-server/data/User/workspaceStorage/ed24cf8e6929699fd0aa1176f86d1279/redhat.java 
java_command: /root/.vscode-server/extensions/redhat.java-1.9.0-linux-x64/server/plugins/org.eclipse.equinox.launcher_1.6.400.v20210924-0641.jar -configuration /root/.vscode-server/data/User/globalStorage/redhat.java/1.9.0/config_linux -data /root/.vscode-server/data/User/workspaceStorage/ed24cf8e6929699fd0aa1176f86d1279/redhat.java/jdt_ws
java_class_path (initial): /root/.vscode-server/extensions/redhat.java-1.9.0-linux-x64/server/plugins/org.eclipse.equinox.launcher_1.6.400.v20210924-0641.jar
Launcher Type: SUN_STANDARD

[Global flags]
    uintx AdaptiveSizePolicyWeight                 = 90                                        {product} {command line}
     intx CICompilerCount                          = 2                                         {product} {ergonomic}
    uintx GCTimeRatio                              = 4                                         {product} {command line}
     bool HeapDumpOnOutOfMemoryError               = true                                   {manageable} {command line}
    ccstr HeapDumpPath                             = /root/.vscode-server/data/User/workspaceStorage/ed24cf8e6929699fd0aa1176f86d1279/redhat.java         {manageable} {command line}
   size_t InitialHeapSize                          = 104857600                                 {product} {command line}
   size_t MaxHeapSize                              = 1073741824                                {product} {command line}
   size_t MaxNewSize                               = 357564416                                 {product} {ergonomic}
   size_t MinHeapDeltaBytes                        = 524288                                    {product} {ergonomic}
   size_t MinHeapSize                              = 104857600                                 {product} {command line}
   size_t NewSize                                  = 34603008                                  {product} {ergonomic}
    uintx NonNMethodCodeHeapSize                   = 5826188                                {pd product} {ergonomic}
    uintx NonProfiledCodeHeapSize                  = 122916026                              {pd product} {ergonomic}
   size_t OldSize                                  = 70254592                                  {product} {ergonomic}
    uintx ProfiledCodeHeapSize                     = 122916026                              {pd product} {ergonomic}
    uintx ReservedCodeCacheSize                    = 251658240                              {pd product} {ergonomic}
     bool SegmentedCodeCache                       = true                                      {product} {ergonomic}
   size_t SoftMaxHeapSize                          = 1073741824                             {manageable} {ergonomic}
     bool UseCompressedClassPointers               = true                           {product lp64_product} {ergonomic}
     bool UseCompressedOops                        = true                           {product lp64_product} {ergonomic}
     bool UseParallelGC                            = true                                      {product} {command line}

Logging:
Log output configuration:
 #0: stdout all=warning uptime,level,tags
 #1: stderr all=off uptime,level,tags

Environment Variables:
PATH=/root/.vscode-server/bin/3b889b090b5ad5793f524b5d1d39fda662b96a2a/bin/remote-cli:/root/.nvm/versions/node/v16.15.1/bin:/usr/local/sbin:/usr/local/bin:/usr/sbin:/usr/bin:/sbin:/bin:/usr/games:/usr/local/games:/snap/bin
SHELL=/bin/bash

Signal Handlers:
   SIGSEGV: crash_handler in libjvm.so, mask=11100100010111111101111111111110, flags=SA_RESTART|SA_SIGINFO
    SIGBUS: crash_handler in libjvm.so, mask=11100100010111111101111111111110, flags=SA_RESTART|SA_SIGINFO
    SIGFPE: crash_handler in libjvm.so, mask=11100100010111111101111111111110, flags=SA_RESTART|SA_SIGINFO
   SIGPIPE: javaSignalHandler in libjvm.so, mask=11100100010111111101111111111110, flags=SA_RESTART|SA_SIGINFO
   SIGXFSZ: javaSignalHandler in libjvm.so, mask=11100100010111111101111111111110, flags=SA_RESTART|SA_SIGINFO
    SIGILL: crash_handler in libjvm.so, mask=11100100010111111101111111111110, flags=SA_RESTART|SA_SIGINFO
   SIGUSR2: SR_handler in libjvm.so, mask=00000000000000000000000000000000, flags=SA_RESTART|SA_SIGINFO
    SIGHUP: UserHandler in libjvm.so, mask=11100100010111111101111111111110, flags=SA_RESTART|SA_SIGINFO
    SIGINT: UserHandler in libjvm.so, mask=11100100010111111101111111111110, flags=SA_RESTART|SA_SIGINFO
   SIGTERM: UserHandler in libjvm.so, mask=11100100010111111101111111111110, flags=SA_RESTART|SA_SIGINFO
   SIGQUIT: UserHandler in libjvm.so, mask=11100100010111111101111111111110, flags=SA_RESTART|SA_SIGINFO
  *** Handler was modified!
  *** Expected: javaSignalHandler in libjvm.so, mask=11100100110111111111111111111110, flags=SA_RESTART|SA_SIGINFO
   SIGTRAP: crash_handler in libjvm.so, mask=11100100010111111101111111111110, flags=SA_RESTART|SA_SIGINFO


---------------  S Y S T E M  ---------------

OS:
DISTRIB_ID=Ubuntu
DISTRIB_RELEASE=20.04
DISTRIB_CODENAME=focal
DISTRIB_DESCRIPTION="Ubuntu 20.04.4 LTS"
uname: Linux 5.4.0 #1 SMP Tue Jan 25 12:49:12 MSK 2022 x86_64
OS uptime: 1 days 16:25 hours
libc: glibc 2.31 NPTL 2.31 
rlimit (soft/hard): STACK 8192k/infinity , CORE 0k/infinity , NPROC 62987/62987 , NOFILE 1048576/1048576 , AS infinity/infinity , CPU infinity/infinity , DATA infinity/infinity , FSIZE infinity/infinity , MEMLOCK 65536k/65536k
load average: 6.00 1.95 0.86

/proc/meminfo:
MemTotal:        1048576 kB
MemFree:             112 kB
MemAvailable:      23824 kB
Cached:             1572 kB
Buffers:               0 kB
Active:           479532 kB
Inactive:         468440 kB
Active(anon):     478856 kB
Inactive(anon):   467604 kB
Active(file):        676 kB
Inactive(file):      836 kB
Unevictable:           0 kB
Mlocked:               0 kB
SwapTotal:        262144 kB
SwapFree:              0 kB
Dirty:                 4 kB
Writeback:             0 kB
AnonPages:        946460 kB
Shmem:                24 kB
Slab:              75624 kB
SReclaimable:      22200 kB
SUnreclaim:        53424 kB

/sys/kernel/mm/transparent_hugepage/enabled: <Not Available>
/sys/kernel/mm/transparent_hugepage/defrag (defrag/compaction efforts parameter): <Not Available>

Process Memory:
Virtual Size: 3189016K (peak: 3243716K)
Resident Set Size: 283660K (peak: 283660K) (anon: 283660K, file: 0K, shmem: 0K)
Swapped out: 0K
C-Heap outstanding allocations: 41463K

/proc/sys/kernel/threads-max (system-wide limit on the number of threads): 4114962
/proc/sys/vm/max_map_count (maximum number of memory map areas a process may have): 65530
/proc/sys/kernel/pid_max (system-wide limit on number of process identifiers): 4194304

container (cgroup) information:
container_type: cgroupv1
cpu_cpuset_cpus: 0-47
cpu_memory_nodes: 0-1
active_processor_count: 1
cpu_quota: no quota
cpu_period: 100000
cpu_shares: no shares
memory_limit_in_bytes: 1073741824
memory_and_swap_limit_in_bytes: 1342177280
memory_soft_limit_in_bytes: unlimited
memory_usage_in_bytes: 1000390656
memory_max_usage_in_bytes: 1013379072
maximum number of tasks: unlimited
current number of tasks: 209

Steal ticks since vm start: 0
Steal ticks percentage since vm start:  0.000

CPU: total 1 (initial active 1) (12 cores per cpu, 2 threads per core) family 6 model 85 stepping 7 microcode 0x5003103, cx8, cmov, fxsr, ht, mmx, 3dnowpref, sse, sse2, sse3, ssse3, sse4.1, sse4.2, popcnt, lzcnt, tsc, tscinvbit, avx, avx2, aes, erms, clmul, bmi1, bmi2, rtm, adx, avx512f, avx512dq, avx512cd, avx512bw, avx512vl, fma, vzeroupper, avx512_vnni, clflush, clflushopt, clwb
CPU Model and flags from /proc/cpuinfo:
model name	: Intel(R) Xeon(R) Silver 4214 CPU @ 2.20GHz
flags		: fpu vme de pse tsc msr pae mce cx8 apic sep mtrr pge mca cmov pat pse36 clflush dts acpi mmx fxsr sse sse2 ss ht tm pbe syscall nx pdpe1gb rdtscp lm constant_tsc art arch_perfmon pebs bts rep_good nopl xtopology nonstop_tsc aperfmperf eagerfpu cpuid_faulting pni pclmulqdq dtes64 monitor ds_cpl vmx smx est tm2 ssse3 sdbg fma cx16 xtpr pdcm pcid dca sse4_1 sse4_2 x2apic movbe popcnt tsc_deadline_timer aes xsave avx f16c rdrand lahf_lm abm 3dnowprefetch epb cat_l3 cdp_l3 invpcid_single intel_ppin intel_pt ssbd mba ibrs ibpb stibp ibrs_enhanced tpr_shadow vnmi flexpriority ept vpid fsgsbase tsc_adjust bmi1 hle avx2 smep bmi2 erms invpcid rtm cqm mpx rdt_a avx512f avx512dq rdseed adx smap clflushopt clwb avx512cd avx512bw avx512vl xsaveopt xsavec xgetbv1 cqm_llc cqm_occup_llc cqm_mbm_total cqm_mbm_local dtherm ida arat pln pts hwp hwp_act_window hwp_epp hwp_pkg_req pku ospke avx512_vnni md_clear spec_ctrl intel_stibp flush_l1d arch_capabilities

Online cpus: 0
Offline cpus: 
BIOS frequency limitation: <Not Available>
Frequency switch latency (ns): <Not Available>
Available cpu frequencies: <Not Available>
Current governor: <Not Available>
Core performance/turbo boost: <Not Available>

Memory: 4k page, physical 1048576k(71600k free), swap 262144k(0k free)
Page Sizes: 4k

vm_info: OpenJDK 64-Bit Server VM (17.0.3+7) for linux-amd64 JRE (17.0.3+7), built on Apr 19 2022 21:30:15 by "" with gcc 10.3.0

END.
