#
# There is insufficient memory for the Java Runtime Environment to continue.
# Native memory allocation (mmap) failed to map 70254592 bytes for committing reserved memory.
# Possible reasons:
#   The system is out of physical RAM or swap space
#   The process is running with CompressedOops enabled, and the Java Heap may be blocking the growth of the native heap
# Possible solutions:
#   Reduce memory load on the system
#   Increase physical memory or swap space
#   Check if swap backing store is full
#   Decrease Java heap size (-Xmx/-Xms)
#   Decrease number of Java threads
#   Decrease Java thread stack sizes (-Xss)
#   Set larger code cache with -XX:ReservedCodeCacheSize=
#   JVM is running with Unscaled Compressed Oops mode in which the Java heap is
#     placed in the first 4GB address space. The Java Heap base address is the
#     maximum limit for the native heap growth. Please use -XX:HeapBaseMinAddress
#     to set the Java Heap base and to place the Java Heap above 4GB virtual address.
# This output file may be truncated or incomplete.
#
#  Out of Memory Error (os_linux.cpp:2760), pid=162993, tid=162996
#
# JRE version:  (17.0.3+7) (build )
# Java VM: OpenJDK 64-Bit Server VM (17.0.3+7, mixed mode, sharing, tiered, compressed oops, compressed class ptrs, parallel gc, linux-amd64)
# No core dump will be written. Core dumps have been disabled. To enable core dumping, try "ulimit -c unlimited" before starting Java again
#

---------------  S U M M A R Y ------------

Command Line: --add-modules=ALL-SYSTEM --add-opens=java.base/java.util=ALL-UNNAMED --add-opens=java.base/java.lang=ALL-UNNAMED --add-opens=java.base/sun.nio.fs=ALL-UNNAMED -Declipse.application=org.eclipse.jdt.ls.core.id1 -Dosgi.bundles.defaultStartLevel=4 -Declipse.product=org.eclipse.jdt.ls.core.product -Djava.import.generatesMetadataFilesAtProjectRoot=false -Dfile.encoding=utf8 -XX:+UseParallelGC -XX:GCTimeRatio=4 -XX:AdaptiveSizePolicyWeight=90 -Dsun.zip.disableMemoryMapping=true -Xmx1G -Xms100m -javaagent:/root/.vscode-server/extensions/redhat.java-1.9.0-linux-x64/lombok/lombok-1.18.24.jar /root/.vscode-server/extensions/redhat.java-1.9.0-linux-x64/server/plugins/org.eclipse.equinox.launcher_1.6.400.v20210924-0641.jar -configuration /root/.vscode-server/data/User/globalStorage/redhat.java/1.9.0/config_ss_linux -data /root/.vscode-server/data/User/workspaceStorage/9be0cb5b63e14dd25b2e08235df4d83d/redhat.java/ss_ws

Host: Intel(R) Xeon(R) Silver 4214 CPU @ 2.20GHz, 1 cores, 1G, Ubuntu 20.04.4 LTS
Time: Thu Jul 28 08:35:06 2022 UTC elapsed time: 0.167719 seconds (0d 0h 0m 0s)

---------------  T H R E A D  ---------------

Current thread (0x00007fa68c025a10):  JavaThread "Unknown thread" [_thread_in_vm, id=162996, stack(0x00007fa6923c7000,0x00007fa6924c8000)]

Stack: [0x00007fa6923c7000,0x00007fa6924c8000],  sp=0x00007fa6924c64d0,  free space=1021k
Native frames: (J=compiled Java code, j=interpreted, Vv=VM code, C=native code)
V  [libjvm.so+0xed4411]  VMError::report_and_die(int, char const*, char const*, __va_list_tag*, Thread*, unsigned char*, void*, void*, char const*, int, unsigned long)+0x1a1
V  [libjvm.so+0xed4fdd]  VMError::report_and_die(Thread*, char const*, int, unsigned long, VMErrorType, char const*, __va_list_tag*)+0x2d
V  [libjvm.so+0x602f33]  report_vm_out_of_memory(char const*, int, unsigned long, VMErrorType, char const*, ...)+0xc3
V  [libjvm.so+0xc0f489]  os::pd_commit_memory(char*, unsigned long, unsigned long, bool)+0xd9
V  [libjvm.so+0xc084ef]  os::commit_memory(char*, unsigned long, unsigned long, bool)+0x1f
V  [libjvm.so+0xc8a7ab]  PSVirtualSpace::expand_by(unsigned long)+0x4b
V  [libjvm.so+0xc78528]  PSOldGen::PSOldGen(ReservedSpace, unsigned long, unsigned long, unsigned long, char const*, int)+0x128
V  [libjvm.so+0xc2ec9a]  ParallelScavengeHeap::initialize()+0x27a
V  [libjvm.so+0xe82bc2]  universe_init()+0xd2
V  [libjvm.so+0x7f4ca7]  init_globals()+0x37
V  [libjvm.so+0xe59db0]  Threads::create_vm(JavaVMInitArgs*, bool*)+0x3a0
V  [libjvm.so+0x8b1212]  JNI_CreateJavaVM+0x52
C  [libjli.so+0x4a1f]  JavaMain+0x8f
C  [libjli.so+0x8e79]  ThreadJavaMain+0x9


---------------  P R O C E S S  ---------------

Threads class SMR info:
_java_thread_list=0x00007fa693950360, length=0, elements={
}

Java Threads: ( => current thread )

Other Threads:
  0x00007fa68c03c750 GCTaskThread "GC Thread#0" [stack: 0x00007fa691e72000,0x00007fa691f72000] [id=162997]

=>0x00007fa68c025a10 (exited) JavaThread "Unknown thread" [_thread_in_vm, id=162996, stack(0x00007fa6923c7000,0x00007fa6924c8000)]

Threads with active compile tasks:

VM state: not at safepoint (not fully initialized)

VM Mutex/Monitor currently owned by a thread: None

Heap address: 0x00000000c0000000, size: 1024 MB, Compressed Oops mode: 32-bit

CDS archive(s) mapped at: [0x0000000000000000-0x0000000000000000-0x0000000000000000), size 0, SharedBaseAddress: 0x0000000800000000, ArchiveRelocationMode: 0.
Narrow klass base: 0x0000000000000000, Narrow klass shift: 0, Narrow klass range: 0x0

GC Precious Log:
<Empty>

Heap:
 PSYoungGen      total 29696K, used 0K [0x00000000eab00000, 0x00000000ecc00000, 0x0000000100000000)
  eden space 25600K, 0% used [0x00000000eab00000,0x00000000eab00000,0x00000000ec400000)
  from space 4096K, 0% used [0x00000000ec800000,0x00000000ec800000,0x00000000ecc00000)
  to   space 4096K, 0% used [0x00000000ec400000,0x00000000ec400000,0x00000000ec800000)

[error occurred during error reporting (printing heap information), id 0xb, SIGSEGV (0xb) at pc=0x00007fa6932d45ca]

GC Heap History (0 events):
No events

Deoptimization events (0 events):
No events

Classes unloaded (0 events):
No events

Classes redefined (0 events):
No events

Internal exceptions (0 events):
No events

VM Operations (0 events):
No events

Events (2 events):
Event: 0.080 Protecting memory [0x00007fa6923c7000,0x00007fa6923cb000] with protection modes 0
Event: 0.087 Loaded shared library /root/.vscode-server/extensions/redhat.java-1.9.0-linux-x64/jre/17.0.3-linux-x86_64/lib/libjava.so


Dynamic libraries:
c4300000-eab00000 ---p 00000000 00:00 0 
eab00000-ecc00000 rw-p 00000000 00:00 0 
ecc00000-100000000 ---p 00000000 00:00 0 
55d33c90a000-55d33c90b000 r--p 00000000 b6:7f7e1 606                     /root/.vscode-server/extensions/redhat.java-1.9.0-linux-x64/jre/17.0.3-linux-x86_64/bin/java
55d33c90b000-55d33c90c000 r-xp 00001000 b6:7f7e1 606                     /root/.vscode-server/extensions/redhat.java-1.9.0-linux-x64/jre/17.0.3-linux-x86_64/bin/java
55d33c90c000-55d33c90d000 r--p 00002000 b6:7f7e1 606                     /root/.vscode-server/extensions/redhat.java-1.9.0-linux-x64/jre/17.0.3-linux-x86_64/bin/java
55d33c90d000-55d33c90e000 r--p 00002000 b6:7f7e1 606                     /root/.vscode-server/extensions/redhat.java-1.9.0-linux-x64/jre/17.0.3-linux-x86_64/bin/java
55d33c90e000-55d33c90f000 rw-p 00003000 b6:7f7e1 606                     /root/.vscode-server/extensions/redhat.java-1.9.0-linux-x64/jre/17.0.3-linux-x86_64/bin/java
55d33cb00000-55d33cb21000 rw-p 00000000 00:00 0                          [heap]
7fa674000000-7fa674021000 rw-p 00000000 00:00 0 
7fa674021000-7fa678000000 ---p 00000000 00:00 0 
7fa67a3f2000-7fa67a662000 rwxp 00000000 00:00 0 
7fa67a662000-7fa67a981000 ---p 00000000 00:00 0 
7fa67a981000-7fa67abf1000 rwxp 00000000 00:00 0 
7fa67abf1000-7fa681eb9000 ---p 00000000 00:00 0 
7fa681eb9000-7fa682129000 rwxp 00000000 00:00 0 
7fa682129000-7fa6893f2000 ---p 00000000 00:00 0 
7fa6893f2000-7fa68c000000 r--s 00000000 b6:7f7e1 1377                    /root/.vscode-server/extensions/redhat.java-1.9.0-linux-x64/jre/17.0.3-linux-x86_64/lib/modules
7fa68c000000-7fa68c04a000 rw-p 00000000 00:00 0 
7fa68c04a000-7fa690000000 ---p 00000000 00:00 0 
7fa691a85000-7fa691e70000 rw-p 00000000 00:00 0 
7fa691e70000-7fa691e71000 ---p 00000000 00:00 0 
7fa691e71000-7fa691f72000 rw-p 00000000 00:00 0 
7fa691f72000-7fa6920c7000 ---p 00000000 00:00 0 
7fa6920c7000-7fa6920d8000 rw-p 00000000 00:00 0 
7fa6920d8000-7fa692172000 ---p 00000000 00:00 0 
7fa692172000-7fa692178000 rw-p 00000000 00:00 0 
7fa692178000-7fa69225e000 ---p 00000000 00:00 0 
7fa69225e000-7fa692263000 rw-p 00000000 00:00 0 
7fa692263000-7fa692349000 ---p 00000000 00:00 0 
7fa692349000-7fa69234e000 rw-p 00000000 00:00 0 
7fa69234e000-7fa692355000 ---p 00000000 00:00 0 
7fa692355000-7fa692358000 r--p 00000000 b6:7f7e1 247                     /lib/x86_64-linux-gnu/libnss_files-2.31.so
7fa692358000-7fa69235f000 r-xp 00003000 b6:7f7e1 247                     /lib/x86_64-linux-gnu/libnss_files-2.31.so
7fa69235f000-7fa692361000 r--p 0000a000 b6:7f7e1 247                     /lib/x86_64-linux-gnu/libnss_files-2.31.so
7fa692361000-7fa692362000 r--p 0000b000 b6:7f7e1 247                     /lib/x86_64-linux-gnu/libnss_files-2.31.so
7fa692362000-7fa692363000 rw-p 0000c000 b6:7f7e1 247                     /lib/x86_64-linux-gnu/libnss_files-2.31.so
7fa692363000-7fa692369000 rw-p 00000000 00:00 0 
7fa692369000-7fa692371000 rw-s 00000000 b6:7f7e1 677906                  /tmp/hsperfdata_root/162993
7fa692371000-7fa69237e000 r--p 00000000 b6:7f7e1 1355                    /root/.vscode-server/extensions/redhat.java-1.9.0-linux-x64/jre/17.0.3-linux-x86_64/lib/libjava.so
7fa69237e000-7fa692390000 r-xp 0000d000 b6:7f7e1 1355                    /root/.vscode-server/extensions/redhat.java-1.9.0-linux-x64/jre/17.0.3-linux-x86_64/lib/libjava.so
7fa692390000-7fa692396000 r--p 0001f000 b6:7f7e1 1355                    /root/.vscode-server/extensions/redhat.java-1.9.0-linux-x64/jre/17.0.3-linux-x86_64/lib/libjava.so
7fa692396000-7fa692397000 ---p 00025000 b6:7f7e1 1355                    /root/.vscode-server/extensions/redhat.java-1.9.0-linux-x64/jre/17.0.3-linux-x86_64/lib/libjava.so
7fa692397000-7fa692398000 r--p 00025000 b6:7f7e1 1355                    /root/.vscode-server/extensions/redhat.java-1.9.0-linux-x64/jre/17.0.3-linux-x86_64/lib/libjava.so
7fa692398000-7fa692399000 rw-p 00026000 b6:7f7e1 1355                    /root/.vscode-server/extensions/redhat.java-1.9.0-linux-x64/jre/17.0.3-linux-x86_64/lib/libjava.so
7fa692399000-7fa69239a000 rw-p 00000000 00:00 0 
7fa69239a000-7fa69239c000 r--p 00000000 b6:7f7e1 1350                    /root/.vscode-server/extensions/redhat.java-1.9.0-linux-x64/jre/17.0.3-linux-x86_64/lib/libinstrument.so
7fa69239c000-7fa6923a2000 r-xp 00002000 b6:7f7e1 1350                    /root/.vscode-server/extensions/redhat.java-1.9.0-linux-x64/jre/17.0.3-linux-x86_64/lib/libinstrument.so
7fa6923a2000-7fa6923a5000 r--p 00008000 b6:7f7e1 1350                    /root/.vscode-server/extensions/redhat.java-1.9.0-linux-x64/jre/17.0.3-linux-x86_64/lib/libinstrument.so
7fa6923a5000-7fa6923a6000 r--p 0000a000 b6:7f7e1 1350                    /root/.vscode-server/extensions/redhat.java-1.9.0-linux-x64/jre/17.0.3-linux-x86_64/lib/libinstrument.so
7fa6923a6000-7fa6923a7000 rw-p 0000b000 b6:7f7e1 1350                    /root/.vscode-server/extensions/redhat.java-1.9.0-linux-x64/jre/17.0.3-linux-x86_64/lib/libinstrument.so
7fa6923a7000-7fa6923ab000 r--p 00000000 b6:7f7e1 1359                    /root/.vscode-server/extensions/redhat.java-1.9.0-linux-x64/jre/17.0.3-linux-x86_64/lib/libjimage.so
7fa6923ab000-7fa6923be000 r-xp 00004000 b6:7f7e1 1359                    /root/.vscode-server/extensions/redhat.java-1.9.0-linux-x64/jre/17.0.3-linux-x86_64/lib/libjimage.so
7fa6923be000-7fa6923c4000 r--p 00017000 b6:7f7e1 1359                    /root/.vscode-server/extensions/redhat.java-1.9.0-linux-x64/jre/17.0.3-linux-x86_64/lib/libjimage.so
7fa6923c4000-7fa6923c6000 r--p 0001c000 b6:7f7e1 1359                    /root/.vscode-server/extensions/redhat.java-1.9.0-linux-x64/jre/17.0.3-linux-x86_64/lib/libjimage.so
7fa6923c6000-7fa6923c7000 rw-p 0001e000 b6:7f7e1 1359                    /root/.vscode-server/extensions/redhat.java-1.9.0-linux-x64/jre/17.0.3-linux-x86_64/lib/libjimage.so
7fa6923c7000-7fa6923cb000 ---p 00000000 00:00 0 
7fa6923cb000-7fa6924c8000 rw-p 00000000 00:00 0 
7fa6924c8000-7fa6924d5000 r--p 00000000 b6:7f7e1 184                     /lib/x86_64-linux-gnu/libm-2.31.so
7fa6924d5000-7fa69257c000 r-xp 0000d000 b6:7f7e1 184                     /lib/x86_64-linux-gnu/libm-2.31.so
7fa69257c000-7fa692615000 r--p 000b4000 b6:7f7e1 184                     /lib/x86_64-linux-gnu/libm-2.31.so
7fa692615000-7fa692616000 r--p 0014c000 b6:7f7e1 184                     /lib/x86_64-linux-gnu/libm-2.31.so
7fa692616000-7fa692617000 rw-p 0014d000 b6:7f7e1 184                     /lib/x86_64-linux-gnu/libm-2.31.so
7fa692617000-7fa692619000 r--p 00000000 b6:7f7e1 259                     /lib/x86_64-linux-gnu/librt-2.31.so
7fa692619000-7fa69261d000 r-xp 00002000 b6:7f7e1 259                     /lib/x86_64-linux-gnu/librt-2.31.so
7fa69261d000-7fa69261f000 r--p 00006000 b6:7f7e1 259                     /lib/x86_64-linux-gnu/librt-2.31.so
7fa69261f000-7fa692620000 r--p 00007000 b6:7f7e1 259                     /lib/x86_64-linux-gnu/librt-2.31.so
7fa692620000-7fa692621000 rw-p 00008000 b6:7f7e1 259                     /lib/x86_64-linux-gnu/librt-2.31.so
7fa692621000-7fa692872000 r--p 00000000 b6:7f7e1 1505                    /root/.vscode-server/extensions/redhat.java-1.9.0-linux-x64/jre/17.0.3-linux-x86_64/lib/server/libjvm.so
7fa692872000-7fa693587000 r-xp 00251000 b6:7f7e1 1505                    /root/.vscode-server/extensions/redhat.java-1.9.0-linux-x64/jre/17.0.3-linux-x86_64/lib/server/libjvm.so
7fa693587000-7fa693812000 r--p 00f66000 b6:7f7e1 1505                    /root/.vscode-server/extensions/redhat.java-1.9.0-linux-x64/jre/17.0.3-linux-x86_64/lib/server/libjvm.so
7fa693812000-7fa693813000 ---p 011f1000 b6:7f7e1 1505                    /root/.vscode-server/extensions/redhat.java-1.9.0-linux-x64/jre/17.0.3-linux-x86_64/lib/server/libjvm.so
7fa693813000-7fa6938cc000 r--p 011f1000 b6:7f7e1 1505                    /root/.vscode-server/extensions/redhat.java-1.9.0-linux-x64/jre/17.0.3-linux-x86_64/lib/server/libjvm.so
7fa6938cc000-7fa693901000 rw-p 012aa000 b6:7f7e1 1505                    /root/.vscode-server/extensions/redhat.java-1.9.0-linux-x64/jre/17.0.3-linux-x86_64/lib/server/libjvm.so
7fa693901000-7fa69395c000 rw-p 00000000 00:00 0 
7fa69395c000-7fa69397e000 r--p 00000000 b6:7f7e1 120                     /lib/x86_64-linux-gnu/libc-2.31.so
7fa69397e000-7fa693af6000 r-xp 00022000 b6:7f7e1 120                     /lib/x86_64-linux-gnu/libc-2.31.so
7fa693af6000-7fa693b44000 r--p 0019a000 b6:7f7e1 120                     /lib/x86_64-linux-gnu/libc-2.31.so
7fa693b44000-7fa693b48000 r--p 001e7000 b6:7f7e1 120                     /lib/x86_64-linux-gnu/libc-2.31.so
7fa693b48000-7fa693b4a000 rw-p 001eb000 b6:7f7e1 120                     /lib/x86_64-linux-gnu/libc-2.31.so
7fa693b4a000-7fa693b4e000 rw-p 00000000 00:00 0 
7fa693b4e000-7fa693b4f000 r--p 00000000 b6:7f7e1 163                     /lib/x86_64-linux-gnu/libdl-2.31.so
7fa693b4f000-7fa693b51000 r-xp 00001000 b6:7f7e1 163                     /lib/x86_64-linux-gnu/libdl-2.31.so
7fa693b51000-7fa693b52000 r--p 00003000 b6:7f7e1 163                     /lib/x86_64-linux-gnu/libdl-2.31.so
7fa693b52000-7fa693b53000 r--p 00003000 b6:7f7e1 163                     /lib/x86_64-linux-gnu/libdl-2.31.so
7fa693b53000-7fa693b54000 rw-p 00004000 b6:7f7e1 163                     /lib/x86_64-linux-gnu/libdl-2.31.so
7fa693b54000-7fa693b5a000 r--p 00000000 b6:7f7e1 254                     /lib/x86_64-linux-gnu/libpthread-2.31.so
7fa693b5a000-7fa693b6b000 r-xp 00006000 b6:7f7e1 254                     /lib/x86_64-linux-gnu/libpthread-2.31.so
7fa693b6b000-7fa693b71000 r--p 00017000 b6:7f7e1 254                     /lib/x86_64-linux-gnu/libpthread-2.31.so
7fa693b71000-7fa693b72000 r--p 0001c000 b6:7f7e1 254                     /lib/x86_64-linux-gnu/libpthread-2.31.so
7fa693b72000-7fa693b73000 rw-p 0001d000 b6:7f7e1 254                     /lib/x86_64-linux-gnu/libpthread-2.31.so
7fa693b73000-7fa693b77000 rw-p 00000000 00:00 0 
7fa693b77000-7fa693b7a000 r--p 00000000 b6:7f7e1 1360                    /root/.vscode-server/extensions/redhat.java-1.9.0-linux-x64/jre/17.0.3-linux-x86_64/lib/libjli.so
7fa693b7a000-7fa693b84000 r-xp 00003000 b6:7f7e1 1360                    /root/.vscode-server/extensions/redhat.java-1.9.0-linux-x64/jre/17.0.3-linux-x86_64/lib/libjli.so
7fa693b84000-7fa693b87000 r--p 0000d000 b6:7f7e1 1360                    /root/.vscode-server/extensions/redhat.java-1.9.0-linux-x64/jre/17.0.3-linux-x86_64/lib/libjli.so
7fa693b87000-7fa693b88000 ---p 00010000 b6:7f7e1 1360                    /root/.vscode-server/extensions/redhat.java-1.9.0-linux-x64/jre/17.0.3-linux-x86_64/lib/libjli.so
7fa693b88000-7fa693b89000 r--p 00010000 b6:7f7e1 1360                    /root/.vscode-server/extensions/redhat.java-1.9.0-linux-x64/jre/17.0.3-linux-x86_64/lib/libjli.so
7fa693b89000-7fa693b8a000 rw-p 00011000 b6:7f7e1 1360                    /root/.vscode-server/extensions/redhat.java-1.9.0-linux-x64/jre/17.0.3-linux-x86_64/lib/libjli.so
7fa693b8a000-7fa693b8c000 r--p 00000000 b6:7f7e1 51                      /lib/x86_64-linux-gnu/libz.so.1.2.11
7fa693b8c000-7fa693b9d000 r-xp 00002000 b6:7f7e1 51                      /lib/x86_64-linux-gnu/libz.so.1.2.11
7fa693b9d000-7fa693ba3000 r--p 00013000 b6:7f7e1 51                      /lib/x86_64-linux-gnu/libz.so.1.2.11
7fa693ba3000-7fa693ba4000 ---p 00019000 b6:7f7e1 51                      /lib/x86_64-linux-gnu/libz.so.1.2.11
7fa693ba4000-7fa693ba5000 r--p 00019000 b6:7f7e1 51                      /lib/x86_64-linux-gnu/libz.so.1.2.11
7fa693ba5000-7fa693ba6000 rw-p 0001a000 b6:7f7e1 51                      /lib/x86_64-linux-gnu/libz.so.1.2.11
7fa693bac000-7fa693bad000 ---p 00000000 00:00 0 
7fa693bad000-7fa693bae000 r--p 00000000 00:00 0 
7fa693bae000-7fa693bb0000 rw-p 00000000 00:00 0 
7fa693bb0000-7fa693bb1000 r--p 00000000 b6:7f7e1 46                      /lib/x86_64-linux-gnu/ld-2.31.so
7fa693bb1000-7fa693bd4000 r-xp 00001000 b6:7f7e1 46                      /lib/x86_64-linux-gnu/ld-2.31.so
7fa693bd4000-7fa693bdc000 r--p 00024000 b6:7f7e1 46                      /lib/x86_64-linux-gnu/ld-2.31.so
7fa693bdc000-7fa693bdd000 ---p 00000000 00:00 0 
7fa693bdd000-7fa693bde000 r--p 0002c000 b6:7f7e1 46                      /lib/x86_64-linux-gnu/ld-2.31.so
7fa693bde000-7fa693bdf000 rw-p 0002d000 b6:7f7e1 46                      /lib/x86_64-linux-gnu/ld-2.31.so
7fa693bdf000-7fa693be0000 rw-p 00000000 00:00 0 
7ffd5c78c000-7ffd5c7ad000 rw-p 00000000 00:00 0                          [stack]
7ffd5c7bd000-7ffd5c7bf000 r-xp 00000000 00:00 0                          [vdso]
ffffffffff600000-ffffffffff601000 r-xp 00000000 00:00 0                  [vsyscall]


VM Arguments:
jvm_args: --add-modules=ALL-SYSTEM --add-opens=java.base/java.util=ALL-UNNAMED --add-opens=java.base/java.lang=ALL-UNNAMED --add-opens=java.base/sun.nio.fs=ALL-UNNAMED -Declipse.application=org.eclipse.jdt.ls.core.id1 -Dosgi.bundles.defaultStartLevel=4 -Declipse.product=org.eclipse.jdt.ls.core.product -Djava.import.generatesMetadataFilesAtProjectRoot=false -Dfile.encoding=utf8 -XX:+UseParallelGC -XX:GCTimeRatio=4 -XX:AdaptiveSizePolicyWeight=90 -Dsun.zip.disableMemoryMapping=true -Xmx1G -Xms100m -javaagent:/root/.vscode-server/extensions/redhat.java-1.9.0-linux-x64/lombok/lombok-1.18.24.jar 
java_command: /root/.vscode-server/extensions/redhat.java-1.9.0-linux-x64/server/plugins/org.eclipse.equinox.launcher_1.6.400.v20210924-0641.jar -configuration /root/.vscode-server/data/User/globalStorage/redhat.java/1.9.0/config_ss_linux -data /root/.vscode-server/data/User/workspaceStorage/9be0cb5b63e14dd25b2e08235df4d83d/redhat.java/ss_ws
java_class_path (initial): /root/.vscode-server/extensions/redhat.java-1.9.0-linux-x64/server/plugins/org.eclipse.equinox.launcher_1.6.400.v20210924-0641.jar
Launcher Type: SUN_STANDARD

[Global flags]
    uintx AdaptiveSizePolicyWeight                 = 90                                        {product} {command line}
     intx CICompilerCount                          = 2                                         {product} {ergonomic}
    uintx GCTimeRatio                              = 4                                         {product} {command line}
   size_t InitialHeapSize                          = 104857600                                 {product} {command line}
   size_t MaxHeapSize                              = 1073741824                                {product} {command line}
   size_t MaxNewSize                               = 357564416                                 {product} {ergonomic}
   size_t MinHeapDeltaBytes                        = 524288                                    {product} {ergonomic}
   size_t MinHeapSize                              = 104857600                                 {product} {command line}
   size_t NewSize                                  = 34603008                                  {product} {ergonomic}
    uintx NonNMethodCodeHeapSize                   = 5826188                                {pd product} {ergonomic}
    uintx NonProfiledCodeHeapSize                  = 122916026                              {pd product} {ergonomic}
   size_t OldSize                                  = 70254592                                  {product} {ergonomic}
    uintx ProfiledCodeHeapSize                     = 122916026                              {pd product} {ergonomic}
    uintx ReservedCodeCacheSize                    = 251658240                              {pd product} {ergonomic}
     bool SegmentedCodeCache                       = true                                      {product} {ergonomic}
   size_t SoftMaxHeapSize                          = 1073741824                             {manageable} {ergonomic}
     bool UseCompressedClassPointers               = true                           {product lp64_product} {ergonomic}
     bool UseCompressedOops                        = true                           {product lp64_product} {ergonomic}
     bool UseParallelGC                            = true                                      {product} {command line}

Logging:
Log output configuration:
 #0: stdout all=warning uptime,level,tags
 #1: stderr all=off uptime,level,tags

Environment Variables:
PATH=/root/.vscode-server/bin/b06ae3b2d2dbfe28bca3134cc6be65935cdfea6a/bin/remote-cli:/root/.nvm/versions/node/v16.15.1/bin:/usr/local/sbin:/usr/local/bin:/usr/sbin:/usr/bin:/sbin:/bin:/usr/games:/usr/local/games:/snap/bin
SHELL=/bin/bash

Signal Handlers:
   SIGSEGV: crash_handler in libjvm.so, mask=11100100010111111101111111111110, flags=SA_RESTART|SA_SIGINFO
    SIGBUS: crash_handler in libjvm.so, mask=11100100010111111101111111111110, flags=SA_RESTART|SA_SIGINFO
    SIGFPE: crash_handler in libjvm.so, mask=11100100010111111101111111111110, flags=SA_RESTART|SA_SIGINFO
   SIGPIPE: javaSignalHandler in libjvm.so, mask=11100100010111111101111111111110, flags=SA_RESTART|SA_SIGINFO
   SIGXFSZ: javaSignalHandler in libjvm.so, mask=11100100010111111101111111111110, flags=SA_RESTART|SA_SIGINFO
    SIGILL: crash_handler in libjvm.so, mask=11100100010111111101111111111110, flags=SA_RESTART|SA_SIGINFO
   SIGUSR2: SR_handler in libjvm.so, mask=00000000000000000000000000000000, flags=SA_RESTART|SA_SIGINFO
    SIGHUP: SIG_DFL, mask=00000000000000000000000000000000, flags=none
    SIGINT: SIG_DFL, mask=00000000000000000000000000000000, flags=none
   SIGTERM: SIG_DFL, mask=00000000000000000000000000000000, flags=none
   SIGQUIT: javaSignalHandler in libjvm.so, mask=11100100010111111101111111111110, flags=SA_RESTART|SA_SIGINFO
   SIGTRAP: crash_handler in libjvm.so, mask=11100100010111111101111111111110, flags=SA_RESTART|SA_SIGINFO


---------------  S Y S T E M  ---------------

OS:
DISTRIB_ID=Ubuntu
DISTRIB_RELEASE=20.04
DISTRIB_CODENAME=focal
DISTRIB_DESCRIPTION="Ubuntu 20.04.4 LTS"
uname: Linux 5.4.0 #1 SMP Tue Jan 25 12:49:12 MSK 2022 x86_64
OS uptime: 0 days 19:48 hours
libc: glibc 2.31 NPTL 2.31 
rlimit (soft/hard): STACK 8192k/infinity , CORE 0k/infinity , NPROC 62987/62987 , NOFILE 1048576/1048576 , AS infinity/infinity , CPU infinity/infinity , DATA infinity/infinity , FSIZE infinity/infinity , MEMLOCK 65536k/65536k
load average: 0.37 0.10 0.07

/proc/meminfo:
MemTotal:        1048576 kB
MemFree:              40 kB
MemAvailable:      54112 kB
Cached:            33096 kB
Buffers:               0 kB
Active:           488476 kB
Inactive:         469764 kB
Active(anon):     469884 kB
Inactive(anon):   455348 kB
Active(file):      18592 kB
Inactive(file):    14416 kB
Unevictable:           0 kB
Mlocked:               0 kB
SwapTotal:        262144 kB
SwapFree:              0 kB
Dirty:                 4 kB
Writeback:             0 kB
AnonPages:        925232 kB
Shmem:                40 kB
Slab:              66000 kB
SReclaimable:      21064 kB
SUnreclaim:        44936 kB

/sys/kernel/mm/transparent_hugepage/enabled: <Not Available>
/sys/kernel/mm/transparent_hugepage/defrag (defrag/compaction efforts parameter): <Not Available>

Process Memory:
Virtual Size: 1436336K (peak: 1566468K)
Resident Set Size: 8808K (peak: 11888K) (anon: 5796K, file: 3012K, shmem: 0K)
Swapped out: 0K
C-Heap outstanding allocations: 389K

/proc/sys/kernel/threads-max (system-wide limit on the number of threads): 4114962
/proc/sys/vm/max_map_count (maximum number of memory map areas a process may have): 65530
/proc/sys/kernel/pid_max (system-wide limit on number of process identifiers): 4194304

container (cgroup) information:
container_type: cgroupv1
cpu_cpuset_cpus: 0-47
cpu_memory_nodes: 0-1
active_processor_count: 1
cpu_quota: no quota
cpu_period: 100000
cpu_shares: no shares
memory_limit_in_bytes: 1073741824
memory_and_swap_limit_in_bytes: 1342177280
memory_soft_limit_in_bytes: unlimited
memory_usage_in_bytes: 234934272
memory_max_usage_in_bytes: 235376640
maximum number of tasks: unlimited
current number of tasks: 75

Steal ticks since vm start: 0
Steal ticks percentage since vm start:  0.000

CPU: total 1 (initial active 1) (12 cores per cpu, 2 threads per core) family 6 model 85 stepping 7 microcode 0x5003103, cx8, cmov, fxsr, ht, mmx, 3dnowpref, sse, sse2, sse3, ssse3, sse4.1, sse4.2, popcnt, lzcnt, tsc, tscinvbit, avx, avx2, aes, erms, clmul, bmi1, bmi2, rtm, adx, avx512f, avx512dq, avx512cd, avx512bw, avx512vl, fma, vzeroupper, avx512_vnni, clflush, clflushopt, clwb
CPU Model and flags from /proc/cpuinfo:
model name	: Intel(R) Xeon(R) Silver 4214 CPU @ 2.20GHz
flags		: fpu vme de pse tsc msr pae mce cx8 apic sep mtrr pge mca cmov pat pse36 clflush dts acpi mmx fxsr sse sse2 ss ht tm pbe syscall nx pdpe1gb rdtscp lm constant_tsc art arch_perfmon pebs bts rep_good nopl xtopology nonstop_tsc aperfmperf eagerfpu cpuid_faulting pni pclmulqdq dtes64 monitor ds_cpl vmx smx est tm2 ssse3 sdbg fma cx16 xtpr pdcm pcid dca sse4_1 sse4_2 x2apic movbe popcnt tsc_deadline_timer aes xsave avx f16c rdrand lahf_lm abm 3dnowprefetch epb cat_l3 cdp_l3 invpcid_single intel_ppin intel_pt ssbd mba ibrs ibpb stibp ibrs_enhanced tpr_shadow vnmi flexpriority ept vpid fsgsbase tsc_adjust bmi1 hle avx2 smep bmi2 erms invpcid rtm cqm mpx rdt_a avx512f avx512dq rdseed adx smap clflushopt clwb avx512cd avx512bw avx512vl xsaveopt xsavec xgetbv1 cqm_llc cqm_occup_llc cqm_mbm_total cqm_mbm_local dtherm ida arat pln pts hwp hwp_act_window hwp_epp hwp_pkg_req pku ospke avx512_vnni md_clear spec_ctrl intel_stibp flush_l1d arch_capabilities

Online cpus: 0
Offline cpus: 
BIOS frequency limitation: <Not Available>
Frequency switch latency (ns): <Not Available>
Available cpu frequencies: <Not Available>
Current governor: <Not Available>
Core performance/turbo boost: <Not Available>

Memory: 4k page, physical 1048576k(819144k free), swap 262144k(0k free)
Page Sizes: 4k

vm_info: OpenJDK 64-Bit Server VM (17.0.3+7) for linux-amd64 JRE (17.0.3+7), built on Apr 19 2022 21:30:15 by "" with gcc 10.3.0

END.
